2025-10-20 06:49:52,218 [INFO] üöÄ Iniciando execu√ß√£o completa do Orchestrator...
2025-10-20 06:49:52,218 [INFO] 
--- Iniciando execu√ß√£o: itau-main.py ---
2025-10-20 06:50:18,145 [INFO] ‚è±Ô∏è Dura√ß√£o de itau-main.py: 25.93s
2025-10-20 06:51:12,851 [INFO] üöÄ Iniciando execu√ß√£o completa do Orchestrator...
2025-10-20 06:51:12,851 [INFO] 
--- Iniciando execu√ß√£o: itau-main.py ---
2025-10-20 07:15:41,838 [ERROR] ‚ùå Erro ao executar itau-main.py: Message: Element <span id="seta-direita-ni" class="icon-itaufonts_seta_right cursor-pointer"> is not clickable at point (1108,84) because another element <div class="cdk-overlay-backdrop cdk-overlay-dark-backdrop cdk-overlay-backdrop-showing"> obscures it; For documentation on this error, please visit: https://www.selenium.dev/documentation/webdriver/troubleshooting/errors#elementclickinterceptedexception
Stacktrace:
RemoteError@chrome://remote/content/shared/RemoteError.sys.mjs:8:8
WebDriverError@chrome://remote/content/shared/webdriver/Errors.sys.mjs:202:5
ElementClickInterceptedError@chrome://remote/content/shared/webdriver/Errors.sys.mjs:354:5
webdriverClickElement@chrome://remote/content/marionette/interaction.sys.mjs:175:11
interaction.clickElement@chrome://remote/content/marionette/interaction.sys.mjs:134:11
clickElement@chrome://remote/content/marionette/actors/MarionetteCommandsChild.sys.mjs:327:29
receiveMessage@chrome://remote/content/marionette/actors/MarionetteCommandsChild.sys.mjs:210:31

2025-10-20 07:15:41,848 [ERROR] Traceback (most recent call last):
  File "C:\Users\hudson.porto\OneDrive - Grupo Imerge\RPA\selenium-rpa\app\run_all.py", line 66, in run_script_rel
    ns = runpy.run_path(str(full), run_name="__main__")
         ^^^^^^^^^^^^^^^^^^^^^^^^^^^^^^^^^^^^^^^^^^^^^^
  File "<frozen runpy>", line 286, in run_path
  File "<frozen runpy>", line 98, in _run_module_code
  File "<frozen runpy>", line 88, in _run_code
  File "C:\Users\hudson.porto\OneDrive - Grupo Imerge\RPA\selenium-rpa\app\itau-main.py", line 280, in <module>
    WebDriverWait(driver, 20).until(EC.presence_of_element_located((By.ID, "seta-direita-ni"))).click()
  File "C:\Users\hudson.porto\OneDrive - Grupo Imerge\RPA\selenium-rpa\.venv\Lib\site-packages\selenium\webdriver\remote\webelement.py", line 120, in click
    self._execute(Command.CLICK_ELEMENT)
  File "C:\Users\hudson.porto\OneDrive - Grupo Imerge\RPA\selenium-rpa\.venv\Lib\site-packages\selenium\webdriver\remote\webelement.py", line 573, in _execute
    return self._parent.execute(command, params)
           ^^^^^^^^^^^^^^^^^^^^^^^^^^^^^^^^^^^^^
  File "C:\Users\hudson.porto\OneDrive - Grupo Imerge\RPA\selenium-rpa\.venv\Lib\site-packages\selenium\webdriver\remote\webdriver.py", line 458, in execute
    self.error_handler.check_response(response)
  File "C:\Users\hudson.porto\OneDrive - Grupo Imerge\RPA\selenium-rpa\.venv\Lib\site-packages\selenium\webdriver\remote\errorhandler.py", line 232, in check_response
    raise exception_class(message, screen, stacktrace)
selenium.common.exceptions.ElementClickInterceptedException: Message: Element <span id="seta-direita-ni" class="icon-itaufonts_seta_right cursor-pointer"> is not clickable at point (1108,84) because another element <div class="cdk-overlay-backdrop cdk-overlay-dark-backdrop cdk-overlay-backdrop-showing"> obscures it; For documentation on this error, please visit: https://www.selenium.dev/documentation/webdriver/troubleshooting/errors#elementclickinterceptedexception
Stacktrace:
RemoteError@chrome://remote/content/shared/RemoteError.sys.mjs:8:8
WebDriverError@chrome://remote/content/shared/webdriver/Errors.sys.mjs:202:5
ElementClickInterceptedError@chrome://remote/content/shared/webdriver/Errors.sys.mjs:354:5
webdriverClickElement@chrome://remote/content/marionette/interaction.sys.mjs:175:11
interaction.clickElement@chrome://remote/content/marionette/interaction.sys.mjs:134:11
clickElement@chrome://remote/content/marionette/actors/MarionetteCommandsChild.sys.mjs:327:29
receiveMessage@chrome://remote/content/marionette/actors/MarionetteCommandsChild.sys.mjs:210:31


2025-10-20 07:15:41,849 [INFO] ‚è±Ô∏è Dura√ß√£o de itau-main.py: 1468.99s
2025-10-20 07:15:41,850 [INFO] ------------------------------------------------------------
2025-10-20 07:15:41,851 [INFO] 
--- Iniciando execu√ß√£o: itau-pandas.py ---
2025-10-20 07:15:48,147 [ERROR] ‚ùå Erro ao executar itau-pandas.py: No objects to concatenate
2025-10-20 07:15:48,147 [ERROR] Traceback (most recent call last):
  File "C:\Users\hudson.porto\OneDrive - Grupo Imerge\RPA\selenium-rpa\app\run_all.py", line 66, in run_script_rel
    ns = runpy.run_path(str(full), run_name="__main__")
         ^^^^^^^^^^^^^^^^^^^^^^^^^^^^^^^^^^^^^^^^^^^^^^
  File "<frozen runpy>", line 286, in run_path
  File "<frozen runpy>", line 98, in _run_module_code
  File "<frozen runpy>", line 88, in _run_code
  File "C:\Users\hudson.porto\OneDrive - Grupo Imerge\RPA\selenium-rpa\app\itau-pandas.py", line 74, in <module>
    historico = pd.concat(dfs, ignore_index=True)
                ^^^^^^^^^^^^^^^^^^^^^^^^^^^^^^^^^
  File "C:\Users\hudson.porto\OneDrive - Grupo Imerge\RPA\selenium-rpa\.venv\Lib\site-packages\pandas\core\reshape\concat.py", line 382, in concat
    op = _Concatenator(
         ^^^^^^^^^^^^^^
  File "C:\Users\hudson.porto\OneDrive - Grupo Imerge\RPA\selenium-rpa\.venv\Lib\site-packages\pandas\core\reshape\concat.py", line 445, in __init__
    objs, keys = self._clean_keys_and_objs(objs, keys)
                 ^^^^^^^^^^^^^^^^^^^^^^^^^^^^^^^^^^^^^
  File "C:\Users\hudson.porto\OneDrive - Grupo Imerge\RPA\selenium-rpa\.venv\Lib\site-packages\pandas\core\reshape\concat.py", line 507, in _clean_keys_and_objs
    raise ValueError("No objects to concatenate")
ValueError: No objects to concatenate

2025-10-20 07:15:48,149 [INFO] ‚è±Ô∏è Dura√ß√£o de itau-pandas.py: 6.30s
2025-10-20 07:15:48,149 [INFO] ------------------------------------------------------------
2025-10-20 07:15:48,150 [INFO] 
--- Iniciando execu√ß√£o: caixa-main.py ---
2025-10-20 07:15:58,620 [ERROR] ‚ùå Erro ao executar caixa-main.py: Message: Browsing context has been discarded
Stacktrace:
RemoteError@chrome://remote/content/shared/RemoteError.sys.mjs:8:8
WebDriverError@chrome://remote/content/shared/webdriver/Errors.sys.mjs:202:5
NoSuchWindowError@chrome://remote/content/shared/webdriver/Errors.sys.mjs:782:5
assert.that/<@chrome://remote/content/shared/webdriver/Assert.sys.mjs:581:13
assert.open@chrome://remote/content/shared/webdriver/Assert.sys.mjs:169:4
GeckoDriver.prototype.navigateTo@chrome://remote/content/marionette/driver.sys.mjs:1146:39
dispatch@chrome://remote/content/marionette/server.sys.mjs:318:40
execute@chrome://remote/content/marionette/server.sys.mjs:289:16
onPacket/<@chrome://remote/content/marionette/server.sys.mjs:262:20
onPacket@chrome://remote/content/marionette/server.sys.mjs:263:9
_onJSONObjectReady/<@chrome://remote/content/marionette/transport.sys.mjs:494:20

2025-10-20 07:15:58,620 [ERROR] Traceback (most recent call last):
  File "C:\Users\hudson.porto\OneDrive - Grupo Imerge\RPA\selenium-rpa\app\run_all.py", line 66, in run_script_rel
    ns = runpy.run_path(str(full), run_name="__main__")
         ^^^^^^^^^^^^^^^^^^^^^^^^^^^^^^^^^^^^^^^^^^^^^^
  File "<frozen runpy>", line 286, in run_path
  File "<frozen runpy>", line 98, in _run_module_code
  File "<frozen runpy>", line 88, in _run_code
  File "C:\Users\hudson.porto\OneDrive - Grupo Imerge\RPA\selenium-rpa\app\caixa-main.py", line 43, in <module>
    driver.get(f"https://loginx.caixa.gov.br/auth/realms/r_inter_siper/protocol/openid-connect/auth?client_id=cli-web-gce&login_hint={accont}&redirect_uri=https%3A%2F%2Fgerenciador.caixa.gov.br%2Fempresa&response_mode=query&response_type=code&scope=openid&nonce=b117bf80c4384ef3637f5a0a8042d410c580a5f86119198a5dbd21a2bbc0c1c9")
  File "C:\Users\hudson.porto\OneDrive - Grupo Imerge\RPA\selenium-rpa\.venv\Lib\site-packages\selenium\webdriver\remote\webdriver.py", line 483, in get
    self.execute(Command.GET, {"url": url})
  File "C:\Users\hudson.porto\OneDrive - Grupo Imerge\RPA\selenium-rpa\.venv\Lib\site-packages\selenium\webdriver\remote\webdriver.py", line 458, in execute
    self.error_handler.check_response(response)
  File "C:\Users\hudson.porto\OneDrive - Grupo Imerge\RPA\selenium-rpa\.venv\Lib\site-packages\selenium\webdriver\remote\errorhandler.py", line 232, in check_response
    raise exception_class(message, screen, stacktrace)
selenium.common.exceptions.NoSuchWindowException: Message: Browsing context has been discarded
Stacktrace:
RemoteError@chrome://remote/content/shared/RemoteError.sys.mjs:8:8
WebDriverError@chrome://remote/content/shared/webdriver/Errors.sys.mjs:202:5
NoSuchWindowError@chrome://remote/content/shared/webdriver/Errors.sys.mjs:782:5
assert.that/<@chrome://remote/content/shared/webdriver/Assert.sys.mjs:581:13
assert.open@chrome://remote/content/shared/webdriver/Assert.sys.mjs:169:4
GeckoDriver.prototype.navigateTo@chrome://remote/content/marionette/driver.sys.mjs:1146:39
dispatch@chrome://remote/content/marionette/server.sys.mjs:318:40
execute@chrome://remote/content/marionette/server.sys.mjs:289:16
onPacket/<@chrome://remote/content/marionette/server.sys.mjs:262:20
onPacket@chrome://remote/content/marionette/server.sys.mjs:263:9
_onJSONObjectReady/<@chrome://remote/content/marionette/transport.sys.mjs:494:20


2025-10-20 07:15:58,621 [INFO] ‚è±Ô∏è Dura√ß√£o de caixa-main.py: 10.47s
2025-10-20 07:15:58,621 [INFO] ------------------------------------------------------------
2025-10-20 07:15:58,622 [INFO] 
--- Iniciando execu√ß√£o: caixa-pandas.py ---
2025-10-20 07:15:58,640 [ERROR] ‚ùå Erro ao executar caixa-pandas.py: module 'creds' has no attribute 'diretorio_base_caixa'
2025-10-20 07:15:58,640 [ERROR] Traceback (most recent call last):
  File "C:\Users\hudson.porto\OneDrive - Grupo Imerge\RPA\selenium-rpa\app\run_all.py", line 66, in run_script_rel
    ns = runpy.run_path(str(full), run_name="__main__")
         ^^^^^^^^^^^^^^^^^^^^^^^^^^^^^^^^^^^^^^^^^^^^^^
  File "<frozen runpy>", line 286, in run_path
  File "<frozen runpy>", line 98, in _run_module_code
  File "<frozen runpy>", line 88, in _run_code
  File "C:\Users\hudson.porto\OneDrive - Grupo Imerge\RPA\selenium-rpa\app\caixa-pandas.py", line 7, in <module>
    diretorio_base = creds.diretorio_base_caixa
                     ^^^^^^^^^^^^^^^^^^^^^^^^^^
AttributeError: module 'creds' has no attribute 'diretorio_base_caixa'. Did you mean: 'diretorio_base_itau'?

2025-10-20 07:15:58,640 [INFO] ‚è±Ô∏è Dura√ß√£o de caixa-pandas.py: 0.02s
2025-10-20 07:15:58,640 [INFO] ------------------------------------------------------------
2025-10-20 07:15:58,641 [INFO] 
--- Iniciando execu√ß√£o: consolidado-pandas.py ---
2025-10-20 07:15:58,662 [ERROR] ‚ùå Erro ao executar consolidado-pandas.py: No objects to concatenate
2025-10-20 07:15:58,662 [ERROR] Traceback (most recent call last):
  File "C:\Users\hudson.porto\OneDrive - Grupo Imerge\RPA\selenium-rpa\app\run_all.py", line 66, in run_script_rel
    ns = runpy.run_path(str(full), run_name="__main__")
         ^^^^^^^^^^^^^^^^^^^^^^^^^^^^^^^^^^^^^^^^^^^^^^
  File "<frozen runpy>", line 286, in run_path
  File "<frozen runpy>", line 98, in _run_module_code
  File "<frozen runpy>", line 88, in _run_code
  File "C:\Users\hudson.porto\OneDrive - Grupo Imerge\RPA\selenium-rpa\app\consolidado-pandas.py", line 41, in <module>
    df_final = pd.concat(dfs, ignore_index=True)
               ^^^^^^^^^^^^^^^^^^^^^^^^^^^^^^^^^
  File "C:\Users\hudson.porto\OneDrive - Grupo Imerge\RPA\selenium-rpa\.venv\Lib\site-packages\pandas\core\reshape\concat.py", line 382, in concat
    op = _Concatenator(
         ^^^^^^^^^^^^^^
  File "C:\Users\hudson.porto\OneDrive - Grupo Imerge\RPA\selenium-rpa\.venv\Lib\site-packages\pandas\core\reshape\concat.py", line 445, in __init__
    objs, keys = self._clean_keys_and_objs(objs, keys)
                 ^^^^^^^^^^^^^^^^^^^^^^^^^^^^^^^^^^^^^
  File "C:\Users\hudson.porto\OneDrive - Grupo Imerge\RPA\selenium-rpa\.venv\Lib\site-packages\pandas\core\reshape\concat.py", line 507, in _clean_keys_and_objs
    raise ValueError("No objects to concatenate")
ValueError: No objects to concatenate

2025-10-20 07:15:58,663 [INFO] ‚è±Ô∏è Dura√ß√£o de consolidado-pandas.py: 0.02s
2025-10-20 07:15:58,663 [INFO] ------------------------------------------------------------
2025-10-20 07:15:58,664 [INFO] üèÅ Execu√ß√£o conclu√≠da em 1485.81s
2025-10-20 07:15:58,664 [INFO] 
Resumo da execu√ß√£o:
2025-10-20 07:15:58,664 [INFO]  - itau-main.py: ERRO (1468.99s)
2025-10-20 07:15:58,664 [INFO]  - itau-pandas.py: ERRO (6.30s)
2025-10-20 07:15:58,665 [INFO]  - caixa-main.py: ERRO (10.47s)
2025-10-20 07:15:58,665 [INFO]  - caixa-pandas.py: ERRO (0.02s)
2025-10-20 07:15:58,665 [INFO]  - consolidado-pandas.py: ERRO (0.02s)
2025-10-20 07:15:58,665 [INFO] 
============================================================
üïí In√≠cio: Mon Oct 20 06:51:12 2025
üèÅ Fim: Mon Oct 20 07:15:58 2025
‚è±Ô∏è Dura√ß√£o total: 1485.81s
Status geral: ERROS DETECTADOS
Log salvo em: C:\Users\hudson.porto\OneDrive - Grupo Imerge\RPA\selenium-rpa\app\orchestrator.log
============================================================

2025-10-21 08:03:32,997 [INFO] üöÄ Iniciando execu√ß√£o completa do Orchestrator...
2025-10-21 08:03:32,999 [INFO] 
--- Iniciando execu√ß√£o: itau-main.py ---
2025-10-21 08:50:51,201 [ERROR] ‚ùå Erro ao executar itau-main.py: Message: Elemento 'Bot√£o Extrato' n√£o apareceu a tempo.

2025-10-21 08:50:51,207 [ERROR] Traceback (most recent call last):
  File "C:\Users\hudson.porto\OneDrive - Grupo Imerge\RPA\selenium-rpa\app\run_all.py", line 66, in run_script_rel
    ns = runpy.run_path(str(full), run_name="__main__")
         ^^^^^^^^^^^^^^^^^^^^^^^^^^^^^^^^^^^^^^^^^^^^^^
  File "<frozen runpy>", line 286, in run_path
  File "<frozen runpy>", line 98, in _run_module_code
  File "<frozen runpy>", line 88, in _run_code
  File "C:\Users\hudson.porto\OneDrive - Grupo Imerge\RPA\selenium-rpa\app\itau-main.py", line 345, in <module>
    clicar_com_retry(driver, By.ID, "btnExtrato", "Bot√£o Extrato")
  File "C:\Users\hudson.porto\OneDrive - Grupo Imerge\RPA\selenium-rpa\app\itau-main.py", line 172, in clicar_com_retry
    raise TimeoutException(f"Elemento '{descricao}' n√£o apareceu a tempo.")
selenium.common.exceptions.TimeoutException: Message: Elemento 'Bot√£o Extrato' n√£o apareceu a tempo.


2025-10-21 08:50:51,209 [INFO] ‚è±Ô∏è Dura√ß√£o de itau-main.py: 2838.21s
2025-10-21 08:50:51,209 [INFO] ------------------------------------------------------------
2025-10-21 08:50:51,211 [INFO] 
--- Iniciando execu√ß√£o: itau-pandas.py ---
2025-10-21 08:50:59,989 [ERROR] ‚ùå Erro ao executar itau-pandas.py: No objects to concatenate
2025-10-21 08:50:59,990 [ERROR] Traceback (most recent call last):
  File "C:\Users\hudson.porto\OneDrive - Grupo Imerge\RPA\selenium-rpa\app\run_all.py", line 66, in run_script_rel
    ns = runpy.run_path(str(full), run_name="__main__")
         ^^^^^^^^^^^^^^^^^^^^^^^^^^^^^^^^^^^^^^^^^^^^^^
  File "<frozen runpy>", line 286, in run_path
  File "<frozen runpy>", line 98, in _run_module_code
  File "<frozen runpy>", line 88, in _run_code
  File "C:\Users\hudson.porto\OneDrive - Grupo Imerge\RPA\selenium-rpa\app\itau-pandas.py", line 74, in <module>
    historico = pd.concat(dfs, ignore_index=True)
                ^^^^^^^^^^^^^^^^^^^^^^^^^^^^^^^^^
  File "C:\Users\hudson.porto\OneDrive - Grupo Imerge\RPA\selenium-rpa\.venv\Lib\site-packages\pandas\core\reshape\concat.py", line 382, in concat
    op = _Concatenator(
         ^^^^^^^^^^^^^^
  File "C:\Users\hudson.porto\OneDrive - Grupo Imerge\RPA\selenium-rpa\.venv\Lib\site-packages\pandas\core\reshape\concat.py", line 445, in __init__
    objs, keys = self._clean_keys_and_objs(objs, keys)
                 ^^^^^^^^^^^^^^^^^^^^^^^^^^^^^^^^^^^^^
  File "C:\Users\hudson.porto\OneDrive - Grupo Imerge\RPA\selenium-rpa\.venv\Lib\site-packages\pandas\core\reshape\concat.py", line 507, in _clean_keys_and_objs
    raise ValueError("No objects to concatenate")
ValueError: No objects to concatenate

2025-10-21 08:50:59,990 [INFO] ‚è±Ô∏è Dura√ß√£o de itau-pandas.py: 8.78s
2025-10-21 08:50:59,990 [INFO] ------------------------------------------------------------
2025-10-21 08:50:59,991 [INFO] 
--- Iniciando execu√ß√£o: caixa-main.py ---
2025-10-21 08:51:43,252 [ERROR] ‚ùå Erro ao executar caixa-main.py: Message: The element with the reference bb997342-a0dc-415c-a0c3-63f557193d15 is stale; either its node document is not the active document, or it is no longer connected to the DOM; For documentation on this error, please visit: https://www.selenium.dev/documentation/webdriver/troubleshooting/errors#staleelementreferenceexception
Stacktrace:
RemoteError@chrome://remote/content/shared/RemoteError.sys.mjs:8:8
WebDriverError@chrome://remote/content/shared/webdriver/Errors.sys.mjs:202:5
StaleElementReferenceError@chrome://remote/content/shared/webdriver/Errors.sys.mjs:831:5
getKnownElement@chrome://remote/content/marionette/json.sys.mjs:405:11
deserializeJSON@chrome://remote/content/marionette/json.sys.mjs:263:20
cloneObject@chrome://remote/content/marionette/json.sys.mjs:59:24
deserializeJSON@chrome://remote/content/marionette/json.sys.mjs:293:16
json.deserialize@chrome://remote/content/marionette/json.sys.mjs:297:10
receiveMessage@chrome://remote/content/marionette/actors/MarionetteCommandsChild.sys.mjs:179:30

2025-10-21 08:51:43,254 [ERROR] Traceback (most recent call last):
  File "C:\Users\hudson.porto\OneDrive - Grupo Imerge\RPA\selenium-rpa\app\run_all.py", line 66, in run_script_rel
    ns = runpy.run_path(str(full), run_name="__main__")
         ^^^^^^^^^^^^^^^^^^^^^^^^^^^^^^^^^^^^^^^^^^^^^^
  File "<frozen runpy>", line 286, in run_path
  File "<frozen runpy>", line 98, in _run_module_code
  File "<frozen runpy>", line 88, in _run_code
  File "C:\Users\hudson.porto\OneDrive - Grupo Imerge\RPA\selenium-rpa\app\caixa-main.py", line 120, in <module>
    extrato_caixa = wait.until(EC.element_to_be_clickable(
                    ^^^^^^^^^^^^^^^^^^^^^^^^^^^^^^^^^^^^^^
  File "C:\Users\hudson.porto\OneDrive - Grupo Imerge\RPA\selenium-rpa\.venv\Lib\site-packages\selenium\webdriver\support\wait.py", line 129, in until
    value = method(self._driver)
            ^^^^^^^^^^^^^^^^^^^^
  File "C:\Users\hudson.porto\OneDrive - Grupo Imerge\RPA\selenium-rpa\.venv\Lib\site-packages\selenium\webdriver\support\expected_conditions.py", line 626, in _predicate
    if element and element.is_enabled():
                   ^^^^^^^^^^^^^^^^^^^^
  File "C:\Users\hudson.porto\OneDrive - Grupo Imerge\RPA\selenium-rpa\.venv\Lib\site-packages\selenium\webdriver\remote\webelement.py", line 258, in is_enabled
    return self._execute(Command.IS_ELEMENT_ENABLED)["value"]
           ^^^^^^^^^^^^^^^^^^^^^^^^^^^^^^^^^^^^^^^^^
  File "C:\Users\hudson.porto\OneDrive - Grupo Imerge\RPA\selenium-rpa\.venv\Lib\site-packages\selenium\webdriver\remote\webelement.py", line 573, in _execute
    return self._parent.execute(command, params)
           ^^^^^^^^^^^^^^^^^^^^^^^^^^^^^^^^^^^^^
  File "C:\Users\hudson.porto\OneDrive - Grupo Imerge\RPA\selenium-rpa\.venv\Lib\site-packages\selenium\webdriver\remote\webdriver.py", line 458, in execute
    self.error_handler.check_response(response)
  File "C:\Users\hudson.porto\OneDrive - Grupo Imerge\RPA\selenium-rpa\.venv\Lib\site-packages\selenium\webdriver\remote\errorhandler.py", line 232, in check_response
    raise exception_class(message, screen, stacktrace)
selenium.common.exceptions.StaleElementReferenceException: Message: The element with the reference bb997342-a0dc-415c-a0c3-63f557193d15 is stale; either its node document is not the active document, or it is no longer connected to the DOM; For documentation on this error, please visit: https://www.selenium.dev/documentation/webdriver/troubleshooting/errors#staleelementreferenceexception
Stacktrace:
RemoteError@chrome://remote/content/shared/RemoteError.sys.mjs:8:8
WebDriverError@chrome://remote/content/shared/webdriver/Errors.sys.mjs:202:5
StaleElementReferenceError@chrome://remote/content/shared/webdriver/Errors.sys.mjs:831:5
getKnownElement@chrome://remote/content/marionette/json.sys.mjs:405:11
deserializeJSON@chrome://remote/content/marionette/json.sys.mjs:263:20
cloneObject@chrome://remote/content/marionette/json.sys.mjs:59:24
deserializeJSON@chrome://remote/content/marionette/json.sys.mjs:293:16
json.deserialize@chrome://remote/content/marionette/json.sys.mjs:297:10
receiveMessage@chrome://remote/content/marionette/actors/MarionetteCommandsChild.sys.mjs:179:30


2025-10-21 08:51:43,256 [INFO] ‚è±Ô∏è Dura√ß√£o de caixa-main.py: 43.26s
2025-10-21 08:51:43,257 [INFO] ------------------------------------------------------------
2025-10-21 08:51:43,258 [INFO] 
--- Iniciando execu√ß√£o: caixa-pandas.py ---
2025-10-21 08:51:46,042 [INFO] ‚úÖ caixa-pandas.py finalizado com sucesso.
2025-10-21 08:51:46,043 [INFO] ‚è±Ô∏è Dura√ß√£o de caixa-pandas.py: 2.78s
2025-10-21 08:51:46,043 [INFO] ------------------------------------------------------------
2025-10-21 08:51:46,043 [INFO] 
--- Iniciando execu√ß√£o: consolidado-pandas.py ---
2025-10-21 08:51:46,107 [INFO] ‚úÖ consolidado-pandas.py finalizado com sucesso.
2025-10-21 08:51:46,107 [INFO] ‚è±Ô∏è Dura√ß√£o de consolidado-pandas.py: 0.06s
2025-10-21 08:51:46,107 [INFO] ------------------------------------------------------------
2025-10-21 08:51:46,107 [INFO] üèÅ Execu√ß√£o conclu√≠da em 2893.11s
2025-10-21 08:51:46,107 [INFO] 
Resumo da execu√ß√£o:
2025-10-21 08:51:46,108 [INFO]  - itau-main.py: ERRO (2838.21s)
2025-10-21 08:51:46,108 [INFO]  - itau-pandas.py: ERRO (8.78s)
2025-10-21 08:51:46,109 [INFO]  - caixa-main.py: ERRO (43.26s)
2025-10-21 08:51:46,109 [INFO]  - caixa-pandas.py: OK (2.78s)
2025-10-21 08:51:46,110 [INFO]  - consolidado-pandas.py: OK (0.06s)
2025-10-21 08:51:46,110 [INFO] 
============================================================
üïí In√≠cio: Tue Oct 21 08:03:32 2025
üèÅ Fim: Tue Oct 21 08:51:46 2025
‚è±Ô∏è Dura√ß√£o total: 2893.11s
Status geral: ERROS DETECTADOS
Log salvo em: C:\Users\hudson.porto\OneDrive - Grupo Imerge\RPA\selenium-rpa\app\orchestrator.log
============================================================

2025-10-21 15:14:52,990 [INFO] üöÄ Iniciando execu√ß√£o completa do Orchestrator...
2025-10-21 15:14:52,992 [INFO] 
--- Iniciando execu√ß√£o: itau-main.py ---
2025-10-21 15:15:06,724 [ERROR] ‚ùå Erro ao executar itau-main.py: Message: Browsing context has been discarded
Stacktrace:
RemoteError@chrome://remote/content/shared/RemoteError.sys.mjs:8:8
WebDriverError@chrome://remote/content/shared/webdriver/Errors.sys.mjs:202:5
NoSuchWindowError@chrome://remote/content/shared/webdriver/Errors.sys.mjs:782:5
assert.that/<@chrome://remote/content/shared/webdriver/Assert.sys.mjs:581:13
assert.open@chrome://remote/content/shared/webdriver/Assert.sys.mjs:169:4
GeckoDriver.prototype.navigateTo@chrome://remote/content/marionette/driver.sys.mjs:1146:39
dispatch@chrome://remote/content/marionette/server.sys.mjs:318:40
execute@chrome://remote/content/marionette/server.sys.mjs:289:16
onPacket/<@chrome://remote/content/marionette/server.sys.mjs:262:20
onPacket@chrome://remote/content/marionette/server.sys.mjs:263:9
_onJSONObjectReady/<@chrome://remote/content/marionette/transport.sys.mjs:494:20

2025-10-21 15:15:06,724 [ERROR] Traceback (most recent call last):
  File "C:\Users\hudson.porto\OneDrive - Grupo Imerge\RPA\selenium-rpa\app\run_all.py", line 66, in run_script_rel
    ns = runpy.run_path(str(full), run_name="__main__")
         ^^^^^^^^^^^^^^^^^^^^^^^^^^^^^^^^^^^^^^^^^^^^^^
  File "<frozen runpy>", line 286, in run_path
  File "<frozen runpy>", line 98, in _run_module_code
  File "<frozen runpy>", line 88, in _run_code
  File "C:\Users\hudson.porto\OneDrive - Grupo Imerge\RPA\selenium-rpa\app\itau-main.py", line 69, in <module>
    driver.get("https://www.itau.com.br/")
  File "C:\Users\hudson.porto\OneDrive - Grupo Imerge\RPA\selenium-rpa\.venv\Lib\site-packages\selenium\webdriver\remote\webdriver.py", line 483, in get
    self.execute(Command.GET, {"url": url})
  File "C:\Users\hudson.porto\OneDrive - Grupo Imerge\RPA\selenium-rpa\.venv\Lib\site-packages\selenium\webdriver\remote\webdriver.py", line 458, in execute
    self.error_handler.check_response(response)
  File "C:\Users\hudson.porto\OneDrive - Grupo Imerge\RPA\selenium-rpa\.venv\Lib\site-packages\selenium\webdriver\remote\errorhandler.py", line 232, in check_response
    raise exception_class(message, screen, stacktrace)
selenium.common.exceptions.NoSuchWindowException: Message: Browsing context has been discarded
Stacktrace:
RemoteError@chrome://remote/content/shared/RemoteError.sys.mjs:8:8
WebDriverError@chrome://remote/content/shared/webdriver/Errors.sys.mjs:202:5
NoSuchWindowError@chrome://remote/content/shared/webdriver/Errors.sys.mjs:782:5
assert.that/<@chrome://remote/content/shared/webdriver/Assert.sys.mjs:581:13
assert.open@chrome://remote/content/shared/webdriver/Assert.sys.mjs:169:4
GeckoDriver.prototype.navigateTo@chrome://remote/content/marionette/driver.sys.mjs:1146:39
dispatch@chrome://remote/content/marionette/server.sys.mjs:318:40
execute@chrome://remote/content/marionette/server.sys.mjs:289:16
onPacket/<@chrome://remote/content/marionette/server.sys.mjs:262:20
onPacket@chrome://remote/content/marionette/server.sys.mjs:263:9
_onJSONObjectReady/<@chrome://remote/content/marionette/transport.sys.mjs:494:20


2025-10-21 15:15:06,725 [INFO] ‚è±Ô∏è Dura√ß√£o de itau-main.py: 13.73s
2025-10-21 15:15:06,726 [INFO] ------------------------------------------------------------
2025-10-21 15:15:06,726 [INFO] 
--- Iniciando execu√ß√£o: itau-pandas.py ---
2025-10-21 15:15:11,704 [ERROR] ‚ùå Erro ao executar itau-pandas.py: No objects to concatenate
2025-10-21 15:15:11,705 [ERROR] Traceback (most recent call last):
  File "C:\Users\hudson.porto\OneDrive - Grupo Imerge\RPA\selenium-rpa\app\run_all.py", line 66, in run_script_rel
    ns = runpy.run_path(str(full), run_name="__main__")
         ^^^^^^^^^^^^^^^^^^^^^^^^^^^^^^^^^^^^^^^^^^^^^^
  File "<frozen runpy>", line 286, in run_path
  File "<frozen runpy>", line 98, in _run_module_code
  File "<frozen runpy>", line 88, in _run_code
  File "C:\Users\hudson.porto\OneDrive - Grupo Imerge\RPA\selenium-rpa\app\itau-pandas.py", line 74, in <module>
    historico = pd.concat(dfs, ignore_index=True)
                ^^^^^^^^^^^^^^^^^^^^^^^^^^^^^^^^^
  File "C:\Users\hudson.porto\OneDrive - Grupo Imerge\RPA\selenium-rpa\.venv\Lib\site-packages\pandas\core\reshape\concat.py", line 382, in concat
    op = _Concatenator(
         ^^^^^^^^^^^^^^
  File "C:\Users\hudson.porto\OneDrive - Grupo Imerge\RPA\selenium-rpa\.venv\Lib\site-packages\pandas\core\reshape\concat.py", line 445, in __init__
    objs, keys = self._clean_keys_and_objs(objs, keys)
                 ^^^^^^^^^^^^^^^^^^^^^^^^^^^^^^^^^^^^^
  File "C:\Users\hudson.porto\OneDrive - Grupo Imerge\RPA\selenium-rpa\.venv\Lib\site-packages\pandas\core\reshape\concat.py", line 507, in _clean_keys_and_objs
    raise ValueError("No objects to concatenate")
ValueError: No objects to concatenate

2025-10-21 15:15:11,705 [INFO] ‚è±Ô∏è Dura√ß√£o de itau-pandas.py: 4.98s
2025-10-21 15:15:11,705 [INFO] ------------------------------------------------------------
2025-10-21 15:15:11,706 [INFO] 
--- Iniciando execu√ß√£o: caixa-main.py ---
2025-10-21 15:16:19,081 [ERROR] ‚ùå Erro ao executar caixa-main.py: Message: 
Stacktrace:
RemoteError@chrome://remote/content/shared/RemoteError.sys.mjs:8:8
WebDriverError@chrome://remote/content/shared/webdriver/Errors.sys.mjs:202:5
NoSuchElementError@chrome://remote/content/shared/webdriver/Errors.sys.mjs:555:5
dom.find/</<@chrome://remote/content/shared/DOM.sys.mjs:136:16

2025-10-21 15:16:19,082 [ERROR] Traceback (most recent call last):
  File "C:\Users\hudson.porto\OneDrive - Grupo Imerge\RPA\selenium-rpa\app\run_all.py", line 66, in run_script_rel
    ns = runpy.run_path(str(full), run_name="__main__")
         ^^^^^^^^^^^^^^^^^^^^^^^^^^^^^^^^^^^^^^^^^^^^^^
  File "<frozen runpy>", line 286, in run_path
  File "<frozen runpy>", line 98, in _run_module_code
  File "<frozen runpy>", line 88, in _run_code
  File "C:\Users\hudson.porto\OneDrive - Grupo Imerge\RPA\selenium-rpa\app\caixa-main.py", line 121, in <module>
    saldo_extratos = wait.until(EC.element_to_be_clickable(
                     ^^^^^^^^^^^^^^^^^^^^^^^^^^^^^^^^^^^^^^
  File "C:\Users\hudson.porto\OneDrive - Grupo Imerge\RPA\selenium-rpa\.venv\Lib\site-packages\selenium\webdriver\support\wait.py", line 138, in until
    raise TimeoutException(message, screen, stacktrace)
selenium.common.exceptions.TimeoutException: Message: 
Stacktrace:
RemoteError@chrome://remote/content/shared/RemoteError.sys.mjs:8:8
WebDriverError@chrome://remote/content/shared/webdriver/Errors.sys.mjs:202:5
NoSuchElementError@chrome://remote/content/shared/webdriver/Errors.sys.mjs:555:5
dom.find/</<@chrome://remote/content/shared/DOM.sys.mjs:136:16


2025-10-21 15:16:19,082 [INFO] ‚è±Ô∏è Dura√ß√£o de caixa-main.py: 67.38s
2025-10-21 15:16:19,082 [INFO] ------------------------------------------------------------
2025-10-21 15:16:19,083 [INFO] 
--- Iniciando execu√ß√£o: caixa-pandas.py ---
2025-10-21 15:16:21,839 [INFO] ‚úÖ caixa-pandas.py finalizado com sucesso.
2025-10-21 15:16:21,840 [INFO] ‚è±Ô∏è Dura√ß√£o de caixa-pandas.py: 2.76s
2025-10-21 15:16:21,840 [INFO] ------------------------------------------------------------
2025-10-21 15:16:21,840 [INFO] 
--- Iniciando execu√ß√£o: consolidado-pandas.py ---
2025-10-21 15:16:21,919 [INFO] ‚úÖ consolidado-pandas.py finalizado com sucesso.
2025-10-21 15:16:21,919 [INFO] ‚è±Ô∏è Dura√ß√£o de consolidado-pandas.py: 0.08s
2025-10-21 15:16:21,919 [INFO] ------------------------------------------------------------
2025-10-21 15:16:21,919 [INFO] üèÅ Execu√ß√£o conclu√≠da em 88.93s
2025-10-21 15:16:21,919 [INFO] 
Resumo da execu√ß√£o:
2025-10-21 15:16:21,920 [INFO]  - itau-main.py: ERRO (13.73s)
2025-10-21 15:16:21,920 [INFO]  - itau-pandas.py: ERRO (4.98s)
2025-10-21 15:16:21,920 [INFO]  - caixa-main.py: ERRO (67.38s)
2025-10-21 15:16:21,920 [INFO]  - caixa-pandas.py: OK (2.76s)
2025-10-21 15:16:21,920 [INFO]  - consolidado-pandas.py: OK (0.08s)
2025-10-21 15:16:21,920 [INFO] 
============================================================
üïí In√≠cio: Tue Oct 21 15:14:52 2025
üèÅ Fim: Tue Oct 21 15:16:21 2025
‚è±Ô∏è Dura√ß√£o total: 88.93s
Status geral: ERROS DETECTADOS
Log salvo em: C:\Users\hudson.porto\OneDrive - Grupo Imerge\RPA\selenium-rpa\app\orchestrator.log
============================================================

2025-10-22 07:20:51,427 [INFO] üöÄ Iniciando execu√ß√£o completa do Orchestrator...
2025-10-22 07:20:51,428 [INFO] 
--- Iniciando execu√ß√£o: itau-main.py ---
2025-10-22 08:05:40,821 [ERROR] ‚ùå Erro ao executar itau-main.py: Message: Elemento 'Bot√£o Extrato' n√£o apareceu a tempo.

2025-10-22 08:05:40,829 [ERROR] Traceback (most recent call last):
  File "C:\Users\hudson.porto\OneDrive - Grupo Imerge\RPA\selenium-rpa\app\run_all.py", line 66, in run_script_rel
    ns = runpy.run_path(str(full), run_name="__main__")
         ^^^^^^^^^^^^^^^^^^^^^^^^^^^^^^^^^^^^^^^^^^^^^^
  File "<frozen runpy>", line 286, in run_path
  File "<frozen runpy>", line 98, in _run_module_code
  File "<frozen runpy>", line 88, in _run_code
  File "C:\Users\hudson.porto\OneDrive - Grupo Imerge\RPA\selenium-rpa\app\itau-main.py", line 345, in <module>
    clicar_com_retry(driver, By.ID, "btnExtrato", "Bot√£o Extrato")
  File "C:\Users\hudson.porto\OneDrive - Grupo Imerge\RPA\selenium-rpa\app\itau-main.py", line 172, in clicar_com_retry
    raise TimeoutException(f"Elemento '{descricao}' n√£o apareceu a tempo.")
selenium.common.exceptions.TimeoutException: Message: Elemento 'Bot√£o Extrato' n√£o apareceu a tempo.


2025-10-22 08:05:40,832 [INFO] ‚è±Ô∏è Dura√ß√£o de itau-main.py: 2689.40s
2025-10-22 08:05:40,834 [INFO] ------------------------------------------------------------
2025-10-22 08:05:40,837 [INFO] 
--- Iniciando execu√ß√£o: itau-pandas.py ---
2025-10-22 08:05:48,228 [ERROR] ‚ùå Erro ao executar itau-pandas.py: No objects to concatenate
2025-10-22 08:05:48,231 [ERROR] Traceback (most recent call last):
  File "C:\Users\hudson.porto\OneDrive - Grupo Imerge\RPA\selenium-rpa\app\run_all.py", line 66, in run_script_rel
    ns = runpy.run_path(str(full), run_name="__main__")
         ^^^^^^^^^^^^^^^^^^^^^^^^^^^^^^^^^^^^^^^^^^^^^^
  File "<frozen runpy>", line 286, in run_path
  File "<frozen runpy>", line 98, in _run_module_code
  File "<frozen runpy>", line 88, in _run_code
  File "C:\Users\hudson.porto\OneDrive - Grupo Imerge\RPA\selenium-rpa\app\itau-pandas.py", line 74, in <module>
    historico = pd.concat(dfs, ignore_index=True)
                ^^^^^^^^^^^^^^^^^^^^^^^^^^^^^^^^^
  File "C:\Users\hudson.porto\OneDrive - Grupo Imerge\RPA\selenium-rpa\.venv\Lib\site-packages\pandas\core\reshape\concat.py", line 382, in concat
    op = _Concatenator(
         ^^^^^^^^^^^^^^
  File "C:\Users\hudson.porto\OneDrive - Grupo Imerge\RPA\selenium-rpa\.venv\Lib\site-packages\pandas\core\reshape\concat.py", line 445, in __init__
    objs, keys = self._clean_keys_and_objs(objs, keys)
                 ^^^^^^^^^^^^^^^^^^^^^^^^^^^^^^^^^^^^^
  File "C:\Users\hudson.porto\OneDrive - Grupo Imerge\RPA\selenium-rpa\.venv\Lib\site-packages\pandas\core\reshape\concat.py", line 507, in _clean_keys_and_objs
    raise ValueError("No objects to concatenate")
ValueError: No objects to concatenate

2025-10-22 08:05:48,231 [INFO] ‚è±Ô∏è Dura√ß√£o de itau-pandas.py: 7.39s
2025-10-22 08:05:48,232 [INFO] ------------------------------------------------------------
2025-10-22 08:05:48,232 [INFO] 
--- Iniciando execu√ß√£o: caixa-main.py ---
2025-10-22 08:06:39,805 [ERROR] ‚ùå Erro ao executar caixa-main.py: Message: 
Stacktrace:
RemoteError@chrome://remote/content/shared/RemoteError.sys.mjs:8:8
WebDriverError@chrome://remote/content/shared/webdriver/Errors.sys.mjs:202:5
NoSuchElementError@chrome://remote/content/shared/webdriver/Errors.sys.mjs:555:5
dom.find/</<@chrome://remote/content/shared/DOM.sys.mjs:136:16

2025-10-22 08:06:39,806 [ERROR] Traceback (most recent call last):
  File "C:\Users\hudson.porto\OneDrive - Grupo Imerge\RPA\selenium-rpa\app\run_all.py", line 66, in run_script_rel
    ns = runpy.run_path(str(full), run_name="__main__")
         ^^^^^^^^^^^^^^^^^^^^^^^^^^^^^^^^^^^^^^^^^^^^^^
  File "<frozen runpy>", line 286, in run_path
  File "<frozen runpy>", line 98, in _run_module_code
  File "<frozen runpy>", line 88, in _run_code
  File "C:\Users\hudson.porto\OneDrive - Grupo Imerge\RPA\selenium-rpa\app\caixa-main.py", line 127, in <module>
    extrato_caixa = wait.until(EC.element_to_be_clickable(
                    ^^^^^^^^^^^^^^^^^^^^^^^^^^^^^^^^^^^^^^
  File "C:\Users\hudson.porto\OneDrive - Grupo Imerge\RPA\selenium-rpa\.venv\Lib\site-packages\selenium\webdriver\support\wait.py", line 138, in until
    raise TimeoutException(message, screen, stacktrace)
selenium.common.exceptions.TimeoutException: Message: 
Stacktrace:
RemoteError@chrome://remote/content/shared/RemoteError.sys.mjs:8:8
WebDriverError@chrome://remote/content/shared/webdriver/Errors.sys.mjs:202:5
NoSuchElementError@chrome://remote/content/shared/webdriver/Errors.sys.mjs:555:5
dom.find/</<@chrome://remote/content/shared/DOM.sys.mjs:136:16


2025-10-22 08:06:39,810 [INFO] ‚è±Ô∏è Dura√ß√£o de caixa-main.py: 51.58s
2025-10-22 08:06:39,811 [INFO] ------------------------------------------------------------
2025-10-22 08:06:39,811 [INFO] 
--- Iniciando execu√ß√£o: caixa-pandas.py ---
2025-10-22 08:06:39,864 [ERROR] ‚ùå Erro ao executar caixa-pandas.py: No objects to concatenate
2025-10-22 08:06:39,865 [ERROR] Traceback (most recent call last):
  File "C:\Users\hudson.porto\OneDrive - Grupo Imerge\RPA\selenium-rpa\app\run_all.py", line 66, in run_script_rel
    ns = runpy.run_path(str(full), run_name="__main__")
         ^^^^^^^^^^^^^^^^^^^^^^^^^^^^^^^^^^^^^^^^^^^^^^
  File "<frozen runpy>", line 286, in run_path
  File "<frozen runpy>", line 98, in _run_module_code
  File "<frozen runpy>", line 88, in _run_code
  File "C:\Users\hudson.porto\OneDrive - Grupo Imerge\RPA\selenium-rpa\app\caixa-pandas.py", line 110, in <module>
    df_consolidado = pd.concat(dfs, ignore_index=True)
                     ^^^^^^^^^^^^^^^^^^^^^^^^^^^^^^^^^
  File "C:\Users\hudson.porto\OneDrive - Grupo Imerge\RPA\selenium-rpa\.venv\Lib\site-packages\pandas\core\reshape\concat.py", line 382, in concat
    op = _Concatenator(
         ^^^^^^^^^^^^^^
  File "C:\Users\hudson.porto\OneDrive - Grupo Imerge\RPA\selenium-rpa\.venv\Lib\site-packages\pandas\core\reshape\concat.py", line 445, in __init__
    objs, keys = self._clean_keys_and_objs(objs, keys)
                 ^^^^^^^^^^^^^^^^^^^^^^^^^^^^^^^^^^^^^
  File "C:\Users\hudson.porto\OneDrive - Grupo Imerge\RPA\selenium-rpa\.venv\Lib\site-packages\pandas\core\reshape\concat.py", line 507, in _clean_keys_and_objs
    raise ValueError("No objects to concatenate")
ValueError: No objects to concatenate

2025-10-22 08:06:39,867 [INFO] ‚è±Ô∏è Dura√ß√£o de caixa-pandas.py: 0.05s
2025-10-22 08:06:39,869 [INFO] ------------------------------------------------------------
2025-10-22 08:06:39,870 [INFO] 
--- Iniciando execu√ß√£o: consolidado-pandas.py ---
2025-10-22 08:06:39,907 [ERROR] ‚ùå Erro ao executar consolidado-pandas.py: No objects to concatenate
2025-10-22 08:06:39,908 [ERROR] Traceback (most recent call last):
  File "C:\Users\hudson.porto\OneDrive - Grupo Imerge\RPA\selenium-rpa\app\run_all.py", line 66, in run_script_rel
    ns = runpy.run_path(str(full), run_name="__main__")
         ^^^^^^^^^^^^^^^^^^^^^^^^^^^^^^^^^^^^^^^^^^^^^^
  File "<frozen runpy>", line 286, in run_path
  File "<frozen runpy>", line 98, in _run_module_code
  File "<frozen runpy>", line 88, in _run_code
  File "C:\Users\hudson.porto\OneDrive - Grupo Imerge\RPA\selenium-rpa\app\consolidado-pandas.py", line 41, in <module>
    df_final = pd.concat(dfs, ignore_index=True)
               ^^^^^^^^^^^^^^^^^^^^^^^^^^^^^^^^^
  File "C:\Users\hudson.porto\OneDrive - Grupo Imerge\RPA\selenium-rpa\.venv\Lib\site-packages\pandas\core\reshape\concat.py", line 382, in concat
    op = _Concatenator(
         ^^^^^^^^^^^^^^
  File "C:\Users\hudson.porto\OneDrive - Grupo Imerge\RPA\selenium-rpa\.venv\Lib\site-packages\pandas\core\reshape\concat.py", line 445, in __init__
    objs, keys = self._clean_keys_and_objs(objs, keys)
                 ^^^^^^^^^^^^^^^^^^^^^^^^^^^^^^^^^^^^^
  File "C:\Users\hudson.porto\OneDrive - Grupo Imerge\RPA\selenium-rpa\.venv\Lib\site-packages\pandas\core\reshape\concat.py", line 507, in _clean_keys_and_objs
    raise ValueError("No objects to concatenate")
ValueError: No objects to concatenate

2025-10-22 08:06:39,908 [INFO] ‚è±Ô∏è Dura√ß√£o de consolidado-pandas.py: 0.04s
2025-10-22 08:06:39,909 [INFO] ------------------------------------------------------------
2025-10-22 08:06:39,909 [INFO] üèÅ Execu√ß√£o conclu√≠da em 2748.48s
2025-10-22 08:06:39,911 [INFO] 
Resumo da execu√ß√£o:
2025-10-22 08:06:39,912 [INFO]  - itau-main.py: ERRO (2689.40s)
2025-10-22 08:06:39,913 [INFO]  - itau-pandas.py: ERRO (7.39s)
2025-10-22 08:06:39,916 [INFO]  - caixa-main.py: ERRO (51.58s)
2025-10-22 08:06:39,917 [INFO]  - caixa-pandas.py: ERRO (0.05s)
2025-10-22 08:06:39,917 [INFO]  - consolidado-pandas.py: ERRO (0.04s)
2025-10-22 08:06:39,918 [INFO] 
============================================================
üïí In√≠cio: Wed Oct 22 07:20:51 2025
üèÅ Fim: Wed Oct 22 08:06:39 2025
‚è±Ô∏è Dura√ß√£o total: 2748.48s
Status geral: ERROS DETECTADOS
Log salvo em: C:\Users\hudson.porto\OneDrive - Grupo Imerge\RPA\selenium-rpa\app\orchestrator.log
============================================================

2025-10-22 08:28:32,439 [INFO] üöÄ Iniciando execu√ß√£o completa do Orchestrator...
2025-10-22 08:28:32,440 [INFO] 
--- Iniciando execu√ß√£o: itau-main.py ---
2025-10-22 09:13:15,000 [INFO] ‚úÖ itau-main.py finalizado com sucesso.
2025-10-22 09:13:15,004 [INFO] ‚è±Ô∏è Dura√ß√£o de itau-main.py: 2682.56s
2025-10-22 09:13:15,005 [INFO] ------------------------------------------------------------
2025-10-22 09:13:15,006 [INFO] 
--- Iniciando execu√ß√£o: itau-pandas.py ---
2025-10-22 09:13:16,748 [INFO] ‚úÖ itau-pandas.py finalizado com sucesso.
2025-10-22 09:13:16,748 [INFO] ‚è±Ô∏è Dura√ß√£o de itau-pandas.py: 1.74s
2025-10-22 09:13:16,748 [INFO] ------------------------------------------------------------
2025-10-22 09:13:16,749 [INFO] 
--- Iniciando execu√ß√£o: caixa-main.py ---
2025-10-22 09:14:30,038 [ERROR] ‚ùå Erro ao executar caixa-main.py: Message: 
Stacktrace:
RemoteError@chrome://remote/content/shared/RemoteError.sys.mjs:8:8
WebDriverError@chrome://remote/content/shared/webdriver/Errors.sys.mjs:202:5
NoSuchElementError@chrome://remote/content/shared/webdriver/Errors.sys.mjs:555:5
dom.find/</<@chrome://remote/content/shared/DOM.sys.mjs:136:16

2025-10-22 09:14:30,038 [ERROR] Traceback (most recent call last):
  File "C:\Users\hudson.porto\OneDrive - Grupo Imerge\RPA\selenium-rpa\app\run_all.py", line 66, in run_script_rel
    ns = runpy.run_path(str(full), run_name="__main__")
         ^^^^^^^^^^^^^^^^^^^^^^^^^^^^^^^^^^^^^^^^^^^^^^
  File "<frozen runpy>", line 286, in run_path
  File "<frozen runpy>", line 98, in _run_module_code
  File "<frozen runpy>", line 88, in _run_code
  File "C:\Users\hudson.porto\OneDrive - Grupo Imerge\RPA\selenium-rpa\app\caixa-main.py", line 133, in <module>
    botao_xls = wait.until(EC.element_to_be_clickable(
                ^^^^^^^^^^^^^^^^^^^^^^^^^^^^^^^^^^^^^^
  File "C:\Users\hudson.porto\OneDrive - Grupo Imerge\RPA\selenium-rpa\.venv\Lib\site-packages\selenium\webdriver\support\wait.py", line 138, in until
    raise TimeoutException(message, screen, stacktrace)
selenium.common.exceptions.TimeoutException: Message: 
Stacktrace:
RemoteError@chrome://remote/content/shared/RemoteError.sys.mjs:8:8
WebDriverError@chrome://remote/content/shared/webdriver/Errors.sys.mjs:202:5
NoSuchElementError@chrome://remote/content/shared/webdriver/Errors.sys.mjs:555:5
dom.find/</<@chrome://remote/content/shared/DOM.sys.mjs:136:16


2025-10-22 09:14:30,038 [INFO] ‚è±Ô∏è Dura√ß√£o de caixa-main.py: 73.29s
2025-10-22 09:14:30,039 [INFO] ------------------------------------------------------------
2025-10-22 09:14:30,039 [INFO] 
--- Iniciando execu√ß√£o: caixa-pandas.py ---
2025-10-22 09:14:30,134 [ERROR] ‚ùå Erro ao executar caixa-pandas.py: File is not a zip file
2025-10-22 09:14:30,134 [ERROR] Traceback (most recent call last):
  File "C:\Users\hudson.porto\OneDrive - Grupo Imerge\RPA\selenium-rpa\app\run_all.py", line 66, in run_script_rel
    ns = runpy.run_path(str(full), run_name="__main__")
         ^^^^^^^^^^^^^^^^^^^^^^^^^^^^^^^^^^^^^^^^^^^^^^
  File "<frozen runpy>", line 286, in run_path
  File "<frozen runpy>", line 98, in _run_module_code
  File "<frozen runpy>", line 88, in _run_code
  File "C:\Users\hudson.porto\OneDrive - Grupo Imerge\RPA\selenium-rpa\app\caixa-pandas.py", line 67, in <module>
    df = pd.read_excel(f, header=None, skiprows=2, engine="openpyxl")
         ^^^^^^^^^^^^^^^^^^^^^^^^^^^^^^^^^^^^^^^^^^^^^^^^^^^^^^^^^^^^
  File "C:\Users\hudson.porto\OneDrive - Grupo Imerge\RPA\selenium-rpa\.venv\Lib\site-packages\pandas\io\excel\_base.py", line 495, in read_excel
    io = ExcelFile(
         ^^^^^^^^^^
  File "C:\Users\hudson.porto\OneDrive - Grupo Imerge\RPA\selenium-rpa\.venv\Lib\site-packages\pandas\io\excel\_base.py", line 1567, in __init__
    self._reader = self._engines[engine](
                   ^^^^^^^^^^^^^^^^^^^^^^
  File "C:\Users\hudson.porto\OneDrive - Grupo Imerge\RPA\selenium-rpa\.venv\Lib\site-packages\pandas\io\excel\_openpyxl.py", line 553, in __init__
    super().__init__(
  File "C:\Users\hudson.porto\OneDrive - Grupo Imerge\RPA\selenium-rpa\.venv\Lib\site-packages\pandas\io\excel\_base.py", line 573, in __init__
    self.book = self.load_workbook(self.handles.handle, engine_kwargs)
                ^^^^^^^^^^^^^^^^^^^^^^^^^^^^^^^^^^^^^^^^^^^^^^^^^^^^^^
  File "C:\Users\hudson.porto\OneDrive - Grupo Imerge\RPA\selenium-rpa\.venv\Lib\site-packages\pandas\io\excel\_openpyxl.py", line 572, in load_workbook
    return load_workbook(
           ^^^^^^^^^^^^^^
  File "C:\Users\hudson.porto\OneDrive - Grupo Imerge\RPA\selenium-rpa\.venv\Lib\site-packages\openpyxl\reader\excel.py", line 346, in load_workbook
    reader = ExcelReader(filename, read_only, keep_vba,
             ^^^^^^^^^^^^^^^^^^^^^^^^^^^^^^^^^^^^^^^^^^
  File "C:\Users\hudson.porto\OneDrive - Grupo Imerge\RPA\selenium-rpa\.venv\Lib\site-packages\openpyxl\reader\excel.py", line 123, in __init__
    self.archive = _validate_archive(fn)
                   ^^^^^^^^^^^^^^^^^^^^^
  File "C:\Users\hudson.porto\OneDrive - Grupo Imerge\RPA\selenium-rpa\.venv\Lib\site-packages\openpyxl\reader\excel.py", line 95, in _validate_archive
    archive = ZipFile(filename, 'r')
              ^^^^^^^^^^^^^^^^^^^^^^
  File "C:\Program Files\Python312\Lib\zipfile\__init__.py", line 1349, in __init__
    self._RealGetContents()
  File "C:\Program Files\Python312\Lib\zipfile\__init__.py", line 1416, in _RealGetContents
    raise BadZipFile("File is not a zip file")
zipfile.BadZipFile: File is not a zip file

2025-10-22 09:14:30,135 [INFO] ‚è±Ô∏è Dura√ß√£o de caixa-pandas.py: 0.10s
2025-10-22 09:14:30,135 [INFO] ------------------------------------------------------------
2025-10-22 09:14:30,135 [INFO] 
--- Iniciando execu√ß√£o: consolidado-pandas.py ---
2025-10-22 09:14:30,137 [ERROR] ‚ùå Erro ao executar consolidado-pandas.py: module 'creds' has no attribute 'diretorio_saida'
2025-10-22 09:14:30,137 [ERROR] Traceback (most recent call last):
  File "C:\Users\hudson.porto\OneDrive - Grupo Imerge\RPA\selenium-rpa\app\run_all.py", line 66, in run_script_rel
    ns = runpy.run_path(str(full), run_name="__main__")
         ^^^^^^^^^^^^^^^^^^^^^^^^^^^^^^^^^^^^^^^^^^^^^^
  File "<frozen runpy>", line 286, in run_path
  File "<frozen runpy>", line 98, in _run_module_code
  File "<frozen runpy>", line 88, in _run_code
  File "C:\Users\hudson.porto\OneDrive - Grupo Imerge\RPA\selenium-rpa\app\consolidado-pandas.py", line 11, in <module>
    saida = creds.diretorio_saida
            ^^^^^^^^^^^^^^^^^^^^^
AttributeError: module 'creds' has no attribute 'diretorio_saida'. Did you mean: 'diretorio_base_caixa'?

2025-10-22 09:14:30,137 [INFO] ‚è±Ô∏è Dura√ß√£o de consolidado-pandas.py: 0.00s
2025-10-22 09:14:30,138 [INFO] ------------------------------------------------------------
2025-10-22 09:14:30,138 [INFO] üèÅ Execu√ß√£o conclu√≠da em 2757.70s
2025-10-22 09:14:30,138 [INFO] 
Resumo da execu√ß√£o:
2025-10-22 09:14:30,138 [INFO]  - itau-main.py: OK (2682.56s)
2025-10-22 09:14:30,139 [INFO]  - itau-pandas.py: OK (1.74s)
2025-10-22 09:14:30,139 [INFO]  - caixa-main.py: ERRO (73.29s)
2025-10-22 09:14:30,139 [INFO]  - caixa-pandas.py: ERRO (0.10s)
2025-10-22 09:14:30,139 [INFO]  - consolidado-pandas.py: ERRO (0.00s)
2025-10-22 09:14:30,139 [INFO] 
============================================================
üïí In√≠cio: Wed Oct 22 08:28:32 2025
üèÅ Fim: Wed Oct 22 09:14:30 2025
‚è±Ô∏è Dura√ß√£o total: 2757.70s
Status geral: ERROS DETECTADOS
Log salvo em: C:\Users\hudson.porto\OneDrive - Grupo Imerge\RPA\selenium-rpa\app\orchestrator.log
============================================================

2025-10-24 07:27:14,970 [INFO] üöÄ Iniciando execu√ß√£o completa do Orchestrator...
2025-10-24 07:27:14,971 [INFO] 
--- Iniciando execu√ß√£o: itau-main.py ---
2025-10-24 07:36:45,556 [INFO] ‚è±Ô∏è Dura√ß√£o de itau-main.py: 570.58s
2025-10-24 08:31:20,940 [INFO] üöÄ Iniciando execu√ß√£o completa do Orchestrator...
2025-10-24 08:31:20,941 [INFO] 
--- Iniciando execu√ß√£o: itau-main.py ---
2025-10-24 08:41:33,677 [ERROR] ‚ùå Erro ao executar itau-main.py: Message: 
Stacktrace:
RemoteError@chrome://remote/content/shared/RemoteError.sys.mjs:8:8
WebDriverError@chrome://remote/content/shared/webdriver/Errors.sys.mjs:202:5
NoSuchElementError@chrome://remote/content/shared/webdriver/Errors.sys.mjs:555:5
dom.find/</<@chrome://remote/content/shared/DOM.sys.mjs:136:16

2025-10-24 08:41:33,684 [ERROR] Traceback (most recent call last):
  File "C:\Users\hudson.porto\OneDrive - Grupo Imerge\RPA\selenium-rpa\app\run_all.py", line 66, in run_script_rel
    ns = runpy.run_path(str(full), run_name="__main__")
         ^^^^^^^^^^^^^^^^^^^^^^^^^^^^^^^^^^^^^^^^^^^^^^
  File "<frozen runpy>", line 286, in run_path
  File "<frozen runpy>", line 98, in _run_module_code
  File "<frozen runpy>", line 88, in _run_code
  File "C:\Users\hudson.porto\OneDrive - Grupo Imerge\RPA\selenium-rpa\app\itau-main.py", line 347, in <module>
    clicar_pdf_com_retorno(driver)
  File "C:\Users\hudson.porto\OneDrive - Grupo Imerge\RPA\selenium-rpa\app\itau-main.py", line 273, in clicar_pdf_com_retorno
    raise e
  File "C:\Users\hudson.porto\OneDrive - Grupo Imerge\RPA\selenium-rpa\app\itau-main.py", line 244, in clicar_pdf_com_retorno
    botao_extrato = WebDriverWait(driver, 10).until(
                    ^^^^^^^^^^^^^^^^^^^^^^^^^^^^^^^^
  File "C:\Users\hudson.porto\OneDrive - Grupo Imerge\RPA\selenium-rpa\.venv\Lib\site-packages\selenium\webdriver\support\wait.py", line 138, in until
    raise TimeoutException(message, screen, stacktrace)
selenium.common.exceptions.TimeoutException: Message: 
Stacktrace:
RemoteError@chrome://remote/content/shared/RemoteError.sys.mjs:8:8
WebDriverError@chrome://remote/content/shared/webdriver/Errors.sys.mjs:202:5
NoSuchElementError@chrome://remote/content/shared/webdriver/Errors.sys.mjs:555:5
dom.find/</<@chrome://remote/content/shared/DOM.sys.mjs:136:16


2025-10-24 08:41:33,686 [INFO] ‚è±Ô∏è Dura√ß√£o de itau-main.py: 612.74s
2025-10-24 08:41:33,686 [INFO] ------------------------------------------------------------
2025-10-24 08:41:33,690 [INFO] 
--- Iniciando execu√ß√£o: itau-pandas.py ---
2025-10-24 08:41:40,218 [INFO] ‚úÖ itau-pandas.py finalizado com sucesso.
2025-10-24 08:41:40,218 [INFO] ‚è±Ô∏è Dura√ß√£o de itau-pandas.py: 6.53s
2025-10-24 08:41:40,219 [INFO] ------------------------------------------------------------
2025-10-24 08:41:40,219 [INFO] 
--- Iniciando execu√ß√£o: caixa-main.py ---
2025-10-24 08:41:52,623 [INFO] ‚è±Ô∏è Dura√ß√£o de caixa-main.py: 12.40s
2025-10-24 09:00:50,940 [INFO] üöÄ Iniciando execu√ß√£o completa do Orchestrator...
2025-10-24 09:00:50,941 [INFO] 
--- Iniciando execu√ß√£o: itau-main.py ---
2025-10-24 09:31:53,635 [ERROR] ‚ùå Erro ao executar itau-main.py: Message: Elemento 'Bot√£o Extrato' n√£o apareceu a tempo.

2025-10-24 09:31:53,643 [ERROR] Traceback (most recent call last):
  File "C:\Users\hudson.porto\OneDrive - Grupo Imerge\RPA\selenium-rpa\app\run_all.py", line 66, in run_script_rel
    ns = runpy.run_path(str(full), run_name="__main__")
         ^^^^^^^^^^^^^^^^^^^^^^^^^^^^^^^^^^^^^^^^^^^^^^
  File "<frozen runpy>", line 286, in run_path
  File "<frozen runpy>", line 98, in _run_module_code
  File "<frozen runpy>", line 88, in _run_code
  File "C:\Users\hudson.porto\OneDrive - Grupo Imerge\RPA\selenium-rpa\app\itau-main.py", line 345, in <module>
    clicar_com_retry(driver, By.ID, "btnExtrato", "Bot√£o Extrato")
  File "C:\Users\hudson.porto\OneDrive - Grupo Imerge\RPA\selenium-rpa\app\itau-main.py", line 172, in clicar_com_retry
    raise TimeoutException(f"Elemento '{descricao}' n√£o apareceu a tempo.")
selenium.common.exceptions.TimeoutException: Message: Elemento 'Bot√£o Extrato' n√£o apareceu a tempo.


2025-10-24 09:31:53,644 [INFO] ‚è±Ô∏è Dura√ß√£o de itau-main.py: 1862.70s
2025-10-24 09:31:53,645 [INFO] ------------------------------------------------------------
2025-10-24 09:31:53,646 [INFO] 
--- Iniciando execu√ß√£o: itau-pandas.py ---
2025-10-24 09:31:58,624 [INFO] ‚úÖ itau-pandas.py finalizado com sucesso.
2025-10-24 09:31:58,625 [INFO] ‚è±Ô∏è Dura√ß√£o de itau-pandas.py: 4.98s
2025-10-24 09:31:58,625 [INFO] ------------------------------------------------------------
2025-10-24 09:31:58,627 [INFO] 
--- Iniciando execu√ß√£o: caixa-main.py ---
2025-10-24 09:32:21,414 [WARNING] Problem reading geckodriver versions: error sending request for url (https://raw.githubusercontent.com/SeleniumHQ/selenium/trunk/common/geckodriver/geckodriver-support.json). Using latest geckodriver version
2025-10-24 09:32:21,415 [WARNING] There was an error managing geckodriver (error sending request for url (https://github.com/mozilla/geckodriver/releases/latest)); using driver found in the cache
2025-10-24 09:32:21,415 [WARNING] Error sending stats to Plausible: error sending request for url (https://plausible.io/api/event)
2025-10-24 09:44:22,131 [INFO] ‚úÖ caixa-main.py finalizado com sucesso.
2025-10-24 09:44:22,143 [INFO] ‚è±Ô∏è Dura√ß√£o de caixa-main.py: 743.52s
2025-10-24 09:44:22,147 [INFO] ------------------------------------------------------------
2025-10-24 09:44:22,152 [INFO] 
--- Iniciando execu√ß√£o: caixa-pandas.py ---
2025-10-24 09:44:22,547 [ERROR] ‚ùå Erro ao executar caixa-pandas.py: File is not a zip file
2025-10-24 09:44:22,547 [ERROR] Traceback (most recent call last):
  File "C:\Users\hudson.porto\OneDrive - Grupo Imerge\RPA\selenium-rpa\app\run_all.py", line 66, in run_script_rel
    ns = runpy.run_path(str(full), run_name="__main__")
         ^^^^^^^^^^^^^^^^^^^^^^^^^^^^^^^^^^^^^^^^^^^^^^
  File "<frozen runpy>", line 286, in run_path
  File "<frozen runpy>", line 98, in _run_module_code
  File "<frozen runpy>", line 88, in _run_code
  File "C:\Users\hudson.porto\OneDrive - Grupo Imerge\RPA\selenium-rpa\app\caixa-pandas.py", line 67, in <module>
    df = pd.read_excel(f, header=None, skiprows=2, engine="openpyxl")
         ^^^^^^^^^^^^^^^^^^^^^^^^^^^^^^^^^^^^^^^^^^^^^^^^^^^^^^^^^^^^
  File "C:\Users\hudson.porto\OneDrive - Grupo Imerge\RPA\selenium-rpa\.venv\Lib\site-packages\pandas\io\excel\_base.py", line 495, in read_excel
    io = ExcelFile(
         ^^^^^^^^^^
  File "C:\Users\hudson.porto\OneDrive - Grupo Imerge\RPA\selenium-rpa\.venv\Lib\site-packages\pandas\io\excel\_base.py", line 1567, in __init__
    self._reader = self._engines[engine](
                   ^^^^^^^^^^^^^^^^^^^^^^
  File "C:\Users\hudson.porto\OneDrive - Grupo Imerge\RPA\selenium-rpa\.venv\Lib\site-packages\pandas\io\excel\_openpyxl.py", line 553, in __init__
    super().__init__(
  File "C:\Users\hudson.porto\OneDrive - Grupo Imerge\RPA\selenium-rpa\.venv\Lib\site-packages\pandas\io\excel\_base.py", line 573, in __init__
    self.book = self.load_workbook(self.handles.handle, engine_kwargs)
                ^^^^^^^^^^^^^^^^^^^^^^^^^^^^^^^^^^^^^^^^^^^^^^^^^^^^^^
  File "C:\Users\hudson.porto\OneDrive - Grupo Imerge\RPA\selenium-rpa\.venv\Lib\site-packages\pandas\io\excel\_openpyxl.py", line 572, in load_workbook
    return load_workbook(
           ^^^^^^^^^^^^^^
  File "C:\Users\hudson.porto\OneDrive - Grupo Imerge\RPA\selenium-rpa\.venv\Lib\site-packages\openpyxl\reader\excel.py", line 346, in load_workbook
    reader = ExcelReader(filename, read_only, keep_vba,
             ^^^^^^^^^^^^^^^^^^^^^^^^^^^^^^^^^^^^^^^^^^
  File "C:\Users\hudson.porto\OneDrive - Grupo Imerge\RPA\selenium-rpa\.venv\Lib\site-packages\openpyxl\reader\excel.py", line 123, in __init__
    self.archive = _validate_archive(fn)
                   ^^^^^^^^^^^^^^^^^^^^^
  File "C:\Users\hudson.porto\OneDrive - Grupo Imerge\RPA\selenium-rpa\.venv\Lib\site-packages\openpyxl\reader\excel.py", line 95, in _validate_archive
    archive = ZipFile(filename, 'r')
              ^^^^^^^^^^^^^^^^^^^^^^
  File "C:\Program Files\Python312\Lib\zipfile\__init__.py", line 1349, in __init__
    self._RealGetContents()
  File "C:\Program Files\Python312\Lib\zipfile\__init__.py", line 1416, in _RealGetContents
    raise BadZipFile("File is not a zip file")
zipfile.BadZipFile: File is not a zip file

2025-10-24 09:44:22,549 [INFO] ‚è±Ô∏è Dura√ß√£o de caixa-pandas.py: 0.40s
2025-10-24 09:44:22,549 [INFO] ------------------------------------------------------------
2025-10-24 09:44:22,551 [INFO] 
--- Iniciando execu√ß√£o: consolidado-pandas.py ---
2025-10-24 09:44:24,925 [ERROR] ‚ùå Erro ao executar consolidado-pandas.py: Cannot save file into a non-existent directory: 'C:\Users\hudson.porto\OneDrive - Grupo Imerge\[IntraIMERGE] Financeiro 2 - Extratos\CONSOLIDADO_GERAL.xlsx'
2025-10-24 09:44:24,926 [ERROR] Traceback (most recent call last):
  File "C:\Users\hudson.porto\OneDrive - Grupo Imerge\RPA\selenium-rpa\app\run_all.py", line 66, in run_script_rel
    ns = runpy.run_path(str(full), run_name="__main__")
         ^^^^^^^^^^^^^^^^^^^^^^^^^^^^^^^^^^^^^^^^^^^^^^
  File "<frozen runpy>", line 286, in run_path
  File "<frozen runpy>", line 98, in _run_module_code
  File "<frozen runpy>", line 88, in _run_code
  File "C:\Users\hudson.porto\OneDrive - Grupo Imerge\RPA\selenium-rpa\app\consolidado-pandas.py", line 51, in <module>
    df_final.to_excel(saida, index=False, engine="openpyxl")
  File "C:\Users\hudson.porto\OneDrive - Grupo Imerge\RPA\selenium-rpa\.venv\Lib\site-packages\pandas\util\_decorators.py", line 333, in wrapper
    return func(*args, **kwargs)
           ^^^^^^^^^^^^^^^^^^^^^
  File "C:\Users\hudson.porto\OneDrive - Grupo Imerge\RPA\selenium-rpa\.venv\Lib\site-packages\pandas\core\generic.py", line 2436, in to_excel
    formatter.write(
  File "C:\Users\hudson.porto\OneDrive - Grupo Imerge\RPA\selenium-rpa\.venv\Lib\site-packages\pandas\io\formats\excel.py", line 943, in write
    writer = ExcelWriter(
             ^^^^^^^^^^^^
  File "C:\Users\hudson.porto\OneDrive - Grupo Imerge\RPA\selenium-rpa\.venv\Lib\site-packages\pandas\io\excel\_openpyxl.py", line 61, in __init__
    super().__init__(
  File "C:\Users\hudson.porto\OneDrive - Grupo Imerge\RPA\selenium-rpa\.venv\Lib\site-packages\pandas\io\excel\_base.py", line 1246, in __init__
    self._handles = get_handle(
                    ^^^^^^^^^^^
  File "C:\Users\hudson.porto\OneDrive - Grupo Imerge\RPA\selenium-rpa\.venv\Lib\site-packages\pandas\io\common.py", line 749, in get_handle
    check_parent_directory(str(handle))
  File "C:\Users\hudson.porto\OneDrive - Grupo Imerge\RPA\selenium-rpa\.venv\Lib\site-packages\pandas\io\common.py", line 616, in check_parent_directory
    raise OSError(rf"Cannot save file into a non-existent directory: '{parent}'")
OSError: Cannot save file into a non-existent directory: 'C:\Users\hudson.porto\OneDrive - Grupo Imerge\[IntraIMERGE] Financeiro 2 - Extratos\CONSOLIDADO_GERAL.xlsx'

2025-10-24 09:44:24,927 [INFO] ‚è±Ô∏è Dura√ß√£o de consolidado-pandas.py: 2.38s
2025-10-24 09:44:24,927 [INFO] ------------------------------------------------------------
2025-10-24 09:44:24,927 [INFO] üèÅ Execu√ß√£o conclu√≠da em 2613.99s
2025-10-24 09:44:24,927 [INFO] 
Resumo da execu√ß√£o:
2025-10-24 09:44:24,927 [INFO]  - itau-main.py: ERRO (1862.70s)
2025-10-24 09:44:24,927 [INFO]  - itau-pandas.py: OK (4.98s)
2025-10-24 09:44:24,927 [INFO]  - caixa-main.py: OK (743.52s)
2025-10-24 09:44:24,927 [INFO]  - caixa-pandas.py: ERRO (0.40s)
2025-10-24 09:44:24,927 [INFO]  - consolidado-pandas.py: ERRO (2.38s)
2025-10-24 09:44:24,928 [INFO] 
============================================================
üïí In√≠cio: Fri Oct 24 09:00:50 2025
üèÅ Fim: Fri Oct 24 09:44:24 2025
‚è±Ô∏è Dura√ß√£o total: 2613.99s
Status geral: ERROS DETECTADOS
Log salvo em: C:\Users\hudson.porto\OneDrive - Grupo Imerge\RPA\selenium-rpa\app\orchestrator.log
============================================================

2025-10-24 10:45:22,763 [INFO] üöÄ Iniciando execu√ß√£o completa do Orchestrator...
2025-10-24 10:45:22,763 [INFO] 
--- Iniciando execu√ß√£o: itau-main.py ---
2025-10-24 11:17:40,222 [INFO] ‚úÖ itau-main.py finalizado com sucesso.
2025-10-24 11:17:40,224 [INFO] ‚è±Ô∏è Dura√ß√£o de itau-main.py: 1937.46s
2025-10-24 11:17:40,224 [INFO] ------------------------------------------------------------
2025-10-24 11:17:40,225 [INFO] 
--- Iniciando execu√ß√£o: itau-pandas.py ---
2025-10-24 11:17:41,821 [INFO] ‚úÖ itau-pandas.py finalizado com sucesso.
2025-10-24 11:17:41,822 [INFO] ‚è±Ô∏è Dura√ß√£o de itau-pandas.py: 1.60s
2025-10-24 11:17:41,822 [INFO] ------------------------------------------------------------
2025-10-24 11:17:41,823 [INFO] 
--- Iniciando execu√ß√£o: caixa-main.py ---
2025-10-24 11:17:51,883 [ERROR] ‚ùå Erro ao executar caixa-main.py: Message: Browsing context has been discarded
Stacktrace:
RemoteError@chrome://remote/content/shared/RemoteError.sys.mjs:8:8
WebDriverError@chrome://remote/content/shared/webdriver/Errors.sys.mjs:202:5
NoSuchWindowError@chrome://remote/content/shared/webdriver/Errors.sys.mjs:782:5
assert.that/<@chrome://remote/content/shared/webdriver/Assert.sys.mjs:581:13
assert.open@chrome://remote/content/shared/webdriver/Assert.sys.mjs:169:4
GeckoDriver.prototype.navigateTo@chrome://remote/content/marionette/driver.sys.mjs:1146:39
dispatch@chrome://remote/content/marionette/server.sys.mjs:318:40
execute@chrome://remote/content/marionette/server.sys.mjs:289:16
onPacket/<@chrome://remote/content/marionette/server.sys.mjs:262:20
onPacket@chrome://remote/content/marionette/server.sys.mjs:263:9
_onJSONObjectReady/<@chrome://remote/content/marionette/transport.sys.mjs:494:20

2025-10-24 11:17:51,883 [ERROR] Traceback (most recent call last):
  File "C:\Users\hudson.porto\OneDrive - Grupo Imerge\RPA\selenium-rpa\app\run_all.py", line 66, in run_script_rel
    ns = runpy.run_path(str(full), run_name="__main__")
         ^^^^^^^^^^^^^^^^^^^^^^^^^^^^^^^^^^^^^^^^^^^^^^
  File "<frozen runpy>", line 286, in run_path
  File "<frozen runpy>", line 98, in _run_module_code
  File "<frozen runpy>", line 88, in _run_code
  File "C:\Users\hudson.porto\OneDrive - Grupo Imerge\RPA\selenium-rpa\app\caixa-main.py", line 62, in <module>
    driver.get(f"https://loginx.caixa.gov.br/auth/realms/r_inter_siper/protocol/openid-connect/auth?client_id=cli-web-gce&login_hint={accont}&redirect_uri=https%3A%2F%2Fgerenciador.caixa.gov.br%2Fempresa&response_mode=query&response_type=code&scope=openid&nonce=b117bf80c4384ef3637f5a0a8042d410c580a5f86119198a5dbd21a2bbc0c1c9")
  File "C:\Users\hudson.porto\OneDrive - Grupo Imerge\RPA\selenium-rpa\.venv\Lib\site-packages\selenium\webdriver\remote\webdriver.py", line 483, in get
    self.execute(Command.GET, {"url": url})
  File "C:\Users\hudson.porto\OneDrive - Grupo Imerge\RPA\selenium-rpa\.venv\Lib\site-packages\selenium\webdriver\remote\webdriver.py", line 458, in execute
    self.error_handler.check_response(response)
  File "C:\Users\hudson.porto\OneDrive - Grupo Imerge\RPA\selenium-rpa\.venv\Lib\site-packages\selenium\webdriver\remote\errorhandler.py", line 232, in check_response
    raise exception_class(message, screen, stacktrace)
selenium.common.exceptions.NoSuchWindowException: Message: Browsing context has been discarded
Stacktrace:
RemoteError@chrome://remote/content/shared/RemoteError.sys.mjs:8:8
WebDriverError@chrome://remote/content/shared/webdriver/Errors.sys.mjs:202:5
NoSuchWindowError@chrome://remote/content/shared/webdriver/Errors.sys.mjs:782:5
assert.that/<@chrome://remote/content/shared/webdriver/Assert.sys.mjs:581:13
assert.open@chrome://remote/content/shared/webdriver/Assert.sys.mjs:169:4
GeckoDriver.prototype.navigateTo@chrome://remote/content/marionette/driver.sys.mjs:1146:39
dispatch@chrome://remote/content/marionette/server.sys.mjs:318:40
execute@chrome://remote/content/marionette/server.sys.mjs:289:16
onPacket/<@chrome://remote/content/marionette/server.sys.mjs:262:20
onPacket@chrome://remote/content/marionette/server.sys.mjs:263:9
_onJSONObjectReady/<@chrome://remote/content/marionette/transport.sys.mjs:494:20


2025-10-24 11:17:51,884 [INFO] ‚è±Ô∏è Dura√ß√£o de caixa-main.py: 10.06s
2025-10-24 11:17:51,884 [INFO] ------------------------------------------------------------
2025-10-24 11:17:51,884 [INFO] 
--- Iniciando execu√ß√£o: caixa-pandas.py ---
2025-10-24 11:17:51,888 [ERROR] ‚ùå Erro ao executar caixa-pandas.py: No objects to concatenate
2025-10-24 11:17:51,888 [ERROR] Traceback (most recent call last):
  File "C:\Users\hudson.porto\OneDrive - Grupo Imerge\RPA\selenium-rpa\app\run_all.py", line 66, in run_script_rel
    ns = runpy.run_path(str(full), run_name="__main__")
         ^^^^^^^^^^^^^^^^^^^^^^^^^^^^^^^^^^^^^^^^^^^^^^
  File "<frozen runpy>", line 286, in run_path
  File "<frozen runpy>", line 98, in _run_module_code
  File "<frozen runpy>", line 88, in _run_code
  File "C:\Users\hudson.porto\OneDrive - Grupo Imerge\RPA\selenium-rpa\app\caixa-pandas.py", line 110, in <module>
    df_consolidado = pd.concat(dfs, ignore_index=True)
                     ^^^^^^^^^^^^^^^^^^^^^^^^^^^^^^^^^
  File "C:\Users\hudson.porto\OneDrive - Grupo Imerge\RPA\selenium-rpa\.venv\Lib\site-packages\pandas\core\reshape\concat.py", line 382, in concat
    op = _Concatenator(
         ^^^^^^^^^^^^^^
  File "C:\Users\hudson.porto\OneDrive - Grupo Imerge\RPA\selenium-rpa\.venv\Lib\site-packages\pandas\core\reshape\concat.py", line 445, in __init__
    objs, keys = self._clean_keys_and_objs(objs, keys)
                 ^^^^^^^^^^^^^^^^^^^^^^^^^^^^^^^^^^^^^
  File "C:\Users\hudson.porto\OneDrive - Grupo Imerge\RPA\selenium-rpa\.venv\Lib\site-packages\pandas\core\reshape\concat.py", line 507, in _clean_keys_and_objs
    raise ValueError("No objects to concatenate")
ValueError: No objects to concatenate

2025-10-24 11:17:51,888 [INFO] ‚è±Ô∏è Dura√ß√£o de caixa-pandas.py: 0.00s
2025-10-24 11:17:51,888 [INFO] ------------------------------------------------------------
2025-10-24 11:17:51,890 [INFO] 
--- Iniciando execu√ß√£o: consolidado-pandas.py ---
2025-10-24 11:17:54,029 [INFO] ‚úÖ consolidado-pandas.py finalizado com sucesso.
2025-10-24 11:17:54,029 [INFO] ‚è±Ô∏è Dura√ß√£o de consolidado-pandas.py: 2.14s
2025-10-24 11:17:54,030 [INFO] ------------------------------------------------------------
2025-10-24 11:17:54,030 [INFO] üèÅ Execu√ß√£o conclu√≠da em 1951.27s
2025-10-24 11:17:54,030 [INFO] 
Resumo da execu√ß√£o:
2025-10-24 11:17:54,030 [INFO]  - itau-main.py: OK (1937.46s)
2025-10-24 11:17:54,030 [INFO]  - itau-pandas.py: OK (1.60s)
2025-10-24 11:17:54,030 [INFO]  - caixa-main.py: ERRO (10.06s)
2025-10-24 11:17:54,030 [INFO]  - caixa-pandas.py: ERRO (0.00s)
2025-10-24 11:17:54,030 [INFO]  - consolidado-pandas.py: OK (2.14s)
2025-10-24 11:17:54,030 [INFO] 
============================================================
üïí In√≠cio: Fri Oct 24 10:45:22 2025
üèÅ Fim: Fri Oct 24 11:17:54 2025
‚è±Ô∏è Dura√ß√£o total: 1951.27s
Status geral: ERROS DETECTADOS
Log salvo em: C:\Users\hudson.porto\OneDrive - Grupo Imerge\RPA\selenium-rpa\app\orchestrator.log
============================================================

2025-10-27 07:00:36,984 [INFO] üöÄ Iniciando execu√ß√£o completa do Orchestrator...
2025-10-27 07:00:36,985 [INFO] 
--- Iniciando execu√ß√£o: itau-main.py ---
2025-10-27 07:00:38,967 [WARNING] Problem reading geckodriver versions: Error parsing JSON from URL https://raw.githubusercontent.com/SeleniumHQ/selenium/trunk/common/geckodriver/geckodriver-support.json invalid type: integer `429`, expected struct GeckodriverReleases at line 1 column 3. Using latest geckodriver version
2025-10-27 07:14:22,985 [INFO] ‚úÖ itau-main.py finalizado com sucesso.
2025-10-27 07:14:22,989 [INFO] ‚è±Ô∏è Dura√ß√£o de itau-main.py: 826.00s
2025-10-27 07:14:22,989 [INFO] ------------------------------------------------------------
2025-10-27 07:14:22,990 [INFO] 
--- Iniciando execu√ß√£o: itau-pandas.py ---
2025-10-27 07:14:27,728 [INFO] ‚úÖ itau-pandas.py finalizado com sucesso.
2025-10-27 07:14:27,729 [INFO] ‚è±Ô∏è Dura√ß√£o de itau-pandas.py: 4.74s
2025-10-27 07:14:27,730 [INFO] ------------------------------------------------------------
2025-10-27 07:14:27,731 [INFO] 
--- Iniciando execu√ß√£o: caixa-main.py ---
2025-10-27 07:15:40,298 [ERROR] ‚ùå Erro ao executar caixa-main.py: Message: 
Stacktrace:
RemoteError@chrome://remote/content/shared/RemoteError.sys.mjs:8:8
WebDriverError@chrome://remote/content/shared/webdriver/Errors.sys.mjs:202:5
NoSuchElementError@chrome://remote/content/shared/webdriver/Errors.sys.mjs:555:5
dom.find/</<@chrome://remote/content/shared/DOM.sys.mjs:136:16

2025-10-27 07:15:40,298 [ERROR] Traceback (most recent call last):
  File "C:\Users\hudson.porto\OneDrive - Grupo Imerge\RPA\selenium-rpa\app\run_all.py", line 66, in run_script_rel
    ns = runpy.run_path(str(full), run_name="__main__")
         ^^^^^^^^^^^^^^^^^^^^^^^^^^^^^^^^^^^^^^^^^^^^^^
  File "<frozen runpy>", line 286, in run_path
  File "<frozen runpy>", line 98, in _run_module_code
  File "<frozen runpy>", line 88, in _run_code
  File "C:\Users\hudson.porto\OneDrive - Grupo Imerge\RPA\selenium-rpa\app\caixa-main.py", line 135, in <module>
    lista = wait.until(EC.presence_of_element_located((By.ID, "listaContas")))
            ^^^^^^^^^^^^^^^^^^^^^^^^^^^^^^^^^^^^^^^^^^^^^^^^^^^^^^^^^^^^^^^^^^
  File "C:\Users\hudson.porto\OneDrive - Grupo Imerge\RPA\selenium-rpa\.venv\Lib\site-packages\selenium\webdriver\support\wait.py", line 138, in until
    raise TimeoutException(message, screen, stacktrace)
selenium.common.exceptions.TimeoutException: Message: 
Stacktrace:
RemoteError@chrome://remote/content/shared/RemoteError.sys.mjs:8:8
WebDriverError@chrome://remote/content/shared/webdriver/Errors.sys.mjs:202:5
NoSuchElementError@chrome://remote/content/shared/webdriver/Errors.sys.mjs:555:5
dom.find/</<@chrome://remote/content/shared/DOM.sys.mjs:136:16


2025-10-27 07:15:40,299 [INFO] ‚è±Ô∏è Dura√ß√£o de caixa-main.py: 72.57s
2025-10-27 07:15:40,300 [INFO] ------------------------------------------------------------
2025-10-27 07:15:40,300 [INFO] 
--- Iniciando execu√ß√£o: caixa-pandas.py ---
2025-10-27 07:15:42,592 [INFO] ‚úÖ caixa-pandas.py finalizado com sucesso.
2025-10-27 07:15:42,593 [INFO] ‚è±Ô∏è Dura√ß√£o de caixa-pandas.py: 2.29s
2025-10-27 07:15:42,593 [INFO] ------------------------------------------------------------
2025-10-27 07:15:42,594 [INFO] 
--- Iniciando execu√ß√£o: consolidado-pandas.py ---
2025-10-27 07:15:42,744 [INFO] ‚úÖ consolidado-pandas.py finalizado com sucesso.
2025-10-27 07:15:42,744 [INFO] ‚è±Ô∏è Dura√ß√£o de consolidado-pandas.py: 0.15s
2025-10-27 07:15:42,745 [INFO] ------------------------------------------------------------
2025-10-27 07:15:42,745 [INFO] üèÅ Execu√ß√£o conclu√≠da em 905.76s
2025-10-27 07:15:42,746 [INFO] 
Resumo da execu√ß√£o:
2025-10-27 07:15:42,746 [INFO]  - itau-main.py: OK (826.00s)
2025-10-27 07:15:42,746 [INFO]  - itau-pandas.py: OK (4.74s)
2025-10-27 07:15:42,746 [INFO]  - caixa-main.py: ERRO (72.57s)
2025-10-27 07:15:42,746 [INFO]  - caixa-pandas.py: OK (2.29s)
2025-10-27 07:15:42,747 [INFO]  - consolidado-pandas.py: OK (0.15s)
2025-10-27 07:15:42,747 [INFO] 
============================================================
üïí In√≠cio: Mon Oct 27 07:00:36 2025
üèÅ Fim: Mon Oct 27 07:15:42 2025
‚è±Ô∏è Dura√ß√£o total: 905.76s
Status geral: ERROS DETECTADOS
Log salvo em: C:\Users\hudson.porto\OneDrive - Grupo Imerge\RPA\selenium-rpa\app\orchestrator.log
============================================================

2025-10-28 06:59:01,772 [INFO] üöÄ Iniciando execu√ß√£o completa do Orchestrator...
2025-10-28 06:59:01,772 [INFO] 
--- Iniciando execu√ß√£o: itau-main.py ---
2025-10-28 06:59:05,424 [WARNING] Problem reading geckodriver versions: Error parsing JSON from URL https://raw.githubusercontent.com/SeleniumHQ/selenium/trunk/common/geckodriver/geckodriver-support.json invalid type: integer `429`, expected struct GeckodriverReleases at line 1 column 3. Using latest geckodriver version
2025-10-28 06:59:43,651 [ERROR] ‚ùå Erro ao executar itau-main.py: Message: Element <span id="seta-direita-ni" class="icon-itaufonts_seta_right cursor-pointer"> is not clickable at point (1108,39) because another element <div class="blockUI blockOverlay"> obscures it; For documentation on this error, please visit: https://www.selenium.dev/documentation/webdriver/troubleshooting/errors#elementclickinterceptedexception
Stacktrace:
RemoteError@chrome://remote/content/shared/RemoteError.sys.mjs:8:8
WebDriverError@chrome://remote/content/shared/webdriver/Errors.sys.mjs:202:5
ElementClickInterceptedError@chrome://remote/content/shared/webdriver/Errors.sys.mjs:354:5
webdriverClickElement@chrome://remote/content/marionette/interaction.sys.mjs:175:11
interaction.clickElement@chrome://remote/content/marionette/interaction.sys.mjs:134:11
clickElement@chrome://remote/content/marionette/actors/MarionetteCommandsChild.sys.mjs:327:29
receiveMessage@chrome://remote/content/marionette/actors/MarionetteCommandsChild.sys.mjs:210:31

2025-10-28 06:59:43,652 [ERROR] Traceback (most recent call last):
  File "C:\Users\hudson.porto\OneDrive - Grupo Imerge\RPA\selenium-rpa\app\run_all.py", line 66, in run_script_rel
    ns = runpy.run_path(str(full), run_name="__main__")
         ^^^^^^^^^^^^^^^^^^^^^^^^^^^^^^^^^^^^^^^^^^^^^^
  File "<frozen runpy>", line 286, in run_path
  File "<frozen runpy>", line 98, in _run_module_code
  File "<frozen runpy>", line 88, in _run_code
  File "C:\Users\hudson.porto\OneDrive - Grupo Imerge\RPA\selenium-rpa\app\itau-main.py", line 316, in <module>
    WebDriverWait(driver, 20).until(EC.presence_of_element_located((By.ID, "seta-direita-ni"))).click()
  File "C:\Users\hudson.porto\OneDrive - Grupo Imerge\RPA\selenium-rpa\.venv\Lib\site-packages\selenium\webdriver\remote\webelement.py", line 120, in click
    self._execute(Command.CLICK_ELEMENT)
  File "C:\Users\hudson.porto\OneDrive - Grupo Imerge\RPA\selenium-rpa\.venv\Lib\site-packages\selenium\webdriver\remote\webelement.py", line 573, in _execute
    return self._parent.execute(command, params)
           ^^^^^^^^^^^^^^^^^^^^^^^^^^^^^^^^^^^^^
  File "C:\Users\hudson.porto\OneDrive - Grupo Imerge\RPA\selenium-rpa\.venv\Lib\site-packages\selenium\webdriver\remote\webdriver.py", line 458, in execute
    self.error_handler.check_response(response)
  File "C:\Users\hudson.porto\OneDrive - Grupo Imerge\RPA\selenium-rpa\.venv\Lib\site-packages\selenium\webdriver\remote\errorhandler.py", line 232, in check_response
    raise exception_class(message, screen, stacktrace)
selenium.common.exceptions.ElementClickInterceptedException: Message: Element <span id="seta-direita-ni" class="icon-itaufonts_seta_right cursor-pointer"> is not clickable at point (1108,39) because another element <div class="blockUI blockOverlay"> obscures it; For documentation on this error, please visit: https://www.selenium.dev/documentation/webdriver/troubleshooting/errors#elementclickinterceptedexception
Stacktrace:
RemoteError@chrome://remote/content/shared/RemoteError.sys.mjs:8:8
WebDriverError@chrome://remote/content/shared/webdriver/Errors.sys.mjs:202:5
ElementClickInterceptedError@chrome://remote/content/shared/webdriver/Errors.sys.mjs:354:5
webdriverClickElement@chrome://remote/content/marionette/interaction.sys.mjs:175:11
interaction.clickElement@chrome://remote/content/marionette/interaction.sys.mjs:134:11
clickElement@chrome://remote/content/marionette/actors/MarionetteCommandsChild.sys.mjs:327:29
receiveMessage@chrome://remote/content/marionette/actors/MarionetteCommandsChild.sys.mjs:210:31


2025-10-28 06:59:43,656 [INFO] ‚è±Ô∏è Dura√ß√£o de itau-main.py: 41.88s
2025-10-28 06:59:43,657 [INFO] ------------------------------------------------------------
2025-10-28 06:59:43,657 [INFO] 
--- Iniciando execu√ß√£o: itau-pandas.py ---
2025-10-28 06:59:54,083 [INFO] ‚è±Ô∏è Dura√ß√£o de itau-pandas.py: 10.43s
2025-10-28 07:00:02,255 [INFO] üöÄ Iniciando execu√ß√£o completa do Orchestrator...
2025-10-28 07:00:02,255 [INFO] 
--- Iniciando execu√ß√£o: itau-main.py ---
2025-10-28 08:00:30,506 [INFO] ‚úÖ itau-main.py finalizado com sucesso.
2025-10-28 08:00:30,514 [INFO] ‚è±Ô∏è Dura√ß√£o de itau-main.py: 3628.26s
2025-10-28 08:00:30,514 [INFO] ------------------------------------------------------------
2025-10-28 08:00:30,517 [INFO] 
--- Iniciando execu√ß√£o: itau-pandas.py ---
2025-10-28 08:00:35,303 [INFO] ‚úÖ itau-pandas.py finalizado com sucesso.
2025-10-28 08:00:35,305 [INFO] ‚è±Ô∏è Dura√ß√£o de itau-pandas.py: 4.79s
2025-10-28 08:00:35,305 [INFO] ------------------------------------------------------------
2025-10-28 08:00:35,306 [INFO] 
--- Iniciando execu√ß√£o: caixa-main.py ---
2025-10-28 08:01:32,588 [ERROR] ‚ùå Erro ao executar caixa-main.py: Message: 
Stacktrace:
RemoteError@chrome://remote/content/shared/RemoteError.sys.mjs:8:8
WebDriverError@chrome://remote/content/shared/webdriver/Errors.sys.mjs:202:5
NoSuchElementError@chrome://remote/content/shared/webdriver/Errors.sys.mjs:555:5
dom.find/</<@chrome://remote/content/shared/DOM.sys.mjs:136:16

2025-10-28 08:01:32,589 [ERROR] Traceback (most recent call last):
  File "C:\Users\hudson.porto\OneDrive - Grupo Imerge\RPA\selenium-rpa\app\run_all.py", line 66, in run_script_rel
    ns = runpy.run_path(str(full), run_name="__main__")
         ^^^^^^^^^^^^^^^^^^^^^^^^^^^^^^^^^^^^^^^^^^^^^^
  File "<frozen runpy>", line 286, in run_path
  File "<frozen runpy>", line 98, in _run_module_code
  File "<frozen runpy>", line 88, in _run_code
  File "C:\Users\hudson.porto\OneDrive - Grupo Imerge\RPA\selenium-rpa\app\caixa-main.py", line 189, in <module>
    saldo_extratos = wait.until(EC.element_to_be_clickable(
                     ^^^^^^^^^^^^^^^^^^^^^^^^^^^^^^^^^^^^^^
  File "C:\Users\hudson.porto\OneDrive - Grupo Imerge\RPA\selenium-rpa\.venv\Lib\site-packages\selenium\webdriver\support\wait.py", line 138, in until
    raise TimeoutException(message, screen, stacktrace)
selenium.common.exceptions.TimeoutException: Message: 
Stacktrace:
RemoteError@chrome://remote/content/shared/RemoteError.sys.mjs:8:8
WebDriverError@chrome://remote/content/shared/webdriver/Errors.sys.mjs:202:5
NoSuchElementError@chrome://remote/content/shared/webdriver/Errors.sys.mjs:555:5
dom.find/</<@chrome://remote/content/shared/DOM.sys.mjs:136:16


2025-10-28 08:01:32,590 [INFO] ‚è±Ô∏è Dura√ß√£o de caixa-main.py: 57.28s
2025-10-28 08:01:32,590 [INFO] ------------------------------------------------------------
2025-10-28 08:01:32,590 [INFO] 
--- Iniciando execu√ß√£o: caixa-pandas.py ---
2025-10-28 08:01:32,625 [ERROR] ‚ùå Erro ao executar caixa-pandas.py: No objects to concatenate
2025-10-28 08:01:32,625 [ERROR] Traceback (most recent call last):
  File "C:\Users\hudson.porto\OneDrive - Grupo Imerge\RPA\selenium-rpa\app\run_all.py", line 66, in run_script_rel
    ns = runpy.run_path(str(full), run_name="__main__")
         ^^^^^^^^^^^^^^^^^^^^^^^^^^^^^^^^^^^^^^^^^^^^^^
  File "<frozen runpy>", line 286, in run_path
  File "<frozen runpy>", line 98, in _run_module_code
  File "<frozen runpy>", line 88, in _run_code
  File "C:\Users\hudson.porto\OneDrive - Grupo Imerge\RPA\selenium-rpa\app\caixa-pandas.py", line 115, in <module>
    df_consolidado = pd.concat(dfs, ignore_index=True)
                     ^^^^^^^^^^^^^^^^^^^^^^^^^^^^^^^^^
  File "C:\Users\hudson.porto\OneDrive - Grupo Imerge\RPA\selenium-rpa\.venv\Lib\site-packages\pandas\core\reshape\concat.py", line 382, in concat
    op = _Concatenator(
         ^^^^^^^^^^^^^^
  File "C:\Users\hudson.porto\OneDrive - Grupo Imerge\RPA\selenium-rpa\.venv\Lib\site-packages\pandas\core\reshape\concat.py", line 445, in __init__
    objs, keys = self._clean_keys_and_objs(objs, keys)
                 ^^^^^^^^^^^^^^^^^^^^^^^^^^^^^^^^^^^^^
  File "C:\Users\hudson.porto\OneDrive - Grupo Imerge\RPA\selenium-rpa\.venv\Lib\site-packages\pandas\core\reshape\concat.py", line 507, in _clean_keys_and_objs
    raise ValueError("No objects to concatenate")
ValueError: No objects to concatenate

2025-10-28 08:01:32,627 [INFO] ‚è±Ô∏è Dura√ß√£o de caixa-pandas.py: 0.04s
2025-10-28 08:01:32,627 [INFO] ------------------------------------------------------------
2025-10-28 08:01:32,628 [INFO] 
--- Iniciando execu√ß√£o: consolidado-pandas.py ---
2025-10-28 08:01:34,776 [INFO] ‚úÖ consolidado-pandas.py finalizado com sucesso.
2025-10-28 08:01:34,776 [INFO] ‚è±Ô∏è Dura√ß√£o de consolidado-pandas.py: 2.15s
2025-10-28 08:01:34,777 [INFO] ------------------------------------------------------------
2025-10-28 08:01:34,777 [INFO] üèÅ Execu√ß√£o conclu√≠da em 3692.52s
2025-10-28 08:01:34,777 [INFO] 
Resumo da execu√ß√£o:
2025-10-28 08:01:34,777 [INFO]  - itau-main.py: OK (3628.26s)
2025-10-28 08:01:34,778 [INFO]  - itau-pandas.py: OK (4.79s)
2025-10-28 08:01:34,778 [INFO]  - caixa-main.py: ERRO (57.28s)
2025-10-28 08:01:34,778 [INFO]  - caixa-pandas.py: ERRO (0.04s)
2025-10-28 08:01:34,778 [INFO]  - consolidado-pandas.py: OK (2.15s)
2025-10-28 08:01:34,779 [INFO] 
============================================================
üïí In√≠cio: Tue Oct 28 07:00:02 2025
üèÅ Fim: Tue Oct 28 08:01:34 2025
‚è±Ô∏è Dura√ß√£o total: 3692.52s
Status geral: ERROS DETECTADOS
Log salvo em: C:\Users\hudson.porto\OneDrive - Grupo Imerge\RPA\selenium-rpa\app\orchestrator.log
============================================================

2025-10-28 08:21:09,804 [INFO] üöÄ Iniciando execu√ß√£o completa do Orchestrator...
2025-10-28 08:21:09,805 [INFO] 
--- Iniciando execu√ß√£o: itau-main.py ---
2025-10-28 08:21:37,396 [ERROR] ‚ùå Erro ao executar itau-main.py: Message: Element <span id="seta-direita-ni" class="icon-itaufonts_seta_right cursor-pointer"> is not clickable at point (1108,39) because another element <div class="blockUI blockOverlay"> obscures it; For documentation on this error, please visit: https://www.selenium.dev/documentation/webdriver/troubleshooting/errors#elementclickinterceptedexception
Stacktrace:
RemoteError@chrome://remote/content/shared/RemoteError.sys.mjs:8:8
WebDriverError@chrome://remote/content/shared/webdriver/Errors.sys.mjs:202:5
ElementClickInterceptedError@chrome://remote/content/shared/webdriver/Errors.sys.mjs:354:5
webdriverClickElement@chrome://remote/content/marionette/interaction.sys.mjs:175:11
interaction.clickElement@chrome://remote/content/marionette/interaction.sys.mjs:134:11
clickElement@chrome://remote/content/marionette/actors/MarionetteCommandsChild.sys.mjs:327:29
receiveMessage@chrome://remote/content/marionette/actors/MarionetteCommandsChild.sys.mjs:210:31

2025-10-28 08:21:37,398 [ERROR] Traceback (most recent call last):
  File "C:\Users\hudson.porto\OneDrive - Grupo Imerge\RPA\selenium-rpa\app\run_all.py", line 66, in run_script_rel
    ns = runpy.run_path(str(full), run_name="__main__")
         ^^^^^^^^^^^^^^^^^^^^^^^^^^^^^^^^^^^^^^^^^^^^^^
  File "<frozen runpy>", line 286, in run_path
  File "<frozen runpy>", line 98, in _run_module_code
  File "<frozen runpy>", line 88, in _run_code
  File "C:\Users\hudson.porto\OneDrive - Grupo Imerge\RPA\selenium-rpa\app\itau-main.py", line 316, in <module>
    WebDriverWait(driver, 20).until(EC.presence_of_element_located((By.ID, "seta-direita-ni"))).click()
  File "C:\Users\hudson.porto\OneDrive - Grupo Imerge\RPA\selenium-rpa\.venv\Lib\site-packages\selenium\webdriver\remote\webelement.py", line 120, in click
    self._execute(Command.CLICK_ELEMENT)
  File "C:\Users\hudson.porto\OneDrive - Grupo Imerge\RPA\selenium-rpa\.venv\Lib\site-packages\selenium\webdriver\remote\webelement.py", line 573, in _execute
    return self._parent.execute(command, params)
           ^^^^^^^^^^^^^^^^^^^^^^^^^^^^^^^^^^^^^
  File "C:\Users\hudson.porto\OneDrive - Grupo Imerge\RPA\selenium-rpa\.venv\Lib\site-packages\selenium\webdriver\remote\webdriver.py", line 458, in execute
    self.error_handler.check_response(response)
  File "C:\Users\hudson.porto\OneDrive - Grupo Imerge\RPA\selenium-rpa\.venv\Lib\site-packages\selenium\webdriver\remote\errorhandler.py", line 232, in check_response
    raise exception_class(message, screen, stacktrace)
selenium.common.exceptions.ElementClickInterceptedException: Message: Element <span id="seta-direita-ni" class="icon-itaufonts_seta_right cursor-pointer"> is not clickable at point (1108,39) because another element <div class="blockUI blockOverlay"> obscures it; For documentation on this error, please visit: https://www.selenium.dev/documentation/webdriver/troubleshooting/errors#elementclickinterceptedexception
Stacktrace:
RemoteError@chrome://remote/content/shared/RemoteError.sys.mjs:8:8
WebDriverError@chrome://remote/content/shared/webdriver/Errors.sys.mjs:202:5
ElementClickInterceptedError@chrome://remote/content/shared/webdriver/Errors.sys.mjs:354:5
webdriverClickElement@chrome://remote/content/marionette/interaction.sys.mjs:175:11
interaction.clickElement@chrome://remote/content/marionette/interaction.sys.mjs:134:11
clickElement@chrome://remote/content/marionette/actors/MarionetteCommandsChild.sys.mjs:327:29
receiveMessage@chrome://remote/content/marionette/actors/MarionetteCommandsChild.sys.mjs:210:31


2025-10-28 08:21:37,400 [INFO] ‚è±Ô∏è Dura√ß√£o de itau-main.py: 27.59s
2025-10-28 08:21:37,400 [INFO] ------------------------------------------------------------
2025-10-28 08:21:37,400 [INFO] 
--- Iniciando execu√ß√£o: itau-pandas.py ---
2025-10-28 08:21:40,464 [INFO] ‚è±Ô∏è Dura√ß√£o de itau-pandas.py: 3.06s
2025-10-28 08:28:57,620 [INFO] üöÄ Iniciando execu√ß√£o completa do Orchestrator...
2025-10-28 08:28:57,620 [INFO] 
--- Iniciando execu√ß√£o: itau-main.py ---
2025-10-28 08:29:22,283 [ERROR] ‚ùå Erro ao executar itau-main.py: Message: Element <a id="btn-continuar" class="btn btn-fluxo right" href="javascript:continuar()"> is not clickable at point (712,365) because another element <div class="row clearfix"> obscures it; For documentation on this error, please visit: https://www.selenium.dev/documentation/webdriver/troubleshooting/errors#elementclickinterceptedexception
Stacktrace:
RemoteError@chrome://remote/content/shared/RemoteError.sys.mjs:8:8
WebDriverError@chrome://remote/content/shared/webdriver/Errors.sys.mjs:202:5
ElementClickInterceptedError@chrome://remote/content/shared/webdriver/Errors.sys.mjs:354:5
webdriverClickElement@chrome://remote/content/marionette/interaction.sys.mjs:175:11
interaction.clickElement@chrome://remote/content/marionette/interaction.sys.mjs:134:11
clickElement@chrome://remote/content/marionette/actors/MarionetteCommandsChild.sys.mjs:327:29
receiveMessage@chrome://remote/content/marionette/actors/MarionetteCommandsChild.sys.mjs:210:31

2025-10-28 08:29:22,283 [ERROR] Traceback (most recent call last):
  File "C:\Users\hudson.porto\OneDrive - Grupo Imerge\RPA\selenium-rpa\app\run_all.py", line 66, in run_script_rel
    ns = runpy.run_path(str(full), run_name="__main__")
         ^^^^^^^^^^^^^^^^^^^^^^^^^^^^^^^^^^^^^^^^^^^^^^
  File "<frozen runpy>", line 286, in run_path
  File "<frozen runpy>", line 98, in _run_module_code
  File "<frozen runpy>", line 88, in _run_code
  File "C:\Users\hudson.porto\OneDrive - Grupo Imerge\RPA\selenium-rpa\app\itau-main.py", line 127, in <module>
    WebDriverWait(driver, 20).until(EC.presence_of_element_located((By.ID, "btn-continuar"))).click()
  File "C:\Users\hudson.porto\OneDrive - Grupo Imerge\RPA\selenium-rpa\.venv\Lib\site-packages\selenium\webdriver\remote\webelement.py", line 120, in click
    self._execute(Command.CLICK_ELEMENT)
  File "C:\Users\hudson.porto\OneDrive - Grupo Imerge\RPA\selenium-rpa\.venv\Lib\site-packages\selenium\webdriver\remote\webelement.py", line 573, in _execute
    return self._parent.execute(command, params)
           ^^^^^^^^^^^^^^^^^^^^^^^^^^^^^^^^^^^^^
  File "C:\Users\hudson.porto\OneDrive - Grupo Imerge\RPA\selenium-rpa\.venv\Lib\site-packages\selenium\webdriver\remote\webdriver.py", line 458, in execute
    self.error_handler.check_response(response)
  File "C:\Users\hudson.porto\OneDrive - Grupo Imerge\RPA\selenium-rpa\.venv\Lib\site-packages\selenium\webdriver\remote\errorhandler.py", line 232, in check_response
    raise exception_class(message, screen, stacktrace)
selenium.common.exceptions.ElementClickInterceptedException: Message: Element <a id="btn-continuar" class="btn btn-fluxo right" href="javascript:continuar()"> is not clickable at point (712,365) because another element <div class="row clearfix"> obscures it; For documentation on this error, please visit: https://www.selenium.dev/documentation/webdriver/troubleshooting/errors#elementclickinterceptedexception
Stacktrace:
RemoteError@chrome://remote/content/shared/RemoteError.sys.mjs:8:8
WebDriverError@chrome://remote/content/shared/webdriver/Errors.sys.mjs:202:5
ElementClickInterceptedError@chrome://remote/content/shared/webdriver/Errors.sys.mjs:354:5
webdriverClickElement@chrome://remote/content/marionette/interaction.sys.mjs:175:11
interaction.clickElement@chrome://remote/content/marionette/interaction.sys.mjs:134:11
clickElement@chrome://remote/content/marionette/actors/MarionetteCommandsChild.sys.mjs:327:29
receiveMessage@chrome://remote/content/marionette/actors/MarionetteCommandsChild.sys.mjs:210:31


2025-10-28 08:29:22,285 [INFO] ‚è±Ô∏è Dura√ß√£o de itau-main.py: 24.67s
2025-10-28 08:29:22,285 [INFO] ------------------------------------------------------------
2025-10-28 08:29:22,287 [INFO] 
--- Iniciando execu√ß√£o: itau-pandas.py ---
2025-10-28 08:29:25,236 [INFO] ‚è±Ô∏è Dura√ß√£o de itau-pandas.py: 2.95s
2025-10-28 08:32:33,484 [INFO] üöÄ Iniciando execu√ß√£o completa do Orchestrator...
2025-10-28 08:32:33,484 [INFO] 
--- Iniciando execu√ß√£o: itau-main.py ---
2025-10-28 09:09:31,530 [INFO] ‚úÖ itau-main.py finalizado com sucesso.
2025-10-28 09:09:31,535 [INFO] ‚è±Ô∏è Dura√ß√£o de itau-main.py: 2218.05s
2025-10-28 09:09:31,535 [INFO] ------------------------------------------------------------
2025-10-28 09:09:31,537 [INFO] 
--- Iniciando execu√ß√£o: itau-pandas.py ---
2025-10-28 09:09:37,028 [INFO] ‚úÖ itau-pandas.py finalizado com sucesso.
2025-10-28 09:09:37,028 [INFO] ‚è±Ô∏è Dura√ß√£o de itau-pandas.py: 5.49s
2025-10-28 09:09:37,030 [INFO] ------------------------------------------------------------
2025-10-28 09:09:37,030 [INFO] 
--- Iniciando execu√ß√£o: caixa-main.py ---
2025-10-28 09:09:47,378 [ERROR] ‚ùå Erro ao executar caixa-main.py: Message: Browsing context has been discarded
Stacktrace:
RemoteError@chrome://remote/content/shared/RemoteError.sys.mjs:8:8
WebDriverError@chrome://remote/content/shared/webdriver/Errors.sys.mjs:202:5
NoSuchWindowError@chrome://remote/content/shared/webdriver/Errors.sys.mjs:782:5
assert.that/<@chrome://remote/content/shared/webdriver/Assert.sys.mjs:581:13
assert.open@chrome://remote/content/shared/webdriver/Assert.sys.mjs:169:4
GeckoDriver.prototype.navigateTo@chrome://remote/content/marionette/driver.sys.mjs:1146:39
dispatch@chrome://remote/content/marionette/server.sys.mjs:318:40
execute@chrome://remote/content/marionette/server.sys.mjs:289:16
onPacket/<@chrome://remote/content/marionette/server.sys.mjs:262:20
onPacket@chrome://remote/content/marionette/server.sys.mjs:263:9
_onJSONObjectReady/<@chrome://remote/content/marionette/transport.sys.mjs:494:20

2025-10-28 09:09:47,379 [ERROR] Traceback (most recent call last):
  File "C:\Users\hudson.porto\OneDrive - Grupo Imerge\RPA\selenium-rpa\app\run_all.py", line 66, in run_script_rel
    ns = runpy.run_path(str(full), run_name="__main__")
         ^^^^^^^^^^^^^^^^^^^^^^^^^^^^^^^^^^^^^^^^^^^^^^
  File "<frozen runpy>", line 286, in run_path
  File "<frozen runpy>", line 98, in _run_module_code
  File "<frozen runpy>", line 88, in _run_code
  File "C:\Users\hudson.porto\OneDrive - Grupo Imerge\RPA\selenium-rpa\app\caixa-main.py", line 62, in <module>
    driver.get(f"https://loginx.caixa.gov.br/auth/realms/r_inter_siper/protocol/openid-connect/auth?client_id=cli-web-gce&login_hint={accont}&redirect_uri=https%3A%2F%2Fgerenciador.caixa.gov.br%2Fempresa&response_mode=query&response_type=code&scope=openid&nonce=b117bf80c4384ef3637f5a0a8042d410c580a5f86119198a5dbd21a2bbc0c1c9")
  File "C:\Users\hudson.porto\OneDrive - Grupo Imerge\RPA\selenium-rpa\.venv\Lib\site-packages\selenium\webdriver\remote\webdriver.py", line 483, in get
    self.execute(Command.GET, {"url": url})
  File "C:\Users\hudson.porto\OneDrive - Grupo Imerge\RPA\selenium-rpa\.venv\Lib\site-packages\selenium\webdriver\remote\webdriver.py", line 458, in execute
    self.error_handler.check_response(response)
  File "C:\Users\hudson.porto\OneDrive - Grupo Imerge\RPA\selenium-rpa\.venv\Lib\site-packages\selenium\webdriver\remote\errorhandler.py", line 232, in check_response
    raise exception_class(message, screen, stacktrace)
selenium.common.exceptions.NoSuchWindowException: Message: Browsing context has been discarded
Stacktrace:
RemoteError@chrome://remote/content/shared/RemoteError.sys.mjs:8:8
WebDriverError@chrome://remote/content/shared/webdriver/Errors.sys.mjs:202:5
NoSuchWindowError@chrome://remote/content/shared/webdriver/Errors.sys.mjs:782:5
assert.that/<@chrome://remote/content/shared/webdriver/Assert.sys.mjs:581:13
assert.open@chrome://remote/content/shared/webdriver/Assert.sys.mjs:169:4
GeckoDriver.prototype.navigateTo@chrome://remote/content/marionette/driver.sys.mjs:1146:39
dispatch@chrome://remote/content/marionette/server.sys.mjs:318:40
execute@chrome://remote/content/marionette/server.sys.mjs:289:16
onPacket/<@chrome://remote/content/marionette/server.sys.mjs:262:20
onPacket@chrome://remote/content/marionette/server.sys.mjs:263:9
_onJSONObjectReady/<@chrome://remote/content/marionette/transport.sys.mjs:494:20


2025-10-28 09:09:47,379 [INFO] ‚è±Ô∏è Dura√ß√£o de caixa-main.py: 10.35s
2025-10-28 09:09:47,380 [INFO] ------------------------------------------------------------
2025-10-28 09:09:47,380 [INFO] 
--- Iniciando execu√ß√£o: caixa-pandas.py ---
2025-10-28 09:09:47,402 [ERROR] ‚ùå Erro ao executar caixa-pandas.py: No objects to concatenate
2025-10-28 09:09:47,402 [ERROR] Traceback (most recent call last):
  File "C:\Users\hudson.porto\OneDrive - Grupo Imerge\RPA\selenium-rpa\app\run_all.py", line 66, in run_script_rel
    ns = runpy.run_path(str(full), run_name="__main__")
         ^^^^^^^^^^^^^^^^^^^^^^^^^^^^^^^^^^^^^^^^^^^^^^
  File "<frozen runpy>", line 286, in run_path
  File "<frozen runpy>", line 98, in _run_module_code
  File "<frozen runpy>", line 88, in _run_code
  File "C:\Users\hudson.porto\OneDrive - Grupo Imerge\RPA\selenium-rpa\app\caixa-pandas.py", line 115, in <module>
    df_consolidado = pd.concat(dfs, ignore_index=True)
                     ^^^^^^^^^^^^^^^^^^^^^^^^^^^^^^^^^
  File "C:\Users\hudson.porto\OneDrive - Grupo Imerge\RPA\selenium-rpa\.venv\Lib\site-packages\pandas\core\reshape\concat.py", line 382, in concat
    op = _Concatenator(
         ^^^^^^^^^^^^^^
  File "C:\Users\hudson.porto\OneDrive - Grupo Imerge\RPA\selenium-rpa\.venv\Lib\site-packages\pandas\core\reshape\concat.py", line 445, in __init__
    objs, keys = self._clean_keys_and_objs(objs, keys)
                 ^^^^^^^^^^^^^^^^^^^^^^^^^^^^^^^^^^^^^
  File "C:\Users\hudson.porto\OneDrive - Grupo Imerge\RPA\selenium-rpa\.venv\Lib\site-packages\pandas\core\reshape\concat.py", line 507, in _clean_keys_and_objs
    raise ValueError("No objects to concatenate")
ValueError: No objects to concatenate

2025-10-28 09:09:47,403 [INFO] ‚è±Ô∏è Dura√ß√£o de caixa-pandas.py: 0.02s
2025-10-28 09:09:47,403 [INFO] ------------------------------------------------------------
2025-10-28 09:09:47,403 [INFO] 
--- Iniciando execu√ß√£o: consolidado-pandas.py ---
2025-10-28 09:09:49,527 [INFO] ‚úÖ consolidado-pandas.py finalizado com sucesso.
2025-10-28 09:09:49,528 [INFO] ‚è±Ô∏è Dura√ß√£o de consolidado-pandas.py: 2.13s
2025-10-28 09:09:49,528 [INFO] ------------------------------------------------------------
2025-10-28 09:09:49,529 [INFO] üèÅ Execu√ß√£o conclu√≠da em 2236.04s
2025-10-28 09:09:49,529 [INFO] 
Resumo da execu√ß√£o:
2025-10-28 09:09:49,529 [INFO]  - itau-main.py: OK (2218.05s)
2025-10-28 09:09:49,529 [INFO]  - itau-pandas.py: OK (5.49s)
2025-10-28 09:09:49,529 [INFO]  - caixa-main.py: ERRO (10.35s)
2025-10-28 09:09:49,529 [INFO]  - caixa-pandas.py: ERRO (0.02s)
2025-10-28 09:09:49,530 [INFO]  - consolidado-pandas.py: OK (2.13s)
2025-10-28 09:09:49,530 [INFO] 
============================================================
üïí In√≠cio: Tue Oct 28 08:32:33 2025
üèÅ Fim: Tue Oct 28 09:09:49 2025
‚è±Ô∏è Dura√ß√£o total: 2236.04s
Status geral: ERROS DETECTADOS
Log salvo em: C:\Users\hudson.porto\OneDrive - Grupo Imerge\RPA\selenium-rpa\app\orchestrator.log
============================================================

2025-10-28 13:57:58,880 [INFO] üöÄ Iniciando execu√ß√£o completa do Orchestrator...
2025-10-28 13:57:58,882 [INFO] 
--- Iniciando execu√ß√£o: itau-main.py ---
2025-10-28 13:58:05,576 [ERROR] ‚ùå Erro ao executar itau-main.py: Message: Process unexpectedly closed with status 0

2025-10-28 13:58:05,576 [ERROR] Traceback (most recent call last):
  File "C:\Users\hudson.porto\OneDrive - Grupo Imerge\RPA\selenium-rpa\app\run_all.py", line 66, in run_script_rel
    ns = runpy.run_path(str(full), run_name="__main__")
         ^^^^^^^^^^^^^^^^^^^^^^^^^^^^^^^^^^^^^^^^^^^^^^
  File "<frozen runpy>", line 286, in run_path
  File "<frozen runpy>", line 98, in _run_module_code
  File "<frozen runpy>", line 88, in _run_code
  File "C:\Users\hudson.porto\OneDrive - Grupo Imerge\RPA\selenium-rpa\app\itau-main.py", line 68, in <module>
    driver = webdriver.Firefox(service=service, options=options)
             ^^^^^^^^^^^^^^^^^^^^^^^^^^^^^^^^^^^^^^^^^^^^^^^^^^^
  File "C:\Users\hudson.porto\OneDrive - Grupo Imerge\RPA\selenium-rpa\.venv\Lib\site-packages\selenium\webdriver\firefox\webdriver.py", line 72, in __init__
    super().__init__(command_executor=executor, options=options)
  File "C:\Users\hudson.porto\OneDrive - Grupo Imerge\RPA\selenium-rpa\.venv\Lib\site-packages\selenium\webdriver\remote\webdriver.py", line 263, in __init__
    self.start_session(capabilities)
  File "C:\Users\hudson.porto\OneDrive - Grupo Imerge\RPA\selenium-rpa\.venv\Lib\site-packages\selenium\webdriver\remote\webdriver.py", line 366, in start_session
    response = self.execute(Command.NEW_SESSION, caps)["value"]
               ^^^^^^^^^^^^^^^^^^^^^^^^^^^^^^^^^^^^^^^
  File "C:\Users\hudson.porto\OneDrive - Grupo Imerge\RPA\selenium-rpa\.venv\Lib\site-packages\selenium\webdriver\remote\webdriver.py", line 458, in execute
    self.error_handler.check_response(response)
  File "C:\Users\hudson.porto\OneDrive - Grupo Imerge\RPA\selenium-rpa\.venv\Lib\site-packages\selenium\webdriver\remote\errorhandler.py", line 232, in check_response
    raise exception_class(message, screen, stacktrace)
selenium.common.exceptions.WebDriverException: Message: Process unexpectedly closed with status 0


2025-10-28 13:58:05,576 [INFO] ‚è±Ô∏è Dura√ß√£o de itau-main.py: 6.69s
2025-10-28 13:58:05,576 [INFO] ------------------------------------------------------------
2025-10-28 13:58:05,576 [INFO] 
--- Iniciando execu√ß√£o: itau-pandas.py ---
2025-10-28 13:58:08,136 [INFO] ‚è±Ô∏è Dura√ß√£o de itau-pandas.py: 2.56s
2025-10-28 13:58:39,167 [INFO] üöÄ Iniciando execu√ß√£o completa do Orchestrator...
2025-10-28 13:58:39,168 [INFO] 
--- Iniciando execu√ß√£o: itau-main.py ---
2025-10-28 14:40:58,957 [INFO] ‚úÖ itau-main.py finalizado com sucesso.
2025-10-28 14:40:58,967 [INFO] ‚è±Ô∏è Dura√ß√£o de itau-main.py: 2539.80s
2025-10-28 14:40:58,967 [INFO] ------------------------------------------------------------
2025-10-28 14:40:58,969 [INFO] 
--- Iniciando execu√ß√£o: itau-pandas.py ---
2025-10-28 14:41:01,371 [INFO] ‚úÖ itau-pandas.py finalizado com sucesso.
2025-10-28 14:41:01,372 [INFO] ‚è±Ô∏è Dura√ß√£o de itau-pandas.py: 2.40s
2025-10-28 14:41:01,373 [INFO] ------------------------------------------------------------
2025-10-28 14:41:01,374 [INFO] 
--- Iniciando execu√ß√£o: caixa-main.py ---
2025-10-28 14:54:29,849 [INFO] ‚úÖ caixa-main.py finalizado com sucesso.
2025-10-28 14:54:29,858 [INFO] ‚è±Ô∏è Dura√ß√£o de caixa-main.py: 808.48s
2025-10-28 14:54:29,860 [INFO] ------------------------------------------------------------
2025-10-28 14:54:29,866 [INFO] 
--- Iniciando execu√ß√£o: caixa-pandas.py ---
2025-10-28 14:54:33,351 [ERROR] ‚ùå Erro ao executar caixa-pandas.py: expected str, bytes or os.PathLike object, not NoneType
2025-10-28 14:54:33,351 [ERROR] Traceback (most recent call last):
  File "C:\Users\hudson.porto\OneDrive - Grupo Imerge\RPA\selenium-rpa\app\run_all.py", line 66, in run_script_rel
    ns = runpy.run_path(str(full), run_name="__main__")
         ^^^^^^^^^^^^^^^^^^^^^^^^^^^^^^^^^^^^^^^^^^^^^^
  File "<frozen runpy>", line 286, in run_path
  File "<frozen runpy>", line 98, in _run_module_code
  File "<frozen runpy>", line 88, in _run_code
  File "C:\Users\hudson.porto\OneDrive - Grupo Imerge\RPA\selenium-rpa\app\caixa-pandas.py", line 67, in <module>
    df = pd.read_excel(f, header=None, skiprows=2, engine="xlrd")
         ^^^^^^^^^^^^^^^^^^^^^^^^^^^^^^^^^^^^^^^^^^^^^^^^^^^^^^^^
  File "C:\Users\hudson.porto\OneDrive - Grupo Imerge\RPA\selenium-rpa\.venv\Lib\site-packages\pandas\io\excel\_base.py", line 495, in read_excel
    io = ExcelFile(
         ^^^^^^^^^^
  File "C:\Users\hudson.porto\OneDrive - Grupo Imerge\RPA\selenium-rpa\.venv\Lib\site-packages\pandas\io\excel\_base.py", line 1567, in __init__
    self._reader = self._engines[engine](
                   ^^^^^^^^^^^^^^^^^^^^^^
  File "C:\Users\hudson.porto\OneDrive - Grupo Imerge\RPA\selenium-rpa\.venv\Lib\site-packages\pandas\io\excel\_xlrd.py", line 46, in __init__
    super().__init__(
  File "C:\Users\hudson.porto\OneDrive - Grupo Imerge\RPA\selenium-rpa\.venv\Lib\site-packages\pandas\io\excel\_base.py", line 573, in __init__
    self.book = self.load_workbook(self.handles.handle, engine_kwargs)
                ^^^^^^^^^^^^^^^^^^^^^^^^^^^^^^^^^^^^^^^^^^^^^^^^^^^^^^
  File "C:\Users\hudson.porto\OneDrive - Grupo Imerge\RPA\selenium-rpa\.venv\Lib\site-packages\pandas\io\excel\_xlrd.py", line 63, in load_workbook
    return open_workbook(file_contents=data, **engine_kwargs)
           ^^^^^^^^^^^^^^^^^^^^^^^^^^^^^^^^^^^^^^^^^^^^^^^^^^
  File "C:\Users\hudson.porto\OneDrive - Grupo Imerge\RPA\selenium-rpa\.venv\Lib\site-packages\xlrd\__init__.py", line 166, in open_workbook
    file_format = inspect_format(filename, file_contents)
                  ^^^^^^^^^^^^^^^^^^^^^^^^^^^^^^^^^^^^^^^
  File "C:\Users\hudson.porto\OneDrive - Grupo Imerge\RPA\selenium-rpa\.venv\Lib\site-packages\xlrd\__init__.py", line 59, in inspect_format
    path = os.path.expanduser(path)
           ^^^^^^^^^^^^^^^^^^^^^^^^
  File "<frozen ntpath>", line 354, in expanduser
TypeError: expected str, bytes or os.PathLike object, not NoneType

2025-10-28 14:54:33,353 [INFO] ‚è±Ô∏è Dura√ß√£o de caixa-pandas.py: 3.49s
2025-10-28 14:54:33,353 [INFO] ------------------------------------------------------------
2025-10-28 14:54:33,353 [INFO] 
--- Iniciando execu√ß√£o: consolidado-pandas.py ---
2025-10-28 14:54:33,472 [INFO] ‚úÖ consolidado-pandas.py finalizado com sucesso.
2025-10-28 14:54:33,472 [INFO] ‚è±Ô∏è Dura√ß√£o de consolidado-pandas.py: 0.12s
2025-10-28 14:54:33,472 [INFO] ------------------------------------------------------------
2025-10-28 14:54:33,472 [INFO] üèÅ Execu√ß√£o conclu√≠da em 3354.30s
2025-10-28 14:54:33,472 [INFO] 
Resumo da execu√ß√£o:
2025-10-28 14:54:33,473 [INFO]  - itau-main.py: OK (2539.80s)
2025-10-28 14:54:33,473 [INFO]  - itau-pandas.py: OK (2.40s)
2025-10-28 14:54:33,473 [INFO]  - caixa-main.py: OK (808.48s)
2025-10-28 14:54:33,473 [INFO]  - caixa-pandas.py: ERRO (3.49s)
2025-10-28 14:54:33,473 [INFO]  - consolidado-pandas.py: OK (0.12s)
2025-10-28 14:54:33,473 [INFO] 
============================================================
üïí In√≠cio: Tue Oct 28 13:58:39 2025
üèÅ Fim: Tue Oct 28 14:54:33 2025
‚è±Ô∏è Dura√ß√£o total: 3354.30s
Status geral: ERROS DETECTADOS
Log salvo em: C:\Users\hudson.porto\OneDrive - Grupo Imerge\RPA\selenium-rpa\app\orchestrator.log
============================================================

2025-10-29 06:56:50,060 [INFO] üöÄ Iniciando execu√ß√£o completa do Orchestrator...
2025-10-29 06:56:50,060 [INFO] 
--- Iniciando execu√ß√£o: itau-main.py ---
2025-10-29 07:28:31,303 [INFO] ‚úÖ itau-main.py finalizado com sucesso.
2025-10-29 07:28:31,307 [INFO] ‚è±Ô∏è Dura√ß√£o de itau-main.py: 1901.25s
2025-10-29 07:28:31,308 [INFO] ------------------------------------------------------------
2025-10-29 07:28:31,310 [INFO] 
--- Iniciando execu√ß√£o: itau-pandas.py ---
2025-10-29 07:28:35,080 [INFO] ‚úÖ itau-pandas.py finalizado com sucesso.
2025-10-29 07:28:35,081 [INFO] ‚è±Ô∏è Dura√ß√£o de itau-pandas.py: 3.77s
2025-10-29 07:28:35,082 [INFO] ------------------------------------------------------------
2025-10-29 07:28:35,083 [INFO] 
--- Iniciando execu√ß√£o: caixa-main.py ---
2025-10-29 07:42:00,508 [INFO] ‚úÖ caixa-main.py finalizado com sucesso.
2025-10-29 07:42:00,515 [INFO] ‚è±Ô∏è Dura√ß√£o de caixa-main.py: 805.43s
2025-10-29 07:42:00,517 [INFO] ------------------------------------------------------------
2025-10-29 07:42:00,522 [INFO] 
--- Iniciando execu√ß√£o: caixa-pandas.py ---
2025-10-29 07:42:04,260 [INFO] ‚úÖ caixa-pandas.py finalizado com sucesso.
2025-10-29 07:42:04,260 [INFO] ‚è±Ô∏è Dura√ß√£o de caixa-pandas.py: 3.74s
2025-10-29 07:42:04,261 [INFO] ------------------------------------------------------------
2025-10-29 07:42:04,261 [INFO] 
--- Iniciando execu√ß√£o: consolidado-pandas.py ---
2025-10-29 07:42:04,377 [INFO] ‚úÖ consolidado-pandas.py finalizado com sucesso.
2025-10-29 07:42:04,378 [INFO] ‚è±Ô∏è Dura√ß√£o de consolidado-pandas.py: 0.12s
2025-10-29 07:42:04,378 [INFO] ------------------------------------------------------------
2025-10-29 07:42:04,378 [INFO] üèÅ Execu√ß√£o conclu√≠da em 2714.32s
2025-10-29 07:42:04,378 [INFO] 
Resumo da execu√ß√£o:
2025-10-29 07:42:04,378 [INFO]  - itau-main.py: OK (1901.25s)
2025-10-29 07:42:04,378 [INFO]  - itau-pandas.py: OK (3.77s)
2025-10-29 07:42:04,378 [INFO]  - caixa-main.py: OK (805.43s)
2025-10-29 07:42:04,378 [INFO]  - caixa-pandas.py: OK (3.74s)
2025-10-29 07:42:04,379 [INFO]  - consolidado-pandas.py: OK (0.12s)
2025-10-29 07:42:04,379 [INFO] 
============================================================
üïí In√≠cio: Wed Oct 29 06:56:50 2025
üèÅ Fim: Wed Oct 29 07:42:04 2025
‚è±Ô∏è Dura√ß√£o total: 2714.32s
Status geral: SUCESSO TOTAL
Log salvo em: C:\Users\hudson.porto\OneDrive - Grupo Imerge\RPA\selenium-rpa\app\orchestrator.log
============================================================

2025-10-30 07:25:55,506 [INFO] üöÄ Iniciando execu√ß√£o completa do Orchestrator...
2025-10-30 07:25:55,506 [INFO] 
--- Iniciando execu√ß√£o: itau-main.py ---
2025-10-30 08:05:39,487 [INFO] ‚úÖ itau-main.py finalizado com sucesso.
2025-10-30 08:05:39,490 [INFO] ‚è±Ô∏è Dura√ß√£o de itau-main.py: 2383.98s
2025-10-30 08:05:39,490 [INFO] ------------------------------------------------------------
2025-10-30 08:05:39,491 [INFO] 
--- Iniciando execu√ß√£o: itau-pandas.py ---
2025-10-30 08:05:44,389 [INFO] ‚úÖ itau-pandas.py finalizado com sucesso.
2025-10-30 08:05:44,389 [INFO] ‚è±Ô∏è Dura√ß√£o de itau-pandas.py: 4.90s
2025-10-30 08:05:44,389 [INFO] ------------------------------------------------------------
2025-10-30 08:05:44,390 [INFO] 
--- Iniciando execu√ß√£o: caixa-main.py ---
2025-10-30 08:18:16,465 [ERROR] ‚ùå Erro ao executar caixa-main.py: Message: 
Stacktrace:
RemoteError@chrome://remote/content/shared/RemoteError.sys.mjs:8:8
WebDriverError@chrome://remote/content/shared/webdriver/Errors.sys.mjs:202:5
NoSuchElementError@chrome://remote/content/shared/webdriver/Errors.sys.mjs:555:5
dom.find/</<@chrome://remote/content/shared/DOM.sys.mjs:136:16

2025-10-30 08:18:16,467 [ERROR] Traceback (most recent call last):
  File "C:\Users\hudson.porto\OneDrive - Grupo Imerge\RPA\selenium-rpa\app\run_all.py", line 66, in run_script_rel
    ns = runpy.run_path(str(full), run_name="__main__")
         ^^^^^^^^^^^^^^^^^^^^^^^^^^^^^^^^^^^^^^^^^^^^^^
  File "<frozen runpy>", line 286, in run_path
  File "<frozen runpy>", line 98, in _run_module_code
  File "<frozen runpy>", line 88, in _run_code
  File "C:\Users\hudson.porto\OneDrive - Grupo Imerge\RPA\selenium-rpa\app\caixa-main.py", line 189, in <module>
    saldo_extratos = wait.until(EC.element_to_be_clickable(
                     ^^^^^^^^^^^^^^^^^^^^^^^^^^^^^^^^^^^^^^
  File "C:\Users\hudson.porto\OneDrive - Grupo Imerge\RPA\selenium-rpa\.venv\Lib\site-packages\selenium\webdriver\support\wait.py", line 138, in until
    raise TimeoutException(message, screen, stacktrace)
selenium.common.exceptions.TimeoutException: Message: 
Stacktrace:
RemoteError@chrome://remote/content/shared/RemoteError.sys.mjs:8:8
WebDriverError@chrome://remote/content/shared/webdriver/Errors.sys.mjs:202:5
NoSuchElementError@chrome://remote/content/shared/webdriver/Errors.sys.mjs:555:5
dom.find/</<@chrome://remote/content/shared/DOM.sys.mjs:136:16


2025-10-30 08:18:16,467 [INFO] ‚è±Ô∏è Dura√ß√£o de caixa-main.py: 752.08s
2025-10-30 08:18:16,467 [INFO] ------------------------------------------------------------
2025-10-30 08:18:16,470 [INFO] 
--- Iniciando execu√ß√£o: caixa-pandas.py ---
2025-10-30 08:18:22,789 [INFO] ‚úÖ caixa-pandas.py finalizado com sucesso.
2025-10-30 08:18:22,791 [INFO] ‚è±Ô∏è Dura√ß√£o de caixa-pandas.py: 6.32s
2025-10-30 08:18:22,794 [INFO] ------------------------------------------------------------
2025-10-30 08:18:22,795 [INFO] 
--- Iniciando execu√ß√£o: consolidado-pandas.py ---
2025-10-30 08:18:23,147 [INFO] ‚úÖ consolidado-pandas.py finalizado com sucesso.
2025-10-30 08:18:23,147 [INFO] ‚è±Ô∏è Dura√ß√£o de consolidado-pandas.py: 0.35s
2025-10-30 08:18:23,148 [INFO] ------------------------------------------------------------
2025-10-30 08:18:23,148 [INFO] üèÅ Execu√ß√£o conclu√≠da em 3147.64s
2025-10-30 08:18:23,148 [INFO] 
Resumo da execu√ß√£o:
2025-10-30 08:18:23,150 [INFO]  - itau-main.py: OK (2383.98s)
2025-10-30 08:18:23,150 [INFO]  - itau-pandas.py: OK (4.90s)
2025-10-30 08:18:23,151 [INFO]  - caixa-main.py: ERRO (752.08s)
2025-10-30 08:18:23,151 [INFO]  - caixa-pandas.py: OK (6.32s)
2025-10-30 08:18:23,152 [INFO]  - consolidado-pandas.py: OK (0.35s)
2025-10-30 08:18:23,153 [INFO] 
============================================================
üïí In√≠cio: Thu Oct 30 07:25:55 2025
üèÅ Fim: Thu Oct 30 08:18:23 2025
‚è±Ô∏è Dura√ß√£o total: 3147.64s
Status geral: ERROS DETECTADOS
Log salvo em: C:\Users\hudson.porto\OneDrive - Grupo Imerge\RPA\selenium-rpa\app\orchestrator.log
============================================================

2025-10-31 06:53:16,864 [INFO] üöÄ Iniciando execu√ß√£o completa do Orchestrator...
2025-10-31 06:53:16,864 [INFO] 
--- Iniciando execu√ß√£o: itau-main.py ---
2025-10-31 07:53:12,022 [INFO] ‚úÖ itau-main.py finalizado com sucesso.
2025-10-31 07:53:12,031 [INFO] ‚è±Ô∏è Dura√ß√£o de itau-main.py: 3595.17s
2025-10-31 07:53:12,032 [INFO] ------------------------------------------------------------
2025-10-31 07:53:12,035 [INFO] 
--- Iniciando execu√ß√£o: itau-pandas.py ---
2025-10-31 07:53:14,817 [INFO] ‚úÖ itau-pandas.py finalizado com sucesso.
2025-10-31 07:53:14,817 [INFO] ‚è±Ô∏è Dura√ß√£o de itau-pandas.py: 2.78s
2025-10-31 07:53:14,818 [INFO] ------------------------------------------------------------
2025-10-31 07:53:14,819 [INFO] 
--- Iniciando execu√ß√£o: caixa-main.py ---
2025-10-31 08:04:21,310 [ERROR] ‚ùå Erro ao executar caixa-main.py: Message: 
Stacktrace:
RemoteError@chrome://remote/content/shared/RemoteError.sys.mjs:8:8
WebDriverError@chrome://remote/content/shared/webdriver/Errors.sys.mjs:202:5
NoSuchElementError@chrome://remote/content/shared/webdriver/Errors.sys.mjs:555:5
dom.find/</<@chrome://remote/content/shared/DOM.sys.mjs:136:16

2025-10-31 08:04:21,313 [ERROR] Traceback (most recent call last):
  File "C:\Users\hudson.porto\OneDrive - Grupo Imerge\RPA\selenium-rpa\app\run_all.py", line 66, in run_script_rel
    ns = runpy.run_path(str(full), run_name="__main__")
         ^^^^^^^^^^^^^^^^^^^^^^^^^^^^^^^^^^^^^^^^^^^^^^
  File "<frozen runpy>", line 286, in run_path
  File "<frozen runpy>", line 98, in _run_module_code
  File "<frozen runpy>", line 88, in _run_code
  File "C:\Users\hudson.porto\OneDrive - Grupo Imerge\RPA\selenium-rpa\app\caixa-main.py", line 189, in <module>
    saldo_extratos = wait.until(EC.element_to_be_clickable(
                     ^^^^^^^^^^^^^^^^^^^^^^^^^^^^^^^^^^^^^^
  File "C:\Users\hudson.porto\OneDrive - Grupo Imerge\RPA\selenium-rpa\.venv\Lib\site-packages\selenium\webdriver\support\wait.py", line 138, in until
    raise TimeoutException(message, screen, stacktrace)
selenium.common.exceptions.TimeoutException: Message: 
Stacktrace:
RemoteError@chrome://remote/content/shared/RemoteError.sys.mjs:8:8
WebDriverError@chrome://remote/content/shared/webdriver/Errors.sys.mjs:202:5
NoSuchElementError@chrome://remote/content/shared/webdriver/Errors.sys.mjs:555:5
dom.find/</<@chrome://remote/content/shared/DOM.sys.mjs:136:16


2025-10-31 08:04:21,315 [INFO] ‚è±Ô∏è Dura√ß√£o de caixa-main.py: 666.49s
2025-10-31 08:04:21,316 [INFO] ------------------------------------------------------------
2025-10-31 08:04:21,317 [INFO] 
--- Iniciando execu√ß√£o: caixa-pandas.py ---
2025-10-31 08:04:25,161 [INFO] ‚úÖ caixa-pandas.py finalizado com sucesso.
2025-10-31 08:04:25,161 [INFO] ‚è±Ô∏è Dura√ß√£o de caixa-pandas.py: 3.84s
2025-10-31 08:04:25,162 [INFO] ------------------------------------------------------------
2025-10-31 08:04:25,163 [INFO] 
--- Iniciando execu√ß√£o: consolidado-pandas.py ---
2025-10-31 08:04:25,288 [INFO] ‚úÖ consolidado-pandas.py finalizado com sucesso.
2025-10-31 08:04:25,289 [INFO] ‚è±Ô∏è Dura√ß√£o de consolidado-pandas.py: 0.12s
2025-10-31 08:04:25,289 [INFO] ------------------------------------------------------------
2025-10-31 08:04:25,289 [INFO] üèÅ Execu√ß√£o conclu√≠da em 4268.43s
2025-10-31 08:04:25,289 [INFO] 
Resumo da execu√ß√£o:
2025-10-31 08:04:25,289 [INFO]  - itau-main.py: OK (3595.17s)
2025-10-31 08:04:25,290 [INFO]  - itau-pandas.py: OK (2.78s)
2025-10-31 08:04:25,290 [INFO]  - caixa-main.py: ERRO (666.49s)
2025-10-31 08:04:25,290 [INFO]  - caixa-pandas.py: OK (3.84s)
2025-10-31 08:04:25,290 [INFO]  - consolidado-pandas.py: OK (0.12s)
2025-10-31 08:04:25,290 [INFO] 
============================================================
üïí In√≠cio: Fri Oct 31 06:53:16 2025
üèÅ Fim: Fri Oct 31 08:04:25 2025
‚è±Ô∏è Dura√ß√£o total: 4268.43s
Status geral: ERROS DETECTADOS
Log salvo em: C:\Users\hudson.porto\OneDrive - Grupo Imerge\RPA\selenium-rpa\app\orchestrator.log
============================================================

2025-11-03 06:49:23,406 [INFO] üöÄ Iniciando execu√ß√£o completa do Orchestrator...
2025-11-03 06:49:23,406 [INFO] 
--- Iniciando execu√ß√£o: itau-main.py ---
2025-11-03 06:49:23,415 [ERROR] ‚ùå Erro ao executar itau-main.py: No module named 'selenium'
2025-11-03 06:49:23,415 [ERROR] Traceback (most recent call last):
  File "C:\Users\hudson.porto\OneDrive - Grupo Imerge\RPA\selenium-rpa\app\run_all.py", line 66, in run_script_rel
    ns = runpy.run_path(str(full), run_name="__main__")
         ^^^^^^^^^^^^^^^^^^^^^^^^^^^^^^^^^^^^^^^^^^^^^^
  File "<frozen runpy>", line 286, in run_path
  File "<frozen runpy>", line 98, in _run_module_code
  File "<frozen runpy>", line 88, in _run_code
  File "C:\Users\hudson.porto\OneDrive - Grupo Imerge\RPA\selenium-rpa\app\itau-main.py", line 1, in <module>
    from selenium import webdriver
ModuleNotFoundError: No module named 'selenium'

2025-11-03 06:49:23,415 [INFO] ‚è±Ô∏è Dura√ß√£o de itau-main.py: 0.01s
2025-11-03 06:49:23,415 [INFO] ------------------------------------------------------------
2025-11-03 06:49:23,415 [INFO] 
--- Iniciando execu√ß√£o: itau-pandas.py ---
2025-11-03 06:49:23,415 [ERROR] ‚ùå Erro ao executar itau-pandas.py: No module named 'pandas'
2025-11-03 06:49:23,415 [ERROR] Traceback (most recent call last):
  File "C:\Users\hudson.porto\OneDrive - Grupo Imerge\RPA\selenium-rpa\app\run_all.py", line 66, in run_script_rel
    ns = runpy.run_path(str(full), run_name="__main__")
         ^^^^^^^^^^^^^^^^^^^^^^^^^^^^^^^^^^^^^^^^^^^^^^
  File "<frozen runpy>", line 286, in run_path
  File "<frozen runpy>", line 98, in _run_module_code
  File "<frozen runpy>", line 88, in _run_code
  File "C:\Users\hudson.porto\OneDrive - Grupo Imerge\RPA\selenium-rpa\app\itau-pandas.py", line 2, in <module>
    import pandas as pd
ModuleNotFoundError: No module named 'pandas'

2025-11-03 06:49:23,415 [INFO] ‚è±Ô∏è Dura√ß√£o de itau-pandas.py: n/a
2025-11-03 06:49:23,415 [INFO] ------------------------------------------------------------
2025-11-03 06:49:23,415 [INFO] 
--- Iniciando execu√ß√£o: caixa-main.py ---
2025-11-03 06:49:23,425 [ERROR] ‚ùå Erro ao executar caixa-main.py: No module named 'selenium'
2025-11-03 06:49:23,425 [ERROR] Traceback (most recent call last):
  File "C:\Users\hudson.porto\OneDrive - Grupo Imerge\RPA\selenium-rpa\app\run_all.py", line 66, in run_script_rel
    ns = runpy.run_path(str(full), run_name="__main__")
         ^^^^^^^^^^^^^^^^^^^^^^^^^^^^^^^^^^^^^^^^^^^^^^
  File "<frozen runpy>", line 286, in run_path
  File "<frozen runpy>", line 98, in _run_module_code
  File "<frozen runpy>", line 88, in _run_code
  File "C:\Users\hudson.porto\OneDrive - Grupo Imerge\RPA\selenium-rpa\app\caixa-main.py", line 1, in <module>
    from selenium import webdriver
ModuleNotFoundError: No module named 'selenium'

2025-11-03 06:49:23,425 [INFO] ‚è±Ô∏è Dura√ß√£o de caixa-main.py: 0.01s
2025-11-03 06:49:23,425 [INFO] ------------------------------------------------------------
2025-11-03 06:49:23,425 [INFO] 
--- Iniciando execu√ß√£o: caixa-pandas.py ---
2025-11-03 06:49:23,425 [ERROR] ‚ùå Erro ao executar caixa-pandas.py: No module named 'pandas'
2025-11-03 06:49:23,425 [ERROR] Traceback (most recent call last):
  File "C:\Users\hudson.porto\OneDrive - Grupo Imerge\RPA\selenium-rpa\app\run_all.py", line 66, in run_script_rel
    ns = runpy.run_path(str(full), run_name="__main__")
         ^^^^^^^^^^^^^^^^^^^^^^^^^^^^^^^^^^^^^^^^^^^^^^
  File "<frozen runpy>", line 286, in run_path
  File "<frozen runpy>", line 98, in _run_module_code
  File "<frozen runpy>", line 88, in _run_code
  File "C:\Users\hudson.porto\OneDrive - Grupo Imerge\RPA\selenium-rpa\app\caixa-pandas.py", line 1, in <module>
    import pandas as pd
ModuleNotFoundError: No module named 'pandas'

2025-11-03 06:49:23,425 [INFO] ‚è±Ô∏è Dura√ß√£o de caixa-pandas.py: n/a
2025-11-03 06:49:23,425 [INFO] ------------------------------------------------------------
2025-11-03 06:49:23,425 [INFO] 
--- Iniciando execu√ß√£o: consolidado-pandas.py ---
2025-11-03 06:49:23,430 [ERROR] ‚ùå Erro ao executar consolidado-pandas.py: No module named 'pandas'
2025-11-03 06:49:23,430 [ERROR] Traceback (most recent call last):
  File "C:\Users\hudson.porto\OneDrive - Grupo Imerge\RPA\selenium-rpa\app\run_all.py", line 66, in run_script_rel
    ns = runpy.run_path(str(full), run_name="__main__")
         ^^^^^^^^^^^^^^^^^^^^^^^^^^^^^^^^^^^^^^^^^^^^^^
  File "<frozen runpy>", line 286, in run_path
  File "<frozen runpy>", line 98, in _run_module_code
  File "<frozen runpy>", line 88, in _run_code
  File "C:\Users\hudson.porto\OneDrive - Grupo Imerge\RPA\selenium-rpa\app\consolidado-pandas.py", line 2, in <module>
    import pandas as pd
ModuleNotFoundError: No module named 'pandas'

2025-11-03 06:49:23,431 [INFO] ‚è±Ô∏è Dura√ß√£o de consolidado-pandas.py: 0.01s
2025-11-03 06:49:23,431 [INFO] ------------------------------------------------------------
2025-11-03 06:49:23,431 [INFO] üèÅ Execu√ß√£o conclu√≠da em 0.03s
2025-11-03 06:49:23,431 [INFO] 
Resumo da execu√ß√£o:
2025-11-03 06:49:23,431 [INFO]  - itau-main.py: ERRO (0.01s)
2025-11-03 06:49:23,431 [INFO]  - itau-pandas.py: ERRO (n/a)
2025-11-03 06:49:23,431 [INFO]  - caixa-main.py: ERRO (0.01s)
2025-11-03 06:49:23,431 [INFO]  - caixa-pandas.py: ERRO (n/a)
2025-11-03 06:49:23,432 [INFO]  - consolidado-pandas.py: ERRO (0.01s)
2025-11-03 06:49:23,432 [INFO] 
============================================================
üïí In√≠cio: Mon Nov  3 06:49:23 2025
üèÅ Fim: Mon Nov  3 06:49:23 2025
‚è±Ô∏è Dura√ß√£o total: 0.03s
Status geral: ERROS DETECTADOS
Log salvo em: C:\Users\hudson.porto\OneDrive - Grupo Imerge\RPA\selenium-rpa\app\orchestrator.log
============================================================

2025-11-03 06:49:51,832 [INFO] üöÄ Iniciando execu√ß√£o completa do Orchestrator...
2025-11-03 06:49:51,833 [INFO] 
--- Iniciando execu√ß√£o: itau-main.py ---
2025-11-03 06:49:51,845 [ERROR] ‚ùå Erro ao executar itau-main.py: No module named 'selenium'
2025-11-03 06:49:51,845 [ERROR] Traceback (most recent call last):
  File "C:\Users\hudson.porto\OneDrive - Grupo Imerge\RPA\selenium-rpa\app\run_all.py", line 66, in run_script_rel
    ns = runpy.run_path(str(full), run_name="__main__")
         ^^^^^^^^^^^^^^^^^^^^^^^^^^^^^^^^^^^^^^^^^^^^^^
  File "<frozen runpy>", line 286, in run_path
  File "<frozen runpy>", line 98, in _run_module_code
  File "<frozen runpy>", line 88, in _run_code
  File "C:\Users\hudson.porto\OneDrive - Grupo Imerge\RPA\selenium-rpa\app\itau-main.py", line 1, in <module>
    from selenium import webdriver
ModuleNotFoundError: No module named 'selenium'

2025-11-03 06:49:51,845 [INFO] ‚è±Ô∏è Dura√ß√£o de itau-main.py: 0.01s
2025-11-03 06:49:51,845 [INFO] ------------------------------------------------------------
2025-11-03 06:49:51,846 [INFO] 
--- Iniciando execu√ß√£o: itau-pandas.py ---
2025-11-03 06:49:51,849 [ERROR] ‚ùå Erro ao executar itau-pandas.py: No module named 'pandas'
2025-11-03 06:49:51,849 [ERROR] Traceback (most recent call last):
  File "C:\Users\hudson.porto\OneDrive - Grupo Imerge\RPA\selenium-rpa\app\run_all.py", line 66, in run_script_rel
    ns = runpy.run_path(str(full), run_name="__main__")
         ^^^^^^^^^^^^^^^^^^^^^^^^^^^^^^^^^^^^^^^^^^^^^^
  File "<frozen runpy>", line 286, in run_path
  File "<frozen runpy>", line 98, in _run_module_code
  File "<frozen runpy>", line 88, in _run_code
  File "C:\Users\hudson.porto\OneDrive - Grupo Imerge\RPA\selenium-rpa\app\itau-pandas.py", line 2, in <module>
    import pandas as pd
ModuleNotFoundError: No module named 'pandas'

2025-11-03 06:49:51,850 [INFO] ‚è±Ô∏è Dura√ß√£o de itau-pandas.py: 0.00s
2025-11-03 06:49:51,851 [INFO] ------------------------------------------------------------
2025-11-03 06:49:51,851 [INFO] 
--- Iniciando execu√ß√£o: caixa-main.py ---
2025-11-03 06:49:51,855 [ERROR] ‚ùå Erro ao executar caixa-main.py: No module named 'selenium'
2025-11-03 06:49:51,856 [ERROR] Traceback (most recent call last):
  File "C:\Users\hudson.porto\OneDrive - Grupo Imerge\RPA\selenium-rpa\app\run_all.py", line 66, in run_script_rel
    ns = runpy.run_path(str(full), run_name="__main__")
         ^^^^^^^^^^^^^^^^^^^^^^^^^^^^^^^^^^^^^^^^^^^^^^
  File "<frozen runpy>", line 286, in run_path
  File "<frozen runpy>", line 98, in _run_module_code
  File "<frozen runpy>", line 88, in _run_code
  File "C:\Users\hudson.porto\OneDrive - Grupo Imerge\RPA\selenium-rpa\app\caixa-main.py", line 1, in <module>
    from selenium import webdriver
ModuleNotFoundError: No module named 'selenium'

2025-11-03 06:49:51,866 [INFO] ‚è±Ô∏è Dura√ß√£o de caixa-main.py: 0.02s
2025-11-03 06:49:51,866 [INFO] ------------------------------------------------------------
2025-11-03 06:49:51,869 [INFO] 
--- Iniciando execu√ß√£o: caixa-pandas.py ---
2025-11-03 06:49:51,877 [ERROR] ‚ùå Erro ao executar caixa-pandas.py: No module named 'pandas'
2025-11-03 06:49:51,877 [ERROR] Traceback (most recent call last):
  File "C:\Users\hudson.porto\OneDrive - Grupo Imerge\RPA\selenium-rpa\app\run_all.py", line 66, in run_script_rel
    ns = runpy.run_path(str(full), run_name="__main__")
         ^^^^^^^^^^^^^^^^^^^^^^^^^^^^^^^^^^^^^^^^^^^^^^
  File "<frozen runpy>", line 286, in run_path
  File "<frozen runpy>", line 98, in _run_module_code
  File "<frozen runpy>", line 88, in _run_code
  File "C:\Users\hudson.porto\OneDrive - Grupo Imerge\RPA\selenium-rpa\app\caixa-pandas.py", line 1, in <module>
    import pandas as pd
ModuleNotFoundError: No module named 'pandas'

2025-11-03 06:49:51,878 [INFO] ‚è±Ô∏è Dura√ß√£o de caixa-pandas.py: 0.01s
2025-11-03 06:49:51,878 [INFO] ------------------------------------------------------------
2025-11-03 06:49:51,878 [INFO] 
--- Iniciando execu√ß√£o: consolidado-pandas.py ---
2025-11-03 06:49:51,881 [ERROR] ‚ùå Erro ao executar consolidado-pandas.py: No module named 'pandas'
2025-11-03 06:49:51,881 [ERROR] Traceback (most recent call last):
  File "C:\Users\hudson.porto\OneDrive - Grupo Imerge\RPA\selenium-rpa\app\run_all.py", line 66, in run_script_rel
    ns = runpy.run_path(str(full), run_name="__main__")
         ^^^^^^^^^^^^^^^^^^^^^^^^^^^^^^^^^^^^^^^^^^^^^^
  File "<frozen runpy>", line 286, in run_path
  File "<frozen runpy>", line 98, in _run_module_code
  File "<frozen runpy>", line 88, in _run_code
  File "C:\Users\hudson.porto\OneDrive - Grupo Imerge\RPA\selenium-rpa\app\consolidado-pandas.py", line 2, in <module>
    import pandas as pd
ModuleNotFoundError: No module named 'pandas'

2025-11-03 06:49:51,881 [INFO] ‚è±Ô∏è Dura√ß√£o de consolidado-pandas.py: 0.00s
2025-11-03 06:49:51,881 [INFO] ------------------------------------------------------------
2025-11-03 06:49:51,882 [INFO] üèÅ Execu√ß√£o conclu√≠da em 0.05s
2025-11-03 06:49:51,882 [INFO] 
Resumo da execu√ß√£o:
2025-11-03 06:49:51,882 [INFO]  - itau-main.py: ERRO (0.01s)
2025-11-03 06:49:51,882 [INFO]  - itau-pandas.py: ERRO (0.00s)
2025-11-03 06:49:51,882 [INFO]  - caixa-main.py: ERRO (0.02s)
2025-11-03 06:49:51,883 [INFO]  - caixa-pandas.py: ERRO (0.01s)
2025-11-03 06:49:51,883 [INFO]  - consolidado-pandas.py: ERRO (0.00s)
2025-11-03 06:49:51,883 [INFO] 
============================================================
üïí In√≠cio: Mon Nov  3 06:49:51 2025
üèÅ Fim: Mon Nov  3 06:49:51 2025
‚è±Ô∏è Dura√ß√£o total: 0.05s
Status geral: ERROS DETECTADOS
Log salvo em: C:\Users\hudson.porto\OneDrive - Grupo Imerge\RPA\selenium-rpa\app\orchestrator.log
============================================================

2025-11-03 06:50:06,776 [INFO] üöÄ Iniciando execu√ß√£o completa do Orchestrator...
2025-11-03 06:50:06,776 [INFO] 
--- Iniciando execu√ß√£o: itau-main.py ---
2025-11-03 07:02:15,286 [INFO] ‚úÖ itau-main.py finalizado com sucesso.
2025-11-03 07:02:15,287 [INFO] ‚è±Ô∏è Dura√ß√£o de itau-main.py: 728.50s
2025-11-03 07:02:15,288 [INFO] ------------------------------------------------------------
2025-11-03 07:02:15,289 [INFO] 
--- Iniciando execu√ß√£o: itau-pandas.py ---
2025-11-03 07:02:19,562 [INFO] ‚úÖ itau-pandas.py finalizado com sucesso.
2025-11-03 07:02:19,562 [INFO] ‚è±Ô∏è Dura√ß√£o de itau-pandas.py: 4.27s
2025-11-03 07:02:19,563 [INFO] ------------------------------------------------------------
2025-11-03 07:02:19,564 [INFO] 
--- Iniciando execu√ß√£o: caixa-main.py ---
2025-11-03 07:14:56,106 [ERROR] ‚ùå Erro ao executar caixa-main.py: Message: Element <button> is not clickable at point (123,260) because another element <div class="cdk-overlay-backdrop cdk-overlay-dark-backdrop cdk-overlay-backdrop-showing"> obscures it; For documentation on this error, please visit: https://www.selenium.dev/documentation/webdriver/troubleshooting/errors#elementclickinterceptedexception
Stacktrace:
RemoteError@chrome://remote/content/shared/RemoteError.sys.mjs:8:8
WebDriverError@chrome://remote/content/shared/webdriver/Errors.sys.mjs:202:5
ElementClickInterceptedError@chrome://remote/content/shared/webdriver/Errors.sys.mjs:354:5
webdriverClickElement@chrome://remote/content/marionette/interaction.sys.mjs:175:11
interaction.clickElement@chrome://remote/content/marionette/interaction.sys.mjs:134:11
clickElement@chrome://remote/content/marionette/actors/MarionetteCommandsChild.sys.mjs:327:29
receiveMessage@chrome://remote/content/marionette/actors/MarionetteCommandsChild.sys.mjs:210:31

2025-11-03 07:14:56,111 [ERROR] Traceback (most recent call last):
  File "C:\Users\hudson.porto\OneDrive - Grupo Imerge\RPA\selenium-rpa\app\run_all.py", line 66, in run_script_rel
    ns = runpy.run_path(str(full), run_name="__main__")
         ^^^^^^^^^^^^^^^^^^^^^^^^^^^^^^^^^^^^^^^^^^^^^^
  File "<frozen runpy>", line 286, in run_path
  File "<frozen runpy>", line 98, in _run_module_code
  File "<frozen runpy>", line 88, in _run_code
  File "C:\Users\hudson.porto\OneDrive - Grupo Imerge\RPA\selenium-rpa\app\caixa-main.py", line 192, in <module>
    saldo_extratos.click()
  File "C:\Users\hudson.porto\OneDrive - Grupo Imerge\RPA\selenium-rpa\.venv\Lib\site-packages\selenium\webdriver\remote\webelement.py", line 120, in click
    self._execute(Command.CLICK_ELEMENT)
  File "C:\Users\hudson.porto\OneDrive - Grupo Imerge\RPA\selenium-rpa\.venv\Lib\site-packages\selenium\webdriver\remote\webelement.py", line 573, in _execute
    return self._parent.execute(command, params)
           ^^^^^^^^^^^^^^^^^^^^^^^^^^^^^^^^^^^^^
  File "C:\Users\hudson.porto\OneDrive - Grupo Imerge\RPA\selenium-rpa\.venv\Lib\site-packages\selenium\webdriver\remote\webdriver.py", line 458, in execute
    self.error_handler.check_response(response)
  File "C:\Users\hudson.porto\OneDrive - Grupo Imerge\RPA\selenium-rpa\.venv\Lib\site-packages\selenium\webdriver\remote\errorhandler.py", line 232, in check_response
    raise exception_class(message, screen, stacktrace)
selenium.common.exceptions.ElementClickInterceptedException: Message: Element <button> is not clickable at point (123,260) because another element <div class="cdk-overlay-backdrop cdk-overlay-dark-backdrop cdk-overlay-backdrop-showing"> obscures it; For documentation on this error, please visit: https://www.selenium.dev/documentation/webdriver/troubleshooting/errors#elementclickinterceptedexception
Stacktrace:
RemoteError@chrome://remote/content/shared/RemoteError.sys.mjs:8:8
WebDriverError@chrome://remote/content/shared/webdriver/Errors.sys.mjs:202:5
ElementClickInterceptedError@chrome://remote/content/shared/webdriver/Errors.sys.mjs:354:5
webdriverClickElement@chrome://remote/content/marionette/interaction.sys.mjs:175:11
interaction.clickElement@chrome://remote/content/marionette/interaction.sys.mjs:134:11
clickElement@chrome://remote/content/marionette/actors/MarionetteCommandsChild.sys.mjs:327:29
receiveMessage@chrome://remote/content/marionette/actors/MarionetteCommandsChild.sys.mjs:210:31


2025-11-03 07:14:56,115 [INFO] ‚è±Ô∏è Dura√ß√£o de caixa-main.py: 756.55s
2025-11-03 07:14:56,116 [INFO] ------------------------------------------------------------
2025-11-03 07:14:56,117 [INFO] 
--- Iniciando execu√ß√£o: caixa-pandas.py ---
2025-11-03 07:14:59,390 [INFO] ‚úÖ caixa-pandas.py finalizado com sucesso.
2025-11-03 07:14:59,390 [INFO] ‚è±Ô∏è Dura√ß√£o de caixa-pandas.py: 3.27s
2025-11-03 07:14:59,391 [INFO] ------------------------------------------------------------
2025-11-03 07:14:59,391 [INFO] 
--- Iniciando execu√ß√£o: consolidado-pandas.py ---
2025-11-03 07:14:59,573 [INFO] ‚úÖ consolidado-pandas.py finalizado com sucesso.
2025-11-03 07:14:59,573 [INFO] ‚è±Ô∏è Dura√ß√£o de consolidado-pandas.py: 0.18s
2025-11-03 07:14:59,574 [INFO] ------------------------------------------------------------
2025-11-03 07:14:59,574 [INFO] üèÅ Execu√ß√£o conclu√≠da em 1492.80s
2025-11-03 07:14:59,574 [INFO] 
Resumo da execu√ß√£o:
2025-11-03 07:14:59,574 [INFO]  - itau-main.py: OK (728.50s)
2025-11-03 07:14:59,574 [INFO]  - itau-pandas.py: OK (4.27s)
2025-11-03 07:14:59,574 [INFO]  - caixa-main.py: ERRO (756.55s)
2025-11-03 07:14:59,574 [INFO]  - caixa-pandas.py: OK (3.27s)
2025-11-03 07:14:59,574 [INFO]  - consolidado-pandas.py: OK (0.18s)
2025-11-03 07:14:59,575 [INFO] 
============================================================
üïí In√≠cio: Mon Nov  3 06:50:06 2025
üèÅ Fim: Mon Nov  3 07:14:59 2025
‚è±Ô∏è Dura√ß√£o total: 1492.80s
Status geral: ERROS DETECTADOS
Log salvo em: C:\Users\hudson.porto\OneDrive - Grupo Imerge\RPA\selenium-rpa\app\orchestrator.log
============================================================

2025-11-04 07:14:46,015 [INFO] üöÄ Iniciando execu√ß√£o completa do Orchestrator...
2025-11-04 07:14:46,027 [INFO] 
--- Iniciando execu√ß√£o: itau-main.py ---
2025-11-04 07:42:59,200 [INFO] ‚úÖ itau-main.py finalizado com sucesso.
2025-11-04 07:42:59,202 [INFO] ‚è±Ô∏è Dura√ß√£o de itau-main.py: 1693.16s
2025-11-04 07:42:59,203 [INFO] ------------------------------------------------------------
2025-11-04 07:42:59,204 [INFO] 
--- Iniciando execu√ß√£o: itau-pandas.py ---
2025-11-04 07:43:03,686 [INFO] ‚úÖ itau-pandas.py finalizado com sucesso.
2025-11-04 07:43:03,687 [INFO] ‚è±Ô∏è Dura√ß√£o de itau-pandas.py: 4.48s
2025-11-04 07:43:03,687 [INFO] ------------------------------------------------------------
2025-11-04 07:43:03,688 [INFO] 
--- Iniciando execu√ß√£o: caixa-main.py ---
2025-11-04 07:55:40,826 [INFO] ‚úÖ caixa-main.py finalizado com sucesso.
2025-11-04 07:55:40,829 [INFO] ‚è±Ô∏è Dura√ß√£o de caixa-main.py: 757.14s
2025-11-04 07:55:40,830 [INFO] ------------------------------------------------------------
2025-11-04 07:55:40,832 [INFO] 
--- Iniciando execu√ß√£o: caixa-pandas.py ---
2025-11-04 07:55:43,966 [INFO] ‚úÖ caixa-pandas.py finalizado com sucesso.
2025-11-04 07:55:43,967 [INFO] ‚è±Ô∏è Dura√ß√£o de caixa-pandas.py: 3.13s
2025-11-04 07:55:43,967 [INFO] ------------------------------------------------------------
2025-11-04 07:55:43,968 [INFO] 
--- Iniciando execu√ß√£o: consolidado-pandas.py ---
2025-11-04 07:55:44,133 [INFO] ‚úÖ consolidado-pandas.py finalizado com sucesso.
2025-11-04 07:55:44,133 [INFO] ‚è±Ô∏è Dura√ß√£o de consolidado-pandas.py: 0.17s
2025-11-04 07:55:44,133 [INFO] ------------------------------------------------------------
2025-11-04 07:55:44,133 [INFO] üèÅ Execu√ß√£o conclu√≠da em 2458.12s
2025-11-04 07:55:44,133 [INFO] 
Resumo da execu√ß√£o:
2025-11-04 07:55:44,133 [INFO]  - itau-main.py: OK (1693.16s)
2025-11-04 07:55:44,133 [INFO]  - itau-pandas.py: OK (4.48s)
2025-11-04 07:55:44,133 [INFO]  - caixa-main.py: OK (757.14s)
2025-11-04 07:55:44,134 [INFO]  - caixa-pandas.py: OK (3.13s)
2025-11-04 07:55:44,134 [INFO]  - consolidado-pandas.py: OK (0.17s)
2025-11-04 07:55:44,134 [INFO] 
============================================================
üïí In√≠cio: Tue Nov  4 07:14:46 2025
üèÅ Fim: Tue Nov  4 07:55:44 2025
‚è±Ô∏è Dura√ß√£o total: 2458.12s
Status geral: SUCESSO TOTAL
Log salvo em: C:\Users\hudson.porto\OneDrive - Grupo Imerge\RPA\selenium-rpa\app\orchestrator.log
============================================================

2025-11-05 06:46:32,838 [INFO] üöÄ Iniciando execu√ß√£o completa do Orchestrator...
2025-11-05 06:46:32,838 [INFO] 
--- Iniciando execu√ß√£o: itau-main.py ---
2025-11-05 07:40:14,463 [ERROR] ‚ùå Erro ao executar itau-main.py: Message: Element <button class="btn-novo-layout btnNovoImprimir voxel-button voxel-button--secondary"> is not clickable at point (997,361) because another element <div class="cdk-overlay-backdrop cdk-overlay-dark-backdrop cdk-overlay-backdrop-showing"> obscures it; For documentation on this error, please visit: https://www.selenium.dev/documentation/webdriver/troubleshooting/errors#elementclickinterceptedexception
Stacktrace:
RemoteError@chrome://remote/content/shared/RemoteError.sys.mjs:8:8
WebDriverError@chrome://remote/content/shared/webdriver/Errors.sys.mjs:202:5
ElementClickInterceptedError@chrome://remote/content/shared/webdriver/Errors.sys.mjs:354:5
webdriverClickElement@chrome://remote/content/marionette/interaction.sys.mjs:175:11
interaction.clickElement@chrome://remote/content/marionette/interaction.sys.mjs:134:11
clickElement@chrome://remote/content/marionette/actors/MarionetteCommandsChild.sys.mjs:327:29
receiveMessage@chrome://remote/content/marionette/actors/MarionetteCommandsChild.sys.mjs:210:31

2025-11-05 07:40:14,468 [ERROR] Traceback (most recent call last):
  File "C:\Users\hudson.porto\OneDrive - Grupo Imerge\RPA\selenium-rpa\app\run_all.py", line 66, in run_script_rel
    ns = runpy.run_path(str(full), run_name="__main__")
         ^^^^^^^^^^^^^^^^^^^^^^^^^^^^^^^^^^^^^^^^^^^^^^
  File "<frozen runpy>", line 286, in run_path
  File "<frozen runpy>", line 98, in _run_module_code
  File "<frozen runpy>", line 88, in _run_code
  File "C:\Users\hudson.porto\OneDrive - Grupo Imerge\RPA\selenium-rpa\app\itau-main.py", line 347, in <module>
    clicar_pdf_com_retorno(driver)
  File "C:\Users\hudson.porto\OneDrive - Grupo Imerge\RPA\selenium-rpa\app\itau-main.py", line 273, in clicar_pdf_com_retorno
    raise e
  File "C:\Users\hudson.porto\OneDrive - Grupo Imerge\RPA\selenium-rpa\app\itau-main.py", line 247, in clicar_pdf_com_retorno
    botao_extrato.click()
  File "C:\Users\hudson.porto\OneDrive - Grupo Imerge\RPA\selenium-rpa\.venv\Lib\site-packages\selenium\webdriver\remote\webelement.py", line 120, in click
    self._execute(Command.CLICK_ELEMENT)
  File "C:\Users\hudson.porto\OneDrive - Grupo Imerge\RPA\selenium-rpa\.venv\Lib\site-packages\selenium\webdriver\remote\webelement.py", line 573, in _execute
    return self._parent.execute(command, params)
           ^^^^^^^^^^^^^^^^^^^^^^^^^^^^^^^^^^^^^
  File "C:\Users\hudson.porto\OneDrive - Grupo Imerge\RPA\selenium-rpa\.venv\Lib\site-packages\selenium\webdriver\remote\webdriver.py", line 458, in execute
    self.error_handler.check_response(response)
  File "C:\Users\hudson.porto\OneDrive - Grupo Imerge\RPA\selenium-rpa\.venv\Lib\site-packages\selenium\webdriver\remote\errorhandler.py", line 232, in check_response
    raise exception_class(message, screen, stacktrace)
selenium.common.exceptions.ElementClickInterceptedException: Message: Element <button class="btn-novo-layout btnNovoImprimir voxel-button voxel-button--secondary"> is not clickable at point (997,361) because another element <div class="cdk-overlay-backdrop cdk-overlay-dark-backdrop cdk-overlay-backdrop-showing"> obscures it; For documentation on this error, please visit: https://www.selenium.dev/documentation/webdriver/troubleshooting/errors#elementclickinterceptedexception
Stacktrace:
RemoteError@chrome://remote/content/shared/RemoteError.sys.mjs:8:8
WebDriverError@chrome://remote/content/shared/webdriver/Errors.sys.mjs:202:5
ElementClickInterceptedError@chrome://remote/content/shared/webdriver/Errors.sys.mjs:354:5
webdriverClickElement@chrome://remote/content/marionette/interaction.sys.mjs:175:11
interaction.clickElement@chrome://remote/content/marionette/interaction.sys.mjs:134:11
clickElement@chrome://remote/content/marionette/actors/MarionetteCommandsChild.sys.mjs:327:29
receiveMessage@chrome://remote/content/marionette/actors/MarionetteCommandsChild.sys.mjs:210:31


2025-11-05 07:40:14,478 [INFO] ‚è±Ô∏è Dura√ß√£o de itau-main.py: 3221.64s
2025-11-05 07:40:14,479 [INFO] ------------------------------------------------------------
2025-11-05 07:40:14,482 [INFO] 
--- Iniciando execu√ß√£o: itau-pandas.py ---
2025-11-05 07:40:31,060 [INFO] ‚úÖ itau-pandas.py finalizado com sucesso.
2025-11-05 07:40:31,060 [INFO] ‚è±Ô∏è Dura√ß√£o de itau-pandas.py: 16.58s
2025-11-05 07:40:31,060 [INFO] ------------------------------------------------------------
2025-11-05 07:40:31,063 [INFO] 
--- Iniciando execu√ß√£o: caixa-main.py ---
2025-11-05 07:45:52,716 [ERROR] ‚ùå Erro ao executar caixa-main.py: Message: 
Stacktrace:
RemoteError@chrome://remote/content/shared/RemoteError.sys.mjs:8:8
WebDriverError@chrome://remote/content/shared/webdriver/Errors.sys.mjs:202:5
NoSuchElementError@chrome://remote/content/shared/webdriver/Errors.sys.mjs:555:5
dom.find/</<@chrome://remote/content/shared/DOM.sys.mjs:136:16

2025-11-05 07:45:52,718 [ERROR] Traceback (most recent call last):
  File "C:\Users\hudson.porto\OneDrive - Grupo Imerge\RPA\selenium-rpa\app\run_all.py", line 66, in run_script_rel
    ns = runpy.run_path(str(full), run_name="__main__")
         ^^^^^^^^^^^^^^^^^^^^^^^^^^^^^^^^^^^^^^^^^^^^^^
  File "<frozen runpy>", line 286, in run_path
  File "<frozen runpy>", line 98, in _run_module_code
  File "<frozen runpy>", line 88, in _run_code
  File "C:\Users\hudson.porto\OneDrive - Grupo Imerge\RPA\selenium-rpa\app\caixa-main.py", line 203, in <module>
    botao_xls = wait.until(EC.element_to_be_clickable(
                ^^^^^^^^^^^^^^^^^^^^^^^^^^^^^^^^^^^^^^
  File "C:\Users\hudson.porto\OneDrive - Grupo Imerge\RPA\selenium-rpa\.venv\Lib\site-packages\selenium\webdriver\support\wait.py", line 138, in until
    raise TimeoutException(message, screen, stacktrace)
selenium.common.exceptions.TimeoutException: Message: 
Stacktrace:
RemoteError@chrome://remote/content/shared/RemoteError.sys.mjs:8:8
WebDriverError@chrome://remote/content/shared/webdriver/Errors.sys.mjs:202:5
NoSuchElementError@chrome://remote/content/shared/webdriver/Errors.sys.mjs:555:5
dom.find/</<@chrome://remote/content/shared/DOM.sys.mjs:136:16


2025-11-05 07:45:52,722 [INFO] ‚è±Ô∏è Dura√ß√£o de caixa-main.py: 321.65s
2025-11-05 07:45:52,723 [INFO] ------------------------------------------------------------
2025-11-05 07:45:52,725 [INFO] 
--- Iniciando execu√ß√£o: caixa-pandas.py ---
2025-11-05 07:45:56,633 [INFO] ‚úÖ caixa-pandas.py finalizado com sucesso.
2025-11-05 07:45:56,633 [INFO] ‚è±Ô∏è Dura√ß√£o de caixa-pandas.py: 3.91s
2025-11-05 07:45:56,633 [INFO] ------------------------------------------------------------
2025-11-05 07:45:56,637 [INFO] 
--- Iniciando execu√ß√£o: consolidado-pandas.py ---
2025-11-05 07:45:57,022 [INFO] ‚úÖ consolidado-pandas.py finalizado com sucesso.
2025-11-05 07:45:57,025 [INFO] ‚è±Ô∏è Dura√ß√£o de consolidado-pandas.py: 0.39s
2025-11-05 07:45:57,026 [INFO] ------------------------------------------------------------
2025-11-05 07:45:57,027 [INFO] üèÅ Execu√ß√£o conclu√≠da em 3564.19s
2025-11-05 07:45:57,027 [INFO] 
Resumo da execu√ß√£o:
2025-11-05 07:45:57,028 [INFO]  - itau-main.py: ERRO (3221.64s)
2025-11-05 07:45:57,029 [INFO]  - itau-pandas.py: OK (16.58s)
2025-11-05 07:45:57,029 [INFO]  - caixa-main.py: ERRO (321.65s)
2025-11-05 07:45:57,029 [INFO]  - caixa-pandas.py: OK (3.91s)
2025-11-05 07:45:57,029 [INFO]  - consolidado-pandas.py: OK (0.39s)
2025-11-05 07:45:57,029 [INFO] 
============================================================
üïí In√≠cio: Wed Nov  5 06:46:32 2025
üèÅ Fim: Wed Nov  5 07:45:57 2025
‚è±Ô∏è Dura√ß√£o total: 3564.19s
Status geral: ERROS DETECTADOS
Log salvo em: C:\Users\hudson.porto\OneDrive - Grupo Imerge\RPA\selenium-rpa\app\orchestrator.log
============================================================

2025-11-07 07:27:44,011 [INFO] üöÄ Iniciando execu√ß√£o completa do Orchestrator...
2025-11-07 07:27:44,017 [INFO] 
--- Iniciando execu√ß√£o: itau-main.py ---
2025-11-07 07:28:19,229 [ERROR] ‚ùå Erro ao executar itau-main.py: Message: 
Stacktrace:
RemoteError@chrome://remote/content/shared/RemoteError.sys.mjs:8:8
WebDriverError@chrome://remote/content/shared/webdriver/Errors.sys.mjs:202:5
NoSuchElementError@chrome://remote/content/shared/webdriver/Errors.sys.mjs:555:5
dom.find/</<@chrome://remote/content/shared/DOM.sys.mjs:136:16

2025-11-07 07:28:19,229 [ERROR] Traceback (most recent call last):
  File "C:\Users\hudson.porto\OneDrive - Grupo Imerge\RPA\selenium-rpa\app\run_all.py", line 66, in run_script_rel
    ns = runpy.run_path(str(full), run_name="__main__")
         ^^^^^^^^^^^^^^^^^^^^^^^^^^^^^^^^^^^^^^^^^^^^^^
  File "<frozen runpy>", line 286, in run_path
  File "<frozen runpy>", line 98, in _run_module_code
  File "<frozen runpy>", line 88, in _run_code
  File "C:\Users\hudson.porto\OneDrive - Grupo Imerge\RPA\selenium-rpa\app\itau-main.py", line 109, in <module>
    WebDriverWait(driver, 20).until(EC.presence_of_element_located((By.ID, "campoTeclado")))
  File "C:\Users\hudson.porto\OneDrive - Grupo Imerge\RPA\selenium-rpa\.venv\Lib\site-packages\selenium\webdriver\support\wait.py", line 138, in until
    raise TimeoutException(message, screen, stacktrace)
selenium.common.exceptions.TimeoutException: Message: 
Stacktrace:
RemoteError@chrome://remote/content/shared/RemoteError.sys.mjs:8:8
WebDriverError@chrome://remote/content/shared/webdriver/Errors.sys.mjs:202:5
NoSuchElementError@chrome://remote/content/shared/webdriver/Errors.sys.mjs:555:5
dom.find/</<@chrome://remote/content/shared/DOM.sys.mjs:136:16


2025-11-07 07:28:19,230 [INFO] ‚è±Ô∏è Dura√ß√£o de itau-main.py: 35.21s
2025-11-07 07:28:19,231 [INFO] ------------------------------------------------------------
2025-11-07 07:28:19,231 [INFO] 
--- Iniciando execu√ß√£o: itau-pandas.py ---
2025-11-07 07:28:25,111 [INFO] ‚è±Ô∏è Dura√ß√£o de itau-pandas.py: 5.88s
2025-11-07 07:32:42,398 [INFO] üöÄ Iniciando execu√ß√£o completa do Orchestrator...
2025-11-07 07:32:42,398 [INFO] 
--- Iniciando execu√ß√£o: itau-main.py ---
2025-11-07 08:22:45,410 [INFO] ‚úÖ itau-main.py finalizado com sucesso.
2025-11-07 08:22:45,417 [INFO] ‚è±Ô∏è Dura√ß√£o de itau-main.py: 3003.02s
2025-11-07 08:22:45,418 [INFO] ------------------------------------------------------------
2025-11-07 08:22:45,419 [INFO] 
--- Iniciando execu√ß√£o: itau-pandas.py ---
2025-11-07 08:22:49,358 [INFO] ‚úÖ itau-pandas.py finalizado com sucesso.
2025-11-07 08:22:49,359 [INFO] ‚è±Ô∏è Dura√ß√£o de itau-pandas.py: 3.94s
2025-11-07 08:22:49,360 [INFO] ------------------------------------------------------------
2025-11-07 08:22:49,361 [INFO] 
--- Iniciando execu√ß√£o: caixa-main.py ---
2025-11-07 08:35:31,406 [INFO] ‚úÖ caixa-main.py finalizado com sucesso.
2025-11-07 08:35:31,417 [INFO] ‚è±Ô∏è Dura√ß√£o de caixa-main.py: 762.05s
2025-11-07 08:35:31,420 [INFO] ------------------------------------------------------------
2025-11-07 08:35:31,429 [INFO] 
--- Iniciando execu√ß√£o: caixa-pandas.py ---
2025-11-07 08:35:35,498 [INFO] ‚úÖ caixa-pandas.py finalizado com sucesso.
2025-11-07 08:35:35,499 [INFO] ‚è±Ô∏è Dura√ß√£o de caixa-pandas.py: 4.07s
2025-11-07 08:35:35,500 [INFO] ------------------------------------------------------------
2025-11-07 08:35:35,501 [INFO] 
--- Iniciando execu√ß√£o: consolidado-pandas.py ---
2025-11-07 08:35:35,714 [INFO] ‚úÖ consolidado-pandas.py finalizado com sucesso.
2025-11-07 08:35:35,715 [INFO] ‚è±Ô∏è Dura√ß√£o de consolidado-pandas.py: 0.21s
2025-11-07 08:35:35,715 [INFO] ------------------------------------------------------------
2025-11-07 08:35:35,715 [INFO] üèÅ Execu√ß√£o conclu√≠da em 3773.32s
2025-11-07 08:35:35,716 [INFO] 
Resumo da execu√ß√£o:
2025-11-07 08:35:35,716 [INFO]  - itau-main.py: OK (3003.02s)
2025-11-07 08:35:35,716 [INFO]  - itau-pandas.py: OK (3.94s)
2025-11-07 08:35:35,717 [INFO]  - caixa-main.py: OK (762.05s)
2025-11-07 08:35:35,717 [INFO]  - caixa-pandas.py: OK (4.07s)
2025-11-07 08:35:35,717 [INFO]  - consolidado-pandas.py: OK (0.21s)
2025-11-07 08:35:35,718 [INFO] 
============================================================
üïí In√≠cio: Fri Nov  7 07:32:42 2025
üèÅ Fim: Fri Nov  7 08:35:35 2025
‚è±Ô∏è Dura√ß√£o total: 3773.32s
Status geral: SUCESSO TOTAL
Log salvo em: C:\Users\hudson.porto\OneDrive - Grupo Imerge\RPA\selenium-rpa\app\orchestrator.log
============================================================

2025-11-10 06:51:06,127 [INFO] üöÄ Iniciando execu√ß√£o completa do Orchestrator...
2025-11-10 06:51:06,129 [INFO] 
--- Iniciando execu√ß√£o: itau-main.py ---
2025-11-10 07:20:24,643 [INFO] ‚úÖ itau-main.py finalizado com sucesso.
2025-11-10 07:20:24,650 [INFO] ‚è±Ô∏è Dura√ß√£o de itau-main.py: 1758.52s
2025-11-10 07:20:24,650 [INFO] ------------------------------------------------------------
2025-11-10 07:20:24,653 [INFO] 
--- Iniciando execu√ß√£o: itau-pandas.py ---
2025-11-10 07:20:28,080 [INFO] ‚úÖ itau-pandas.py finalizado com sucesso.
2025-11-10 07:20:28,080 [INFO] ‚è±Ô∏è Dura√ß√£o de itau-pandas.py: 3.43s
2025-11-10 07:20:28,088 [INFO] ------------------------------------------------------------
2025-11-10 07:20:28,089 [INFO] 
--- Iniciando execu√ß√£o: caixa-main.py ---
2025-11-10 07:33:20,415 [INFO] ‚úÖ caixa-main.py finalizado com sucesso.
2025-11-10 07:33:20,424 [INFO] ‚è±Ô∏è Dura√ß√£o de caixa-main.py: 772.33s
2025-11-10 07:33:20,425 [INFO] ------------------------------------------------------------
2025-11-10 07:33:20,429 [INFO] 
--- Iniciando execu√ß√£o: caixa-pandas.py ---
2025-11-10 07:33:23,763 [INFO] ‚úÖ caixa-pandas.py finalizado com sucesso.
2025-11-10 07:33:23,763 [INFO] ‚è±Ô∏è Dura√ß√£o de caixa-pandas.py: 3.33s
2025-11-10 07:33:23,764 [INFO] ------------------------------------------------------------
2025-11-10 07:33:23,764 [INFO] 
--- Iniciando execu√ß√£o: consolidado-pandas.py ---
2025-11-10 07:33:23,872 [INFO] ‚úÖ consolidado-pandas.py finalizado com sucesso.
2025-11-10 07:33:23,872 [INFO] ‚è±Ô∏è Dura√ß√£o de consolidado-pandas.py: 0.11s
2025-11-10 07:33:23,872 [INFO] ------------------------------------------------------------
2025-11-10 07:33:23,873 [INFO] üèÅ Execu√ß√£o conclu√≠da em 2537.75s
2025-11-10 07:33:23,873 [INFO] 
Resumo da execu√ß√£o:
2025-11-10 07:33:23,873 [INFO]  - itau-main.py: OK (1758.52s)
2025-11-10 07:33:23,874 [INFO]  - itau-pandas.py: OK (3.43s)
2025-11-10 07:33:23,874 [INFO]  - caixa-main.py: OK (772.33s)
2025-11-10 07:33:23,874 [INFO]  - caixa-pandas.py: OK (3.33s)
2025-11-10 07:33:23,874 [INFO]  - consolidado-pandas.py: OK (0.11s)
2025-11-10 07:33:23,874 [INFO] 
============================================================
üïí In√≠cio: Mon Nov 10 06:51:06 2025
üèÅ Fim: Mon Nov 10 07:33:23 2025
‚è±Ô∏è Dura√ß√£o total: 2537.75s
Status geral: SUCESSO TOTAL
Log salvo em: C:\Users\hudson.porto\OneDrive - Grupo Imerge\RPA\selenium-rpa\app\orchestrator.log
============================================================

2025-11-11 06:59:44,214 [INFO] üöÄ Iniciando execu√ß√£o completa do Orchestrator...
2025-11-11 06:59:44,220 [INFO] 
--- Iniciando execu√ß√£o: itau-main.py ---
2025-11-11 07:32:44,725 [INFO] ‚úÖ itau-main.py finalizado com sucesso.
2025-11-11 07:32:44,728 [INFO] ‚è±Ô∏è Dura√ß√£o de itau-main.py: 1980.51s
2025-11-11 07:32:44,729 [INFO] ------------------------------------------------------------
2025-11-11 07:32:44,730 [INFO] 
--- Iniciando execu√ß√£o: itau-pandas.py ---
2025-11-11 07:32:48,049 [INFO] ‚úÖ itau-pandas.py finalizado com sucesso.
2025-11-11 07:32:48,050 [INFO] ‚è±Ô∏è Dura√ß√£o de itau-pandas.py: 3.32s
2025-11-11 07:32:48,051 [INFO] ------------------------------------------------------------
2025-11-11 07:32:48,052 [INFO] 
--- Iniciando execu√ß√£o: caixa-main.py ---
2025-11-11 07:45:49,748 [INFO] ‚úÖ caixa-main.py finalizado com sucesso.
2025-11-11 07:45:49,749 [INFO] ‚è±Ô∏è Dura√ß√£o de caixa-main.py: 781.70s
2025-11-11 07:45:49,749 [INFO] ------------------------------------------------------------
2025-11-11 07:45:49,753 [INFO] 
--- Iniciando execu√ß√£o: caixa-pandas.py ---
2025-11-11 07:45:53,302 [INFO] ‚úÖ caixa-pandas.py finalizado com sucesso.
2025-11-11 07:45:53,303 [INFO] ‚è±Ô∏è Dura√ß√£o de caixa-pandas.py: 3.55s
2025-11-11 07:45:53,303 [INFO] ------------------------------------------------------------
2025-11-11 07:45:53,304 [INFO] 
--- Iniciando execu√ß√£o: consolidado-pandas.py ---
2025-11-11 07:45:53,441 [INFO] ‚úÖ consolidado-pandas.py finalizado com sucesso.
2025-11-11 07:45:53,441 [INFO] ‚è±Ô∏è Dura√ß√£o de consolidado-pandas.py: 0.14s
2025-11-11 07:45:53,441 [INFO] ------------------------------------------------------------
2025-11-11 07:45:53,442 [INFO] üèÅ Execu√ß√£o conclu√≠da em 2769.23s
2025-11-11 07:45:53,442 [INFO] 
Resumo da execu√ß√£o:
2025-11-11 07:45:53,442 [INFO]  - itau-main.py: OK (1980.51s)
2025-11-11 07:45:53,442 [INFO]  - itau-pandas.py: OK (3.32s)
2025-11-11 07:45:53,443 [INFO]  - caixa-main.py: OK (781.70s)
2025-11-11 07:45:53,443 [INFO]  - caixa-pandas.py: OK (3.55s)
2025-11-11 07:45:53,443 [INFO]  - consolidado-pandas.py: OK (0.14s)
2025-11-11 07:45:53,443 [INFO] 
============================================================
üïí In√≠cio: Tue Nov 11 06:59:44 2025
üèÅ Fim: Tue Nov 11 07:45:53 2025
‚è±Ô∏è Dura√ß√£o total: 2769.23s
Status geral: SUCESSO TOTAL
Log salvo em: C:\Users\hudson.porto\OneDrive - Grupo Imerge\RPA\selenium-rpa\app\orchestrator.log
============================================================

2025-11-12 07:02:12,213 [INFO] üöÄ Iniciando execu√ß√£o completa do Orchestrator...
2025-11-12 07:02:12,213 [INFO] 
--- Iniciando execu√ß√£o: itau-main.py ---
2025-11-12 07:02:20,432 [ERROR] ‚ùå Erro ao executar itau-main.py: Message: Process unexpectedly closed with status 0

2025-11-12 07:02:20,432 [ERROR] Traceback (most recent call last):
  File "C:\Users\hudson.porto\OneDrive - Grupo Imerge\RPA\selenium-rpa\app\run_all.py", line 66, in run_script_rel
    ns = runpy.run_path(str(full), run_name="__main__")
         ^^^^^^^^^^^^^^^^^^^^^^^^^^^^^^^^^^^^^^^^^^^^^^
  File "<frozen runpy>", line 286, in run_path
  File "<frozen runpy>", line 98, in _run_module_code
  File "<frozen runpy>", line 88, in _run_code
  File "C:\Users\hudson.porto\OneDrive - Grupo Imerge\RPA\selenium-rpa\app\itau-main.py", line 68, in <module>
    driver = webdriver.Firefox(service=service, options=options)
             ^^^^^^^^^^^^^^^^^^^^^^^^^^^^^^^^^^^^^^^^^^^^^^^^^^^
  File "C:\Users\hudson.porto\OneDrive - Grupo Imerge\RPA\selenium-rpa\.venv\Lib\site-packages\selenium\webdriver\firefox\webdriver.py", line 72, in __init__
    super().__init__(command_executor=executor, options=options)
  File "C:\Users\hudson.porto\OneDrive - Grupo Imerge\RPA\selenium-rpa\.venv\Lib\site-packages\selenium\webdriver\remote\webdriver.py", line 263, in __init__
    self.start_session(capabilities)
  File "C:\Users\hudson.porto\OneDrive - Grupo Imerge\RPA\selenium-rpa\.venv\Lib\site-packages\selenium\webdriver\remote\webdriver.py", line 366, in start_session
    response = self.execute(Command.NEW_SESSION, caps)["value"]
               ^^^^^^^^^^^^^^^^^^^^^^^^^^^^^^^^^^^^^^^
  File "C:\Users\hudson.porto\OneDrive - Grupo Imerge\RPA\selenium-rpa\.venv\Lib\site-packages\selenium\webdriver\remote\webdriver.py", line 458, in execute
    self.error_handler.check_response(response)
  File "C:\Users\hudson.porto\OneDrive - Grupo Imerge\RPA\selenium-rpa\.venv\Lib\site-packages\selenium\webdriver\remote\errorhandler.py", line 232, in check_response
    raise exception_class(message, screen, stacktrace)
selenium.common.exceptions.WebDriverException: Message: Process unexpectedly closed with status 0


2025-11-12 07:02:20,432 [INFO] ‚è±Ô∏è Dura√ß√£o de itau-main.py: 8.22s
2025-11-12 07:02:20,432 [INFO] ------------------------------------------------------------
2025-11-12 07:02:20,439 [INFO] 
--- Iniciando execu√ß√£o: itau-pandas.py ---
2025-11-12 07:02:24,097 [INFO] ‚è±Ô∏è Dura√ß√£o de itau-pandas.py: 3.66s
2025-11-12 07:02:36,540 [INFO] üöÄ Iniciando execu√ß√£o completa do Orchestrator...
2025-11-12 07:02:36,540 [INFO] 
--- Iniciando execu√ß√£o: itau-main.py ---
2025-11-12 07:13:27,384 [INFO] ‚úÖ itau-main.py finalizado com sucesso.
2025-11-12 07:13:27,384 [INFO] ‚è±Ô∏è Dura√ß√£o de itau-main.py: 650.84s
2025-11-12 07:13:27,384 [INFO] ------------------------------------------------------------
2025-11-12 07:13:27,384 [INFO] 
--- Iniciando execu√ß√£o: itau-pandas.py ---
2025-11-12 07:13:30,508 [INFO] ‚úÖ itau-pandas.py finalizado com sucesso.
2025-11-12 07:13:30,508 [INFO] ‚è±Ô∏è Dura√ß√£o de itau-pandas.py: 3.12s
2025-11-12 07:13:30,509 [INFO] ------------------------------------------------------------
2025-11-12 07:13:30,511 [INFO] 
--- Iniciando execu√ß√£o: caixa-main.py ---
2025-11-12 07:26:22,785 [INFO] ‚úÖ caixa-main.py finalizado com sucesso.
2025-11-12 07:26:22,785 [INFO] ‚è±Ô∏è Dura√ß√£o de caixa-main.py: 772.27s
2025-11-12 07:26:22,785 [INFO] ------------------------------------------------------------
2025-11-12 07:26:22,785 [INFO] 
--- Iniciando execu√ß√£o: caixa-pandas.py ---
2025-11-12 07:26:24,024 [INFO] ‚úÖ caixa-pandas.py finalizado com sucesso.
2025-11-12 07:26:24,025 [INFO] ‚è±Ô∏è Dura√ß√£o de caixa-pandas.py: 1.24s
2025-11-12 07:26:24,025 [INFO] ------------------------------------------------------------
2025-11-12 07:26:24,026 [INFO] 
--- Iniciando execu√ß√£o: consolidado-pandas.py ---
2025-11-12 07:26:24,139 [INFO] ‚úÖ consolidado-pandas.py finalizado com sucesso.
2025-11-12 07:26:24,139 [INFO] ‚è±Ô∏è Dura√ß√£o de consolidado-pandas.py: 0.11s
2025-11-12 07:26:24,139 [INFO] ------------------------------------------------------------
2025-11-12 07:26:24,139 [INFO] üèÅ Execu√ß√£o conclu√≠da em 1427.60s
2025-11-12 07:26:24,139 [INFO] 
Resumo da execu√ß√£o:
2025-11-12 07:26:24,140 [INFO]  - itau-main.py: OK (650.84s)
2025-11-12 07:26:24,140 [INFO]  - itau-pandas.py: OK (3.12s)
2025-11-12 07:26:24,140 [INFO]  - caixa-main.py: OK (772.27s)
2025-11-12 07:26:24,140 [INFO]  - caixa-pandas.py: OK (1.24s)
2025-11-12 07:26:24,140 [INFO]  - consolidado-pandas.py: OK (0.11s)
2025-11-12 07:26:24,140 [INFO] 
============================================================
üïí In√≠cio: Wed Nov 12 07:02:36 2025
üèÅ Fim: Wed Nov 12 07:26:24 2025
‚è±Ô∏è Dura√ß√£o total: 1427.60s
Status geral: SUCESSO TOTAL
Log salvo em: C:\Users\hudson.porto\OneDrive - Grupo Imerge\RPA\selenium-rpa\app\orchestrator.log
============================================================

2025-11-13 07:00:26,910 [INFO] üöÄ Iniciando execu√ß√£o completa do Orchestrator...
2025-11-13 07:00:26,913 [INFO] 
--- Iniciando execu√ß√£o: itau-main.py ---
2025-11-13 07:01:00,389 [ERROR] ‚ùå Erro ao executar itau-main.py: Message: Browsing context has been discarded
Stacktrace:
RemoteError@chrome://remote/content/shared/RemoteError.sys.mjs:8:8
WebDriverError@chrome://remote/content/shared/webdriver/Errors.sys.mjs:202:5
NoSuchWindowError@chrome://remote/content/shared/webdriver/Errors.sys.mjs:782:5
assert.that/<@chrome://remote/content/shared/webdriver/Assert.sys.mjs:581:13
assert.open@chrome://remote/content/shared/webdriver/Assert.sys.mjs:169:4
GeckoDriver.prototype.findElement@chrome://remote/content/marionette/driver.sys.mjs:1821:15
dispatch@chrome://remote/content/marionette/server.sys.mjs:318:40
execute@chrome://remote/content/marionette/server.sys.mjs:289:16
onPacket/<@chrome://remote/content/marionette/server.sys.mjs:262:20
onPacket@chrome://remote/content/marionette/server.sys.mjs:263:9
_onJSONObjectReady/<@chrome://remote/content/marionette/transport.sys.mjs:494:20

2025-11-13 07:01:00,389 [ERROR] Traceback (most recent call last):
  File "C:\Users\hudson.porto\OneDrive - Grupo Imerge\RPA\selenium-rpa\app\run_all.py", line 66, in run_script_rel
    ns = runpy.run_path(str(full), run_name="__main__")
         ^^^^^^^^^^^^^^^^^^^^^^^^^^^^^^^^^^^^^^^^^^^^^^
  File "<frozen runpy>", line 286, in run_path
  File "<frozen runpy>", line 98, in _run_module_code
  File "<frozen runpy>", line 88, in _run_code
  File "C:\Users\hudson.porto\OneDrive - Grupo Imerge\RPA\selenium-rpa\app\itau-main.py", line 109, in <module>
    WebDriverWait(driver, 20).until(EC.presence_of_element_located((By.ID, "campoTeclado")))
  File "C:\Users\hudson.porto\OneDrive - Grupo Imerge\RPA\selenium-rpa\.venv\Lib\site-packages\selenium\webdriver\support\wait.py", line 129, in until
    value = method(self._driver)
            ^^^^^^^^^^^^^^^^^^^^
  File "C:\Users\hudson.porto\OneDrive - Grupo Imerge\RPA\selenium-rpa\.venv\Lib\site-packages\selenium\webdriver\support\expected_conditions.py", line 104, in _predicate
    return driver.find_element(*locator)
           ^^^^^^^^^^^^^^^^^^^^^^^^^^^^^
  File "C:\Users\hudson.porto\OneDrive - Grupo Imerge\RPA\selenium-rpa\.venv\Lib\site-packages\selenium\webdriver\remote\webdriver.py", line 926, in find_element
    return self.execute(Command.FIND_ELEMENT, {"using": by, "value": value})["value"]
           ^^^^^^^^^^^^^^^^^^^^^^^^^^^^^^^^^^^^^^^^^^^^^^^^^^^^^^^^^^^^^^^^^
  File "C:\Users\hudson.porto\OneDrive - Grupo Imerge\RPA\selenium-rpa\.venv\Lib\site-packages\selenium\webdriver\remote\webdriver.py", line 458, in execute
    self.error_handler.check_response(response)
  File "C:\Users\hudson.porto\OneDrive - Grupo Imerge\RPA\selenium-rpa\.venv\Lib\site-packages\selenium\webdriver\remote\errorhandler.py", line 232, in check_response
    raise exception_class(message, screen, stacktrace)
selenium.common.exceptions.NoSuchWindowException: Message: Browsing context has been discarded
Stacktrace:
RemoteError@chrome://remote/content/shared/RemoteError.sys.mjs:8:8
WebDriverError@chrome://remote/content/shared/webdriver/Errors.sys.mjs:202:5
NoSuchWindowError@chrome://remote/content/shared/webdriver/Errors.sys.mjs:782:5
assert.that/<@chrome://remote/content/shared/webdriver/Assert.sys.mjs:581:13
assert.open@chrome://remote/content/shared/webdriver/Assert.sys.mjs:169:4
GeckoDriver.prototype.findElement@chrome://remote/content/marionette/driver.sys.mjs:1821:15
dispatch@chrome://remote/content/marionette/server.sys.mjs:318:40
execute@chrome://remote/content/marionette/server.sys.mjs:289:16
onPacket/<@chrome://remote/content/marionette/server.sys.mjs:262:20
onPacket@chrome://remote/content/marionette/server.sys.mjs:263:9
_onJSONObjectReady/<@chrome://remote/content/marionette/transport.sys.mjs:494:20


2025-11-13 07:01:00,395 [INFO] ‚è±Ô∏è Dura√ß√£o de itau-main.py: 33.48s
2025-11-13 07:01:00,395 [INFO] ------------------------------------------------------------
2025-11-13 07:01:00,395 [INFO] 
--- Iniciando execu√ß√£o: itau-pandas.py ---
2025-11-13 07:01:14,065 [INFO] ‚è±Ô∏è Dura√ß√£o de itau-pandas.py: 13.67s
2025-11-13 07:05:17,727 [INFO] üöÄ Iniciando execu√ß√£o completa do Orchestrator...
2025-11-13 07:05:17,727 [INFO] 
--- Iniciando execu√ß√£o: itau-main.py ---
2025-11-13 08:03:13,872 [ERROR] ‚ùå Erro ao executar itau-main.py: Message: Element <button class="btn-novo-layout btnNovoImprimir voxel-button voxel-button--secondary"> is not clickable at point (997,361) because another element <div class="cdk-overlay-backdrop cdk-overlay-dark-backdrop cdk-overlay-backdrop-showing"> obscures it; For documentation on this error, please visit: https://www.selenium.dev/documentation/webdriver/troubleshooting/errors#elementclickinterceptedexception
Stacktrace:
RemoteError@chrome://remote/content/shared/RemoteError.sys.mjs:8:8
WebDriverError@chrome://remote/content/shared/webdriver/Errors.sys.mjs:202:5
ElementClickInterceptedError@chrome://remote/content/shared/webdriver/Errors.sys.mjs:354:5
webdriverClickElement@chrome://remote/content/marionette/interaction.sys.mjs:175:11
interaction.clickElement@chrome://remote/content/marionette/interaction.sys.mjs:134:11
clickElement@chrome://remote/content/marionette/actors/MarionetteCommandsChild.sys.mjs:327:29
receiveMessage@chrome://remote/content/marionette/actors/MarionetteCommandsChild.sys.mjs:210:31

2025-11-13 08:03:13,878 [ERROR] Traceback (most recent call last):
  File "C:\Users\hudson.porto\OneDrive - Grupo Imerge\RPA\selenium-rpa\app\run_all.py", line 66, in run_script_rel
    ns = runpy.run_path(str(full), run_name="__main__")
         ^^^^^^^^^^^^^^^^^^^^^^^^^^^^^^^^^^^^^^^^^^^^^^
  File "<frozen runpy>", line 286, in run_path
  File "<frozen runpy>", line 98, in _run_module_code
  File "<frozen runpy>", line 88, in _run_code
  File "C:\Users\hudson.porto\OneDrive - Grupo Imerge\RPA\selenium-rpa\app\itau-main.py", line 347, in <module>
    clicar_pdf_com_retorno(driver)
  File "C:\Users\hudson.porto\OneDrive - Grupo Imerge\RPA\selenium-rpa\app\itau-main.py", line 273, in clicar_pdf_com_retorno
    raise e
  File "C:\Users\hudson.porto\OneDrive - Grupo Imerge\RPA\selenium-rpa\app\itau-main.py", line 247, in clicar_pdf_com_retorno
    botao_extrato.click()
  File "C:\Users\hudson.porto\OneDrive - Grupo Imerge\RPA\selenium-rpa\.venv\Lib\site-packages\selenium\webdriver\remote\webelement.py", line 120, in click
    self._execute(Command.CLICK_ELEMENT)
  File "C:\Users\hudson.porto\OneDrive - Grupo Imerge\RPA\selenium-rpa\.venv\Lib\site-packages\selenium\webdriver\remote\webelement.py", line 573, in _execute
    return self._parent.execute(command, params)
           ^^^^^^^^^^^^^^^^^^^^^^^^^^^^^^^^^^^^^
  File "C:\Users\hudson.porto\OneDrive - Grupo Imerge\RPA\selenium-rpa\.venv\Lib\site-packages\selenium\webdriver\remote\webdriver.py", line 458, in execute
    self.error_handler.check_response(response)
  File "C:\Users\hudson.porto\OneDrive - Grupo Imerge\RPA\selenium-rpa\.venv\Lib\site-packages\selenium\webdriver\remote\errorhandler.py", line 232, in check_response
    raise exception_class(message, screen, stacktrace)
selenium.common.exceptions.ElementClickInterceptedException: Message: Element <button class="btn-novo-layout btnNovoImprimir voxel-button voxel-button--secondary"> is not clickable at point (997,361) because another element <div class="cdk-overlay-backdrop cdk-overlay-dark-backdrop cdk-overlay-backdrop-showing"> obscures it; For documentation on this error, please visit: https://www.selenium.dev/documentation/webdriver/troubleshooting/errors#elementclickinterceptedexception
Stacktrace:
RemoteError@chrome://remote/content/shared/RemoteError.sys.mjs:8:8
WebDriverError@chrome://remote/content/shared/webdriver/Errors.sys.mjs:202:5
ElementClickInterceptedError@chrome://remote/content/shared/webdriver/Errors.sys.mjs:354:5
webdriverClickElement@chrome://remote/content/marionette/interaction.sys.mjs:175:11
interaction.clickElement@chrome://remote/content/marionette/interaction.sys.mjs:134:11
clickElement@chrome://remote/content/marionette/actors/MarionetteCommandsChild.sys.mjs:327:29
receiveMessage@chrome://remote/content/marionette/actors/MarionetteCommandsChild.sys.mjs:210:31


2025-11-13 08:03:13,882 [INFO] ‚è±Ô∏è Dura√ß√£o de itau-main.py: 3476.16s
2025-11-13 08:03:13,890 [INFO] ------------------------------------------------------------
2025-11-13 08:03:13,893 [INFO] 
--- Iniciando execu√ß√£o: itau-pandas.py ---
2025-11-13 08:03:26,440 [INFO] ‚úÖ itau-pandas.py finalizado com sucesso.
2025-11-13 08:03:26,440 [INFO] ‚è±Ô∏è Dura√ß√£o de itau-pandas.py: 12.55s
2025-11-13 08:03:26,440 [INFO] ------------------------------------------------------------
2025-11-13 08:03:26,450 [INFO] 
--- Iniciando execu√ß√£o: caixa-main.py ---
2025-11-13 08:08:41,477 [INFO] ‚úÖ caixa-main.py finalizado com sucesso.
2025-11-13 08:08:41,477 [INFO] ‚è±Ô∏è Dura√ß√£o de caixa-main.py: 315.03s
2025-11-13 08:08:41,477 [INFO] ------------------------------------------------------------
2025-11-13 08:08:41,482 [INFO] 
--- Iniciando execu√ß√£o: caixa-pandas.py ---
2025-11-13 08:08:43,756 [INFO] ‚úÖ caixa-pandas.py finalizado com sucesso.
2025-11-13 08:08:43,762 [INFO] ‚è±Ô∏è Dura√ß√£o de caixa-pandas.py: 2.28s
2025-11-13 08:08:43,762 [INFO] ------------------------------------------------------------
2025-11-13 08:08:43,765 [INFO] 
--- Iniciando execu√ß√£o: consolidado-pandas.py ---
2025-11-13 08:08:44,611 [INFO] ‚úÖ consolidado-pandas.py finalizado com sucesso.
2025-11-13 08:08:44,611 [INFO] ‚è±Ô∏è Dura√ß√£o de consolidado-pandas.py: 0.85s
2025-11-13 08:08:44,611 [INFO] ------------------------------------------------------------
2025-11-13 08:08:44,615 [INFO] üèÅ Execu√ß√£o conclu√≠da em 3806.89s
2025-11-13 08:08:44,615 [INFO] 
Resumo da execu√ß√£o:
2025-11-13 08:08:44,615 [INFO]  - itau-main.py: ERRO (3476.16s)
2025-11-13 08:08:44,615 [INFO]  - itau-pandas.py: OK (12.55s)
2025-11-13 08:08:44,615 [INFO]  - caixa-main.py: OK (315.03s)
2025-11-13 08:08:44,620 [INFO]  - caixa-pandas.py: OK (2.28s)
2025-11-13 08:08:44,621 [INFO]  - consolidado-pandas.py: OK (0.85s)
2025-11-13 08:08:44,621 [INFO] 
============================================================
üïí In√≠cio: Thu Nov 13 07:05:17 2025
üèÅ Fim: Thu Nov 13 08:08:44 2025
‚è±Ô∏è Dura√ß√£o total: 3806.89s
Status geral: ERROS DETECTADOS
Log salvo em: C:\Users\hudson.porto\OneDrive - Grupo Imerge\RPA\selenium-rpa\app\orchestrator.log
============================================================

2025-11-14 06:59:10,026 [INFO] üöÄ Iniciando execu√ß√£o completa do Orchestrator...
2025-11-14 06:59:10,029 [INFO] 
--- Iniciando execu√ß√£o: itau-main.py ---
2025-11-14 07:42:59,421 [INFO] ‚úÖ itau-main.py finalizado com sucesso.
2025-11-14 07:42:59,430 [INFO] ‚è±Ô∏è Dura√ß√£o de itau-main.py: 2629.40s
2025-11-14 07:42:59,431 [INFO] ------------------------------------------------------------
2025-11-14 07:42:59,433 [INFO] 
--- Iniciando execu√ß√£o: itau-pandas.py ---
2025-11-14 07:43:04,331 [INFO] ‚úÖ itau-pandas.py finalizado com sucesso.
2025-11-14 07:43:04,332 [INFO] ‚è±Ô∏è Dura√ß√£o de itau-pandas.py: 4.90s
2025-11-14 07:43:04,333 [INFO] ------------------------------------------------------------
2025-11-14 07:43:04,334 [INFO] 
--- Iniciando execu√ß√£o: caixa-main.py ---
2025-11-14 07:56:45,267 [INFO] ‚úÖ caixa-main.py finalizado com sucesso.
2025-11-14 07:56:45,271 [INFO] ‚è±Ô∏è Dura√ß√£o de caixa-main.py: 820.94s
2025-11-14 07:56:45,273 [INFO] ------------------------------------------------------------
2025-11-14 07:56:45,276 [INFO] 
--- Iniciando execu√ß√£o: caixa-pandas.py ---
2025-11-14 07:56:46,687 [INFO] ‚úÖ caixa-pandas.py finalizado com sucesso.
2025-11-14 07:56:46,688 [INFO] ‚è±Ô∏è Dura√ß√£o de caixa-pandas.py: 1.41s
2025-11-14 07:56:46,689 [INFO] ------------------------------------------------------------
2025-11-14 07:56:46,689 [INFO] 
--- Iniciando execu√ß√£o: consolidado-pandas.py ---
2025-11-14 07:56:46,816 [INFO] ‚úÖ consolidado-pandas.py finalizado com sucesso.
2025-11-14 07:56:46,816 [INFO] ‚è±Ô∏è Dura√ß√£o de consolidado-pandas.py: 0.13s
2025-11-14 07:56:46,816 [INFO] ------------------------------------------------------------
2025-11-14 07:56:46,816 [INFO] üèÅ Execu√ß√£o conclu√≠da em 3456.79s
2025-11-14 07:56:46,817 [INFO] 
Resumo da execu√ß√£o:
2025-11-14 07:56:46,817 [INFO]  - itau-main.py: OK (2629.40s)
2025-11-14 07:56:46,817 [INFO]  - itau-pandas.py: OK (4.90s)
2025-11-14 07:56:46,817 [INFO]  - caixa-main.py: OK (820.94s)
2025-11-14 07:56:46,817 [INFO]  - caixa-pandas.py: OK (1.41s)
2025-11-14 07:56:46,817 [INFO]  - consolidado-pandas.py: OK (0.13s)
2025-11-14 07:56:46,818 [INFO] 
============================================================
üïí In√≠cio: Fri Nov 14 06:59:10 2025
üèÅ Fim: Fri Nov 14 07:56:46 2025
‚è±Ô∏è Dura√ß√£o total: 3456.79s
Status geral: SUCESSO TOTAL
Log salvo em: C:\Users\hudson.porto\OneDrive - Grupo Imerge\RPA\selenium-rpa\app\orchestrator.log
============================================================

2025-11-17 06:47:52,623 [INFO] üöÄ Iniciando execu√ß√£o completa do Orchestrator...
2025-11-17 06:47:52,623 [INFO] 
--- Iniciando execu√ß√£o: itau-main.py ---
2025-11-17 07:19:51,366 [INFO] ‚úÖ itau-main.py finalizado com sucesso.
2025-11-17 07:19:51,370 [INFO] ‚è±Ô∏è Dura√ß√£o de itau-main.py: 1918.75s
2025-11-17 07:19:51,370 [INFO] ------------------------------------------------------------
2025-11-17 07:19:51,371 [INFO] 
--- Iniciando execu√ß√£o: itau-pandas.py ---
2025-11-17 07:19:54,699 [INFO] ‚úÖ itau-pandas.py finalizado com sucesso.
2025-11-17 07:19:54,700 [INFO] ‚è±Ô∏è Dura√ß√£o de itau-pandas.py: 3.33s
2025-11-17 07:19:54,700 [INFO] ------------------------------------------------------------
2025-11-17 07:19:54,701 [INFO] 
--- Iniciando execu√ß√£o: caixa-main.py ---
2025-11-17 07:30:15,286 [ERROR] ‚ùå Erro ao executar caixa-main.py: Message: Element <button> is not clickable at point (123,260) because another element <div class="cdk-overlay-backdrop cdk-overlay-dark-backdrop cdk-overlay-backdrop-showing"> obscures it; For documentation on this error, please visit: https://www.selenium.dev/documentation/webdriver/troubleshooting/errors#elementclickinterceptedexception
Stacktrace:
RemoteError@chrome://remote/content/shared/RemoteError.sys.mjs:8:8
WebDriverError@chrome://remote/content/shared/webdriver/Errors.sys.mjs:202:5
ElementClickInterceptedError@chrome://remote/content/shared/webdriver/Errors.sys.mjs:354:5
webdriverClickElement@chrome://remote/content/marionette/interaction.sys.mjs:175:11
interaction.clickElement@chrome://remote/content/marionette/interaction.sys.mjs:134:11
clickElement@chrome://remote/content/marionette/actors/MarionetteCommandsChild.sys.mjs:327:29
receiveMessage@chrome://remote/content/marionette/actors/MarionetteCommandsChild.sys.mjs:210:31

2025-11-17 07:30:15,287 [ERROR] Traceback (most recent call last):
  File "C:\Users\hudson.porto\OneDrive - Grupo Imerge\RPA\selenium-rpa\app\run_all.py", line 66, in run_script_rel
    ns = runpy.run_path(str(full), run_name="__main__")
         ^^^^^^^^^^^^^^^^^^^^^^^^^^^^^^^^^^^^^^^^^^^^^^
  File "<frozen runpy>", line 286, in run_path
  File "<frozen runpy>", line 98, in _run_module_code
  File "<frozen runpy>", line 88, in _run_code
  File "C:\Users\hudson.porto\OneDrive - Grupo Imerge\RPA\selenium-rpa\app\caixa-main.py", line 192, in <module>
    saldo_extratos.click()
  File "C:\Users\hudson.porto\OneDrive - Grupo Imerge\RPA\selenium-rpa\.venv\Lib\site-packages\selenium\webdriver\remote\webelement.py", line 120, in click
    self._execute(Command.CLICK_ELEMENT)
  File "C:\Users\hudson.porto\OneDrive - Grupo Imerge\RPA\selenium-rpa\.venv\Lib\site-packages\selenium\webdriver\remote\webelement.py", line 573, in _execute
    return self._parent.execute(command, params)
           ^^^^^^^^^^^^^^^^^^^^^^^^^^^^^^^^^^^^^
  File "C:\Users\hudson.porto\OneDrive - Grupo Imerge\RPA\selenium-rpa\.venv\Lib\site-packages\selenium\webdriver\remote\webdriver.py", line 458, in execute
    self.error_handler.check_response(response)
  File "C:\Users\hudson.porto\OneDrive - Grupo Imerge\RPA\selenium-rpa\.venv\Lib\site-packages\selenium\webdriver\remote\errorhandler.py", line 232, in check_response
    raise exception_class(message, screen, stacktrace)
selenium.common.exceptions.ElementClickInterceptedException: Message: Element <button> is not clickable at point (123,260) because another element <div class="cdk-overlay-backdrop cdk-overlay-dark-backdrop cdk-overlay-backdrop-showing"> obscures it; For documentation on this error, please visit: https://www.selenium.dev/documentation/webdriver/troubleshooting/errors#elementclickinterceptedexception
Stacktrace:
RemoteError@chrome://remote/content/shared/RemoteError.sys.mjs:8:8
WebDriverError@chrome://remote/content/shared/webdriver/Errors.sys.mjs:202:5
ElementClickInterceptedError@chrome://remote/content/shared/webdriver/Errors.sys.mjs:354:5
webdriverClickElement@chrome://remote/content/marionette/interaction.sys.mjs:175:11
interaction.clickElement@chrome://remote/content/marionette/interaction.sys.mjs:134:11
clickElement@chrome://remote/content/marionette/actors/MarionetteCommandsChild.sys.mjs:327:29
receiveMessage@chrome://remote/content/marionette/actors/MarionetteCommandsChild.sys.mjs:210:31


2025-11-17 07:30:15,287 [INFO] ‚è±Ô∏è Dura√ß√£o de caixa-main.py: 620.59s
2025-11-17 07:30:15,287 [INFO] ------------------------------------------------------------
2025-11-17 07:30:15,288 [INFO] 
--- Iniciando execu√ß√£o: caixa-pandas.py ---
2025-11-17 07:30:18,236 [INFO] ‚úÖ caixa-pandas.py finalizado com sucesso.
2025-11-17 07:30:18,236 [INFO] ‚è±Ô∏è Dura√ß√£o de caixa-pandas.py: 2.95s
2025-11-17 07:30:18,237 [INFO] ------------------------------------------------------------
2025-11-17 07:30:18,237 [INFO] 
--- Iniciando execu√ß√£o: consolidado-pandas.py ---
2025-11-17 07:30:18,341 [INFO] ‚úÖ consolidado-pandas.py finalizado com sucesso.
2025-11-17 07:30:18,342 [INFO] ‚è±Ô∏è Dura√ß√£o de consolidado-pandas.py: 0.10s
2025-11-17 07:30:18,342 [INFO] ------------------------------------------------------------
2025-11-17 07:30:18,342 [INFO] üèÅ Execu√ß√£o conclu√≠da em 2545.72s
2025-11-17 07:30:18,342 [INFO] 
Resumo da execu√ß√£o:
2025-11-17 07:30:18,342 [INFO]  - itau-main.py: OK (1918.75s)
2025-11-17 07:30:18,342 [INFO]  - itau-pandas.py: OK (3.33s)
2025-11-17 07:30:18,342 [INFO]  - caixa-main.py: ERRO (620.59s)
2025-11-17 07:30:18,342 [INFO]  - caixa-pandas.py: OK (2.95s)
2025-11-17 07:30:18,342 [INFO]  - consolidado-pandas.py: OK (0.10s)
2025-11-17 07:30:18,342 [INFO] 
============================================================
üïí In√≠cio: Mon Nov 17 06:47:52 2025
üèÅ Fim: Mon Nov 17 07:30:18 2025
‚è±Ô∏è Dura√ß√£o total: 2545.72s
Status geral: ERROS DETECTADOS
Log salvo em: C:\Users\hudson.porto\OneDrive - Grupo Imerge\RPA\selenium-rpa\app\orchestrator.log
============================================================

2025-11-18 06:54:27,349 [INFO] üöÄ Iniciando execu√ß√£o completa do Orchestrator...
2025-11-18 06:54:27,349 [INFO] 
--- Iniciando execu√ß√£o: itau-main.py ---
2025-11-18 07:23:04,925 [INFO] ‚úÖ itau-main.py finalizado com sucesso.
2025-11-18 07:23:04,925 [INFO] ‚è±Ô∏è Dura√ß√£o de itau-main.py: 1717.58s
2025-11-18 07:23:04,925 [INFO] ------------------------------------------------------------
2025-11-18 07:23:04,925 [INFO] 
--- Iniciando execu√ß√£o: itau-pandas.py ---
2025-11-18 07:23:07,798 [INFO] ‚úÖ itau-pandas.py finalizado com sucesso.
2025-11-18 07:23:07,798 [INFO] ‚è±Ô∏è Dura√ß√£o de itau-pandas.py: 2.87s
2025-11-18 07:23:07,798 [INFO] ------------------------------------------------------------
2025-11-18 07:23:07,799 [INFO] 
--- Iniciando execu√ß√£o: caixa-main.py ---
2025-11-18 07:23:55,088 [ERROR] ‚ùå Erro ao executar caixa-main.py: Message: 
Stacktrace:
RemoteError@chrome://remote/content/shared/RemoteError.sys.mjs:8:8
WebDriverError@chrome://remote/content/shared/webdriver/Errors.sys.mjs:202:5
NoSuchElementError@chrome://remote/content/shared/webdriver/Errors.sys.mjs:555:5
dom.find/</<@chrome://remote/content/shared/DOM.sys.mjs:136:16

2025-11-18 07:23:55,088 [ERROR] Traceback (most recent call last):
  File "C:\Users\hudson.porto\OneDrive - Grupo Imerge\RPA\selenium-rpa\app\run_all.py", line 66, in run_script_rel
    ns = runpy.run_path(str(full), run_name="__main__")
         ^^^^^^^^^^^^^^^^^^^^^^^^^^^^^^^^^^^^^^^^^^^^^^
  File "<frozen runpy>", line 286, in run_path
  File "<frozen runpy>", line 98, in _run_module_code
  File "<frozen runpy>", line 88, in _run_code
  File "C:\Users\hudson.porto\OneDrive - Grupo Imerge\RPA\selenium-rpa\app\caixa-main.py", line 158, in <module>
    lista = wait.until(EC.presence_of_element_located((By.ID, "listaContas")))
            ^^^^^^^^^^^^^^^^^^^^^^^^^^^^^^^^^^^^^^^^^^^^^^^^^^^^^^^^^^^^^^^^^^
  File "C:\Users\hudson.porto\OneDrive - Grupo Imerge\RPA\selenium-rpa\.venv\Lib\site-packages\selenium\webdriver\support\wait.py", line 138, in until
    raise TimeoutException(message, screen, stacktrace)
selenium.common.exceptions.TimeoutException: Message: 
Stacktrace:
RemoteError@chrome://remote/content/shared/RemoteError.sys.mjs:8:8
WebDriverError@chrome://remote/content/shared/webdriver/Errors.sys.mjs:202:5
NoSuchElementError@chrome://remote/content/shared/webdriver/Errors.sys.mjs:555:5
dom.find/</<@chrome://remote/content/shared/DOM.sys.mjs:136:16


2025-11-18 07:23:55,088 [INFO] ‚è±Ô∏è Dura√ß√£o de caixa-main.py: 47.29s
2025-11-18 07:23:55,088 [INFO] ------------------------------------------------------------
2025-11-18 07:23:55,088 [INFO] 
--- Iniciando execu√ß√£o: caixa-pandas.py ---
2025-11-18 07:23:55,145 [ERROR] ‚ùå Erro ao executar caixa-pandas.py: No objects to concatenate
2025-11-18 07:23:55,145 [ERROR] Traceback (most recent call last):
  File "C:\Users\hudson.porto\OneDrive - Grupo Imerge\RPA\selenium-rpa\app\run_all.py", line 66, in run_script_rel
    ns = runpy.run_path(str(full), run_name="__main__")
         ^^^^^^^^^^^^^^^^^^^^^^^^^^^^^^^^^^^^^^^^^^^^^^
  File "<frozen runpy>", line 286, in run_path
  File "<frozen runpy>", line 98, in _run_module_code
  File "<frozen runpy>", line 88, in _run_code
  File "C:\Users\hudson.porto\OneDrive - Grupo Imerge\RPA\selenium-rpa\app\caixa-pandas.py", line 125, in <module>
    df_consolidado = pd.concat(dfs, ignore_index=True)
                     ^^^^^^^^^^^^^^^^^^^^^^^^^^^^^^^^^
  File "C:\Users\hudson.porto\OneDrive - Grupo Imerge\RPA\selenium-rpa\.venv\Lib\site-packages\pandas\core\reshape\concat.py", line 382, in concat
    op = _Concatenator(
         ^^^^^^^^^^^^^^
  File "C:\Users\hudson.porto\OneDrive - Grupo Imerge\RPA\selenium-rpa\.venv\Lib\site-packages\pandas\core\reshape\concat.py", line 445, in __init__
    objs, keys = self._clean_keys_and_objs(objs, keys)
                 ^^^^^^^^^^^^^^^^^^^^^^^^^^^^^^^^^^^^^
  File "C:\Users\hudson.porto\OneDrive - Grupo Imerge\RPA\selenium-rpa\.venv\Lib\site-packages\pandas\core\reshape\concat.py", line 507, in _clean_keys_and_objs
    raise ValueError("No objects to concatenate")
ValueError: No objects to concatenate

2025-11-18 07:23:55,145 [INFO] ‚è±Ô∏è Dura√ß√£o de caixa-pandas.py: 0.06s
2025-11-18 07:23:55,145 [INFO] ------------------------------------------------------------
2025-11-18 07:23:55,146 [INFO] 
--- Iniciando execu√ß√£o: consolidado-pandas.py ---
2025-11-18 07:23:57,238 [INFO] ‚úÖ consolidado-pandas.py finalizado com sucesso.
2025-11-18 07:23:57,238 [INFO] ‚è±Ô∏è Dura√ß√£o de consolidado-pandas.py: 2.09s
2025-11-18 07:23:57,238 [INFO] ------------------------------------------------------------
2025-11-18 07:23:57,238 [INFO] üèÅ Execu√ß√£o conclu√≠da em 1769.89s
2025-11-18 07:23:57,238 [INFO] 
Resumo da execu√ß√£o:
2025-11-18 07:23:57,238 [INFO]  - itau-main.py: OK (1717.58s)
2025-11-18 07:23:57,238 [INFO]  - itau-pandas.py: OK (2.87s)
2025-11-18 07:23:57,238 [INFO]  - caixa-main.py: ERRO (47.29s)
2025-11-18 07:23:57,238 [INFO]  - caixa-pandas.py: ERRO (0.06s)
2025-11-18 07:23:57,238 [INFO]  - consolidado-pandas.py: OK (2.09s)
2025-11-18 07:23:57,238 [INFO] 
============================================================
üïí In√≠cio: Tue Nov 18 06:54:27 2025
üèÅ Fim: Tue Nov 18 07:23:57 2025
‚è±Ô∏è Dura√ß√£o total: 1769.89s
Status geral: ERROS DETECTADOS
Log salvo em: C:\Users\hudson.porto\OneDrive - Grupo Imerge\RPA\selenium-rpa\app\orchestrator.log
============================================================

2025-11-19 06:53:46,877 [INFO] üöÄ Iniciando execu√ß√£o completa do Orchestrator...
2025-11-19 06:53:46,877 [INFO] 
--- Iniciando execu√ß√£o: itau-main.py ---
2025-11-19 07:12:06,387 [ERROR] ‚ùå Erro ao executar itau-main.py: Message: Elemento 'Bot√£o Extrato' n√£o apareceu a tempo.

2025-11-19 07:12:06,387 [ERROR] Traceback (most recent call last):
  File "C:\Users\hudson.porto\OneDrive - Grupo Imerge\RPA\selenium-rpa\app\run_all.py", line 66, in run_script_rel
    ns = runpy.run_path(str(full), run_name="__main__")
         ^^^^^^^^^^^^^^^^^^^^^^^^^^^^^^^^^^^^^^^^^^^^^^
  File "<frozen runpy>", line 286, in run_path
  File "<frozen runpy>", line 98, in _run_module_code
  File "<frozen runpy>", line 88, in _run_code
  File "C:\Users\hudson.porto\OneDrive - Grupo Imerge\RPA\selenium-rpa\app\itau-main.py", line 345, in <module>
    clicar_com_retry(driver, By.ID, "btnExtrato", "Bot√£o Extrato")
  File "C:\Users\hudson.porto\OneDrive - Grupo Imerge\RPA\selenium-rpa\app\itau-main.py", line 172, in clicar_com_retry
    raise TimeoutException(f"Elemento '{descricao}' n√£o apareceu a tempo.")
selenium.common.exceptions.TimeoutException: Message: Elemento 'Bot√£o Extrato' n√£o apareceu a tempo.


2025-11-19 07:12:06,387 [INFO] ‚è±Ô∏è Dura√ß√£o de itau-main.py: 1099.51s
2025-11-19 07:12:06,387 [INFO] ------------------------------------------------------------
2025-11-19 07:12:06,387 [INFO] 
--- Iniciando execu√ß√£o: itau-pandas.py ---
2025-11-19 07:12:12,077 [INFO] ‚úÖ itau-pandas.py finalizado com sucesso.
2025-11-19 07:12:12,078 [INFO] ‚è±Ô∏è Dura√ß√£o de itau-pandas.py: 5.69s
2025-11-19 07:12:12,078 [INFO] ------------------------------------------------------------
2025-11-19 07:12:12,079 [INFO] 
--- Iniciando execu√ß√£o: caixa-main.py ---
2025-11-19 07:12:18,999 [INFO] ‚è±Ô∏è Dura√ß√£o de caixa-main.py: 6.92s
2025-11-19 07:12:22,208 [INFO] üöÄ Iniciando execu√ß√£o completa do Orchestrator...
2025-11-19 07:12:22,209 [INFO] 
--- Iniciando execu√ß√£o: itau-main.py ---
2025-11-19 07:58:53,145 [ERROR] ‚ùå Erro ao executar itau-main.py: Message: 
Stacktrace:
RemoteError@chrome://remote/content/shared/RemoteError.sys.mjs:8:8
WebDriverError@chrome://remote/content/shared/webdriver/Errors.sys.mjs:202:5
NoSuchElementError@chrome://remote/content/shared/webdriver/Errors.sys.mjs:555:5
dom.find/</<@chrome://remote/content/shared/DOM.sys.mjs:136:16

2025-11-19 07:58:53,147 [ERROR] Traceback (most recent call last):
  File "C:\Users\hudson.porto\OneDrive - Grupo Imerge\RPA\selenium-rpa\app\run_all.py", line 66, in run_script_rel
    ns = runpy.run_path(str(full), run_name="__main__")
         ^^^^^^^^^^^^^^^^^^^^^^^^^^^^^^^^^^^^^^^^^^^^^^
  File "<frozen runpy>", line 286, in run_path
  File "<frozen runpy>", line 98, in _run_module_code
  File "<frozen runpy>", line 88, in _run_code
  File "C:\Users\hudson.porto\OneDrive - Grupo Imerge\RPA\selenium-rpa\app\itau-main.py", line 347, in <module>
    clicar_pdf_com_retorno(driver)
  File "C:\Users\hudson.porto\OneDrive - Grupo Imerge\RPA\selenium-rpa\app\itau-main.py", line 273, in clicar_pdf_com_retorno
    raise e
  File "C:\Users\hudson.porto\OneDrive - Grupo Imerge\RPA\selenium-rpa\app\itau-main.py", line 244, in clicar_pdf_com_retorno
    botao_extrato = WebDriverWait(driver, 10).until(
                    ^^^^^^^^^^^^^^^^^^^^^^^^^^^^^^^^
  File "C:\Users\hudson.porto\OneDrive - Grupo Imerge\RPA\selenium-rpa\.venv\Lib\site-packages\selenium\webdriver\support\wait.py", line 138, in until
    raise TimeoutException(message, screen, stacktrace)
selenium.common.exceptions.TimeoutException: Message: 
Stacktrace:
RemoteError@chrome://remote/content/shared/RemoteError.sys.mjs:8:8
WebDriverError@chrome://remote/content/shared/webdriver/Errors.sys.mjs:202:5
NoSuchElementError@chrome://remote/content/shared/webdriver/Errors.sys.mjs:555:5
dom.find/</<@chrome://remote/content/shared/DOM.sys.mjs:136:16


2025-11-19 07:58:53,147 [INFO] ‚è±Ô∏è Dura√ß√£o de itau-main.py: 2790.94s
2025-11-19 07:58:53,148 [INFO] ------------------------------------------------------------
2025-11-19 07:58:53,150 [INFO] 
--- Iniciando execu√ß√£o: itau-pandas.py ---
2025-11-19 07:58:57,114 [INFO] ‚úÖ itau-pandas.py finalizado com sucesso.
2025-11-19 07:58:57,114 [INFO] ‚è±Ô∏è Dura√ß√£o de itau-pandas.py: 3.96s
2025-11-19 07:58:57,116 [INFO] ------------------------------------------------------------
2025-11-19 07:58:57,117 [INFO] 
--- Iniciando execu√ß√£o: caixa-main.py ---
2025-11-19 08:01:44,144 [ERROR] ‚ùå Erro ao executar caixa-main.py: Message: Element <a class="link ng-tns-c371-81 ng-star-inserted" href="/empresa/dashboard/extrato/historico-enriquecido"> is not clickable at point (106,308) because another element <button> obscures it; For documentation on this error, please visit: https://www.selenium.dev/documentation/webdriver/troubleshooting/errors#elementclickinterceptedexception
Stacktrace:
RemoteError@chrome://remote/content/shared/RemoteError.sys.mjs:8:8
WebDriverError@chrome://remote/content/shared/webdriver/Errors.sys.mjs:202:5
ElementClickInterceptedError@chrome://remote/content/shared/webdriver/Errors.sys.mjs:354:5
webdriverClickElement@chrome://remote/content/marionette/interaction.sys.mjs:175:11
interaction.clickElement@chrome://remote/content/marionette/interaction.sys.mjs:134:11
clickElement@chrome://remote/content/marionette/actors/MarionetteCommandsChild.sys.mjs:327:29
receiveMessage@chrome://remote/content/marionette/actors/MarionetteCommandsChild.sys.mjs:210:31

2025-11-19 08:01:44,144 [ERROR] Traceback (most recent call last):
  File "C:\Users\hudson.porto\OneDrive - Grupo Imerge\RPA\selenium-rpa\app\run_all.py", line 66, in run_script_rel
    ns = runpy.run_path(str(full), run_name="__main__")
         ^^^^^^^^^^^^^^^^^^^^^^^^^^^^^^^^^^^^^^^^^^^^^^
  File "<frozen runpy>", line 286, in run_path
  File "<frozen runpy>", line 98, in _run_module_code
  File "<frozen runpy>", line 88, in _run_code
  File "C:\Users\hudson.porto\OneDrive - Grupo Imerge\RPA\selenium-rpa\app\caixa-main.py", line 200, in <module>
    extrato_caixa.click()
  File "C:\Users\hudson.porto\OneDrive - Grupo Imerge\RPA\selenium-rpa\.venv\Lib\site-packages\selenium\webdriver\remote\webelement.py", line 120, in click
    self._execute(Command.CLICK_ELEMENT)
  File "C:\Users\hudson.porto\OneDrive - Grupo Imerge\RPA\selenium-rpa\.venv\Lib\site-packages\selenium\webdriver\remote\webelement.py", line 573, in _execute
    return self._parent.execute(command, params)
           ^^^^^^^^^^^^^^^^^^^^^^^^^^^^^^^^^^^^^
  File "C:\Users\hudson.porto\OneDrive - Grupo Imerge\RPA\selenium-rpa\.venv\Lib\site-packages\selenium\webdriver\remote\webdriver.py", line 458, in execute
    self.error_handler.check_response(response)
  File "C:\Users\hudson.porto\OneDrive - Grupo Imerge\RPA\selenium-rpa\.venv\Lib\site-packages\selenium\webdriver\remote\errorhandler.py", line 232, in check_response
    raise exception_class(message, screen, stacktrace)
selenium.common.exceptions.ElementClickInterceptedException: Message: Element <a class="link ng-tns-c371-81 ng-star-inserted" href="/empresa/dashboard/extrato/historico-enriquecido"> is not clickable at point (106,308) because another element <button> obscures it; For documentation on this error, please visit: https://www.selenium.dev/documentation/webdriver/troubleshooting/errors#elementclickinterceptedexception
Stacktrace:
RemoteError@chrome://remote/content/shared/RemoteError.sys.mjs:8:8
WebDriverError@chrome://remote/content/shared/webdriver/Errors.sys.mjs:202:5
ElementClickInterceptedError@chrome://remote/content/shared/webdriver/Errors.sys.mjs:354:5
webdriverClickElement@chrome://remote/content/marionette/interaction.sys.mjs:175:11
interaction.clickElement@chrome://remote/content/marionette/interaction.sys.mjs:134:11
clickElement@chrome://remote/content/marionette/actors/MarionetteCommandsChild.sys.mjs:327:29
receiveMessage@chrome://remote/content/marionette/actors/MarionetteCommandsChild.sys.mjs:210:31


2025-11-19 08:01:44,145 [INFO] ‚è±Ô∏è Dura√ß√£o de caixa-main.py: 167.03s
2025-11-19 08:01:44,146 [INFO] ------------------------------------------------------------
2025-11-19 08:01:44,146 [INFO] 
--- Iniciando execu√ß√£o: caixa-pandas.py ---
2025-11-19 08:01:46,535 [INFO] ‚úÖ caixa-pandas.py finalizado com sucesso.
2025-11-19 08:01:46,535 [INFO] ‚è±Ô∏è Dura√ß√£o de caixa-pandas.py: 2.39s
2025-11-19 08:01:46,535 [INFO] ------------------------------------------------------------
2025-11-19 08:01:46,536 [INFO] 
--- Iniciando execu√ß√£o: consolidado-pandas.py ---
2025-11-19 08:01:46,677 [INFO] ‚úÖ consolidado-pandas.py finalizado com sucesso.
2025-11-19 08:01:46,677 [INFO] ‚è±Ô∏è Dura√ß√£o de consolidado-pandas.py: 0.14s
2025-11-19 08:01:46,678 [INFO] ------------------------------------------------------------
2025-11-19 08:01:46,678 [INFO] üèÅ Execu√ß√£o conclu√≠da em 2964.47s
2025-11-19 08:01:46,678 [INFO] 
Resumo da execu√ß√£o:
2025-11-19 08:01:46,678 [INFO]  - itau-main.py: ERRO (2790.94s)
2025-11-19 08:01:46,679 [INFO]  - itau-pandas.py: OK (3.96s)
2025-11-19 08:01:46,679 [INFO]  - caixa-main.py: ERRO (167.03s)
2025-11-19 08:01:46,679 [INFO]  - caixa-pandas.py: OK (2.39s)
2025-11-19 08:01:46,679 [INFO]  - consolidado-pandas.py: OK (0.14s)
2025-11-19 08:01:46,679 [INFO] 
============================================================
üïí In√≠cio: Wed Nov 19 07:12:22 2025
üèÅ Fim: Wed Nov 19 08:01:46 2025
‚è±Ô∏è Dura√ß√£o total: 2964.47s
Status geral: ERROS DETECTADOS
Log salvo em: C:\Users\hudson.porto\OneDrive - Grupo Imerge\RPA\selenium-rpa\app\orchestrator.log
============================================================

